<?xml version="1.0" encoding="UTF-8"?>
<robot generator="Robot 4.1.2 (Python 3.10.0 on win32)" generated="20211112 03:57:36.992" rpa="false" schemaversion="2">
<suite id="s1" name="Tests" source="D:\PROJETOS_GITHUB\python\CursoRobotApi\tests">
<suite id="s1-s1" name="TestCasesAPIBooks" source="D:\PROJETOS_GITHUB\python\CursoRobotApi\tests\TestCasesAPIBooks.robot">
<kw name="Conectar a minha API" library="ResourceAPI" type="SETUP">
<kw name="Create Session" library="RequestsLibrary">
<arg>fakeAPI</arg>
<arg>${URL_API}</arg>
<doc>Create Session: create a HTTP session to a server</doc>
<msg timestamp="20211112 03:57:37.089" level="INFO">Creating Session using : alias=fakeAPI, url=https://fakerestapi.azurewebsites.net/api/v1, headers={},                     cookies={}, auth=None, timeout=None, proxies=None, verify=False,                     debug=0 </msg>
<status status="PASS" starttime="20211112 03:57:37.089" endtime="20211112 03:57:37.089"/>
</kw>
<kw name="Create Dictionary" library="BuiltIn">
<var>${HEADERS}</var>
<arg>content-type=application/json</arg>
<doc>Creates and returns a dictionary based on the given ``items``.</doc>
<msg timestamp="20211112 03:57:37.090" level="INFO">${HEADERS} = {'content-type': 'application/json'}</msg>
<status status="PASS" starttime="20211112 03:57:37.090" endtime="20211112 03:57:37.090"/>
</kw>
<kw name="Set Suite Variable" library="BuiltIn">
<arg>${HEADERS}</arg>
<doc>Makes a variable available everywhere within the scope of the current suite.</doc>
<msg timestamp="20211112 03:57:37.090" level="INFO">${HEADERS} = {'content-type': 'application/json'}</msg>
<status status="PASS" starttime="20211112 03:57:37.090" endtime="20211112 03:57:37.090"/>
</kw>
<status status="PASS" starttime="20211112 03:57:37.089" endtime="20211112 03:57:37.090"/>
</kw>
<test id="s1-s1-t1" name="Buscar a listagem de todos os livros (GET em todos os livros)">
<kw name="Requisitar todos os livros" library="ResourceAPI">
<kw name="GET On Session" library="RequestsLibrary">
<var>${RESPOSTA}</var>
<arg>fakeAPI</arg>
<arg>/Books</arg>
<doc>Sends a GET request on a previously created HTTP Session.</doc>
<msg timestamp="20211112 03:57:41.286" level="INFO">GET Request : url=https://fakerestapi.azurewebsites.net/api/v1/Books 
 path_url=/api/v1/Books 
 headers={'User-Agent': 'python-requests/2.26.0', 'Accept-Encoding': 'gzip, deflate', 'Accept': '*/*', 'Connection': 'keep-alive'} 
 body=None 
 </msg>
<msg timestamp="20211112 03:57:41.286" level="INFO">GET Response : url=https://fakerestapi.azurewebsites.net/api/v1/Books 
 status=200, reason=OK 
 headers={'Transfer-Encoding': 'chunked', 'Content-Type': 'application/json; charset=utf-8; v=1.0', 'Server': 'Kestrel', 'api-supported-versions': '1.0', 'Date': 'Fri, 12 Nov 2021 06:58:27 GMT'} 
 body=[{"id":1,"title":"Book 1","description":"Ea elit voluptua takimata elitr amet at ipsum quis lorem ipsum eos. Invidunt odio sed sadipscing invidunt aliquip gubergren consequat. Dolor magna in sea diam ut. Dolore nulla et ut consequat at dolor tation consectetuer nonumy ut volutpat sed sit lorem dolor placerat diam. Rebum in erat takimata labore sanctus sit dolore sed consetetur ea. Est amet vero magna aliquyam te sanctus et kasd vulputate duo at veniam. Duis sadipscing wisi ipsum sea amet ea blandit amet ex nisl. Tempor eros velit elitr iusto. Labore et aliquyam magna et justo facilisi sadipscing. Duo kasd voluptua velit et diam justo takimata. Lorem feugiat praesent soluta delenit clita lorem elitr clita. Iusto magna qui justo nulla eirmod elitr hendrerit dolor duo. Rebum sed et et adipiscing et justo vero magna suscipit justo qui rebum consetetur voluptua stet. At euismod at takimata sea stet voluptua liber labore sadipscing sit. Aliquyam soluta dolor nonumy erat duo sed duo et ea. Laoreet minim feugiat. Esse amet est ut esse. Sadipscing dolore sanctus sadipscing et facilisi sed clita diam molestie dolore eos voluptua dolor takimata.\n","pageCount":100,"excerpt":"Nisl autem qui enim nonumy tempor elit odio. Gubergren tempor commodo gubergren erat ut at sanctus tempor sit duis aliquyam no tation stet sanctus voluptua. Clita lorem hendrerit nulla stet ipsum feugiat et stet ut. Eu no takimata diam sadipscing ea vel. Ea sanctus ipsum ad ipsum rebum nonumy justo duo quod labore vero sea. At aliquam eos ut.\nRebum clita no est facer erat laoreet elitr aliquyam diam vel. At sed accumsan iriure rebum dolore facer ea eos congue erat diam sed elit. Nibh magna nisl labore erat vel diam delenit. Ipsum exerci voluptua lorem gubergren luptatum labore feugiat sea tincidunt eum aliquyam erat lorem nulla vero. Nulla possim ut dolore dolore tempor gubergren dolor sadipscing diam ut sanctus stet quod et vel erat amet. In elitr ut voluptua delenit dolor duo eos duis in ex kasd. Vero nam est consectetuer. No et justo dolores soluta volutpat velit lorem dolore consetetur aliquyam elitr zzril euismod. Eirmod dolore vero elitr stet.\nDolor ipsum amet diam kasd et diam ipsum voluptua possim erat justo gubergren sed dolor. Facilisi takimata molestie ea lorem vero eum at voluptua et dolor. Gubergren eu stet laoreet nulla erat. Ut est clita sanctus magna elitr vero molestie no odio. Dolor ipsum tempor et ut ut gubergren diam stet eos sed. Ea possim rebum ut lorem. In amet consetetur feugiat sed cum ut. Sit lorem eos elitr est labore aliquip nihil assum tempor dignissim nisl magna augue clita nisl.\nNonumy invidunt rebum illum vero vero ut no wisi nam ipsum ut takimata aliquip in sanctus duo clita. Et duo consetetur labore vel dolor voluptua ipsum ut adipiscing clita eirmod sed feugiat at ea elit et ut. Amet lobortis sit labore ipsum autem et commodo tempor clita elitr aliquyam illum velit consetetur dolor. Consequat imperdiet dolore dolor te odio. Ullamcorper erat kasd nonumy illum invidunt takimata vero et lorem dolores dolore sanctus gubergren.\nDuo consequat kasd eos hendrerit et diam vero aliquam sed consequat clita lobortis vel sed eos et. Diam nihil duo sadipscing dolores dolores lorem duo stet delenit erat in elitr duo qui est wisi justo. Lorem takimata facer magna odio invidunt nisl duo amet molestie. Diam duis ipsum facilisi labore et diam at dolore sadipscing dolor. Lorem accumsan sanctus sit invidunt dolore clita amet accusam sed diam. Sed est dolores augue hendrerit consectetuer dolore sea amet delenit amet. Takimata duo ut amet. Sed nonumy possim dolor est consectetuer dolor ea aliquyam ad. Commodo lorem sit tempor esse amet aliquip duis. Sit et ipsum amet consetetur accusam ut et sit nulla tempor ipsum et nisl augue. Clita sanctus justo aliquip at. Et ea labore et clita justo. Duo sanctus dolores vero velit ipsum voluptua elitr nonumy. Amet kasd justo rebum nulla. Sit clita ut sed ut velit duis feugiat elitr ea illum sadipscing et diam justo. Est diam et ipsum et vero eros amet aliquam gubergren sed aliquam dignissim. Vero lorem nulla dignissim kasd sanctus vero suscipit ea zzril consetetur lorem dolore sadipscing et dolore.\n","publishDate":"2021-11-11T06:58:27.5694656+00:00"},{"id":2,"title":"Book 2","description":"Duo in sanctus aliquyam aliquyam duis sadipscing diam tincidunt ut kasd sea autem consetetur diam lorem diam illum. Illum consetetur rebum ad blandit at justo elitr et hendrerit labore sea facer dolor eos luptatum. Et amet justo. Hendrerit aliquyam sit sed vel takimata eirmod amet nulla et ut no sit doming eos est no. Est clita lorem at ut vel hendrerit. Nisl iusto kasd ipsum sed enim clita est ipsum accumsan consectetuer diam. Duo rebum mazim lobortis id zzril dolor in elitr adipiscing kasd et et accusam takimata kasd rebum accusam. Labore sanctus duo consequat sea. Nonumy tempor dolor sed est praesent lorem ipsum vel invidunt. Duis sanctus suscipit. Sanctus amet ea tempor amet erat amet. Voluptua consetetur ut lobortis lorem in justo blandit et labore erat accusam at lorem duo et. Takimata vel nisl accusam no amet sea dolore sea kasd kasd ipsum facilisis sea ex sadipscing rebum eros. Rebum rebum nonumy eum sed dolor duis duis diam. Dolores sit sed amet justo quod kasd kasd lorem stet amet illum vero hendrerit. Sea minim nisl diam eum dolor stet erat accusam eos est molestie nonumy vero ex consetetur. Aliquyam sed elitr nostrud et sea gubergren consequat nonumy et. Vel lorem stet diam duis et. Et no esse lorem sanctus ipsum eos sanctus et.\n","pageCount":200,"excerpt":"Et invidunt justo sit. Ipsum sit consectetuer ipsum at eos quod exerci nulla ea lorem. Commodo in rebum sed placerat eos autem aliquyam accusam consequat lorem. Amet sed ut. Nonummy illum veniam no no aliquyam tation consetetur kasd vero gubergren ipsum dignissim eos in facer ipsum. Diam erat amet ea magna rebum dignissim nulla tempor eirmod sed duis ipsum amet.\nUt eos ut at facer iusto duo accusam stet erat augue consectetuer sadipscing. Vero amet diam erat tempor takimata et vero blandit commodo eirmod et exerci ut. Amet accumsan amet amet. Magna dolores sanctus et sit vel clita erat accusam dolor duo ut ea takimata. Elitr nisl hendrerit consequat erat justo elitr nonumy nobis diam accusam kasd augue duo rebum.\nAt ipsum hendrerit takimata diam justo at et amet sit invidunt consequat et ipsum. Tempor sed kasd kasd dolores autem magna eirmod magna nihil lorem no delenit dolore et gubergren. Dolor dolores eu stet vel sanctus ipsum ipsum rebum diam ut dolor duo iusto justo invidunt lorem. Diam sea dolor tempor tempor gubergren rebum kasd diam vero et rebum iriure. Sea dolore ex dolores iriure no eos et eu suscipit lorem odio dolor. Stet vero ipsum tempor zzril duo aliquyam ipsum accusam gubergren adipiscing ea dolore. Eum diam rebum sit kasd odio iriure invidunt duo ipsum ad diam ipsum labore sadipscing sed labore ipsum. Ad rebum cum esse et et dolore et lorem voluptua dolor tempor eos kasd sit dolor sadipscing autem ipsum. Gubergren et diam sanctus sit rebum dolore dolore amet in sed at. Est blandit takimata consetetur qui dolores soluta invidunt. Diam gubergren sadipscing sed accusam aliquyam dolor eros sit praesent dolore consetetur. Eirmod tempor nihil vulputate ut hendrerit lorem eos kasd. Aliquam et sit sadipscing sadipscing ipsum eos at. Molestie eirmod amet dolores diam vulputate eum iriure stet et in. Tempor justo enim aliquyam et enim dolore justo voluptua sanctus ipsum quis autem. Voluptua eirmod tempor at dolor sed. Erat sanctus dolore eirmod et et sit vero magna vel justo dolor labore sadipscing blandit ipsum sit eos. Laoreet sadipscing feugait dolore.\nPossim eos tation est et iusto takimata eleifend stet amet ut labore tincidunt sit autem dolore sit nibh. Sed sit eos zzril sadipscing ut. Ipsum stet magna ea iusto feugait nulla dolores lorem elitr. Duo sed stet sit sit dolor magna dolor ut ex eos ipsum id sit.\nStet no dolores tempor duo justo lorem magna clita aliquyam sanctus elitr takimata. Exerci qui nisl takimata sed labore sea nobis amet et duo sed lorem sanctus. Gubergren voluptua duo. Rebum nonummy takimata et elit diam ipsum sadipscing quis et. Delenit nonumy amet no sed dolore. Dolor lorem eros molestie eu consequat kasd no tempor. Elitr facer ipsum lorem vulputate labore dolor quis lobortis lorem et et erat erat kasd enim et eros sed. Sed rebum nulla. At amet dolor id ut nulla accusam vulputate feugiat sed. Et duis blandit sed est labore magna ullamcorper et suscipit ut sea sed sanctus clita no cum lorem erat. Sea rebum lorem. Tempor tempor labore stet. Minim et lorem amet clita amet. Accusam ea tincidunt nulla gubergren nulla eum eirmod justo sadipscing lorem nonumy et lorem diam gubergren dolores lorem vulputate. No nonumy sed duo dolores. Dolore diam facilisis consequat in volutpat. Iriure eirmod est vero adipiscing et labore esse duo accumsan diam eirmod amet diam kasd stet takimata duo sit. Hendrerit no dolore sea tation rebum no feugiat takimata dolore nisl aliquip duis sed tincidunt. Et esse vel erat est.\n","publishDate":"2021-11-10T06:58:27.5695741+00:00"},{"id":3,"title":"Book 3","description":"Et ipsum aliquyam accusam kasd duis vero qui sed sea lorem facer volutpat sanctus veniam invidunt lorem. Lorem vel sanctus duo consetetur gubergren duo erat sit aliquyam diam sit laoreet amet invidunt dolores et kasd sed. Erat dolore et kasd vero consetetur ipsum nisl takimata lorem soluta lorem ea dolores dolor. Justo magna ipsum ipsum tempor commodo. Consetetur erat ea invidunt amet diam qui vero. No kasd delenit accusam lorem vel sadipscing dolores rebum sit et. Doming elitr invidunt aliquip commodo illum ipsum lorem elitr vero sanctus dolore et et enim vero at. Dolor stet magna. Diam lorem ipsum feugiat tincidunt consetetur stet consequat feugait sed vero ipsum et et sed dolores qui sanctus. Tempor sit ex est magna tempor diam voluptua ut gubergren. Sed lorem lorem duis dolor consequat aliquip eu takimata tempor am... (set the log level to DEBUG or TRACE to see the full content) 
 </msg>
<msg timestamp="20211112 03:57:41.287" level="INFO">D:\Arquivos de Programas\Python3\lib\site-packages\urllib3\connectionpool.py:1013: InsecureRequestWarning: Unverified HTTPS request is being made to host 'fakerestapi.azurewebsites.net'. Adding certificate verification is strongly advised. See: https://urllib3.readthedocs.io/en/1.26.x/advanced-usage.html#ssl-warnings
  warnings.warn(</msg>
<msg timestamp="20211112 03:57:41.287" level="INFO">${RESPOSTA} = &lt;Response [200]&gt;</msg>
<status status="PASS" starttime="20211112 03:57:37.091" endtime="20211112 03:57:41.287"/>
</kw>
<kw name="Log" library="BuiltIn">
<arg>${RESPOSTA.text}</arg>
<doc>Logs the given message with the given level.</doc>
<msg timestamp="20211112 03:57:41.290" level="INFO">[{"id":1,"title":"Book 1","description":"Ea elit voluptua takimata elitr amet at ipsum quis lorem ipsum eos. Invidunt odio sed sadipscing invidunt aliquip gubergren consequat. Dolor magna in sea diam ut. Dolore nulla et ut consequat at dolor tation consectetuer nonumy ut volutpat sed sit lorem dolor placerat diam. Rebum in erat takimata labore sanctus sit dolore sed consetetur ea. Est amet vero magna aliquyam te sanctus et kasd vulputate duo at veniam. Duis sadipscing wisi ipsum sea amet ea blandit amet ex nisl. Tempor eros velit elitr iusto. Labore et aliquyam magna et justo facilisi sadipscing. Duo kasd voluptua velit et diam justo takimata. Lorem feugiat praesent soluta delenit clita lorem elitr clita. Iusto magna qui justo nulla eirmod elitr hendrerit dolor duo. Rebum sed et et adipiscing et justo vero magna suscipit justo qui rebum consetetur voluptua stet. At euismod at takimata sea stet voluptua liber labore sadipscing sit. Aliquyam soluta dolor nonumy erat duo sed duo et ea. Laoreet minim feugiat. Esse amet est ut esse. Sadipscing dolore sanctus sadipscing et facilisi sed clita diam molestie dolore eos voluptua dolor takimata.\n","pageCount":100,"excerpt":"Nisl autem qui enim nonumy tempor elit odio. Gubergren tempor commodo gubergren erat ut at sanctus tempor sit duis aliquyam no tation stet sanctus voluptua. Clita lorem hendrerit nulla stet ipsum feugiat et stet ut. Eu no takimata diam sadipscing ea vel. Ea sanctus ipsum ad ipsum rebum nonumy justo duo quod labore vero sea. At aliquam eos ut.\nRebum clita no est facer erat laoreet elitr aliquyam diam vel. At sed accumsan iriure rebum dolore facer ea eos congue erat diam sed elit. Nibh magna nisl labore erat vel diam delenit. Ipsum exerci voluptua lorem gubergren luptatum labore feugiat sea tincidunt eum aliquyam erat lorem nulla vero. Nulla possim ut dolore dolore tempor gubergren dolor sadipscing diam ut sanctus stet quod et vel erat amet. In elitr ut voluptua delenit dolor duo eos duis in ex kasd. Vero nam est consectetuer. No et justo dolores soluta volutpat velit lorem dolore consetetur aliquyam elitr zzril euismod. Eirmod dolore vero elitr stet.\nDolor ipsum amet diam kasd et diam ipsum voluptua possim erat justo gubergren sed dolor. Facilisi takimata molestie ea lorem vero eum at voluptua et dolor. Gubergren eu stet laoreet nulla erat. Ut est clita sanctus magna elitr vero molestie no odio. Dolor ipsum tempor et ut ut gubergren diam stet eos sed. Ea possim rebum ut lorem. In amet consetetur feugiat sed cum ut. Sit lorem eos elitr est labore aliquip nihil assum tempor dignissim nisl magna augue clita nisl.\nNonumy invidunt rebum illum vero vero ut no wisi nam ipsum ut takimata aliquip in sanctus duo clita. Et duo consetetur labore vel dolor voluptua ipsum ut adipiscing clita eirmod sed feugiat at ea elit et ut. Amet lobortis sit labore ipsum autem et commodo tempor clita elitr aliquyam illum velit consetetur dolor. Consequat imperdiet dolore dolor te odio. Ullamcorper erat kasd nonumy illum invidunt takimata vero et lorem dolores dolore sanctus gubergren.\nDuo consequat kasd eos hendrerit et diam vero aliquam sed consequat clita lobortis vel sed eos et. Diam nihil duo sadipscing dolores dolores lorem duo stet delenit erat in elitr duo qui est wisi justo. Lorem takimata facer magna odio invidunt nisl duo amet molestie. Diam duis ipsum facilisi labore et diam at dolore sadipscing dolor. Lorem accumsan sanctus sit invidunt dolore clita amet accusam sed diam. Sed est dolores augue hendrerit consectetuer dolore sea amet delenit amet. Takimata duo ut amet. Sed nonumy possim dolor est consectetuer dolor ea aliquyam ad. Commodo lorem sit tempor esse amet aliquip duis. Sit et ipsum amet consetetur accusam ut et sit nulla tempor ipsum et nisl augue. Clita sanctus justo aliquip at. Et ea labore et clita justo. Duo sanctus dolores vero velit ipsum voluptua elitr nonumy. Amet kasd justo rebum nulla. Sit clita ut sed ut velit duis feugiat elitr ea illum sadipscing et diam justo. Est diam et ipsum et vero eros amet aliquam gubergren sed aliquam dignissim. Vero lorem nulla dignissim kasd sanctus vero suscipit ea zzril consetetur lorem dolore sadipscing et dolore.\n","publishDate":"2021-11-11T06:58:27.5694656+00:00"},{"id":2,"title":"Book 2","description":"Duo in sanctus aliquyam aliquyam duis sadipscing diam tincidunt ut kasd sea autem consetetur diam lorem diam illum. Illum consetetur rebum ad blandit at justo elitr et hendrerit labore sea facer dolor eos luptatum. Et amet justo. Hendrerit aliquyam sit sed vel takimata eirmod amet nulla et ut no sit doming eos est no. Est clita lorem at ut vel hendrerit. Nisl iusto kasd ipsum sed enim clita est ipsum accumsan consectetuer diam. Duo rebum mazim lobortis id zzril dolor in elitr adipiscing kasd et et accusam takimata kasd rebum accusam. Labore sanctus duo consequat sea. Nonumy tempor dolor sed est praesent lorem ipsum vel invidunt. Duis sanctus suscipit. Sanctus amet ea tempor amet erat amet. Voluptua consetetur ut lobortis lorem in justo blandit et labore erat accusam at lorem duo et. Takimata vel nisl accusam no amet sea dolore sea kasd kasd ipsum facilisis sea ex sadipscing rebum eros. Rebum rebum nonumy eum sed dolor duis duis diam. Dolores sit sed amet justo quod kasd kasd lorem stet amet illum vero hendrerit. Sea minim nisl diam eum dolor stet erat accusam eos est molestie nonumy vero ex consetetur. Aliquyam sed elitr nostrud et sea gubergren consequat nonumy et. Vel lorem stet diam duis et. Et no esse lorem sanctus ipsum eos sanctus et.\n","pageCount":200,"excerpt":"Et invidunt justo sit. Ipsum sit consectetuer ipsum at eos quod exerci nulla ea lorem. Commodo in rebum sed placerat eos autem aliquyam accusam consequat lorem. Amet sed ut. Nonummy illum veniam no no aliquyam tation consetetur kasd vero gubergren ipsum dignissim eos in facer ipsum. Diam erat amet ea magna rebum dignissim nulla tempor eirmod sed duis ipsum amet.\nUt eos ut at facer iusto duo accusam stet erat augue consectetuer sadipscing. Vero amet diam erat tempor takimata et vero blandit commodo eirmod et exerci ut. Amet accumsan amet amet. Magna dolores sanctus et sit vel clita erat accusam dolor duo ut ea takimata. Elitr nisl hendrerit consequat erat justo elitr nonumy nobis diam accusam kasd augue duo rebum.\nAt ipsum hendrerit takimata diam justo at et amet sit invidunt consequat et ipsum. Tempor sed kasd kasd dolores autem magna eirmod magna nihil lorem no delenit dolore et gubergren. Dolor dolores eu stet vel sanctus ipsum ipsum rebum diam ut dolor duo iusto justo invidunt lorem. Diam sea dolor tempor tempor gubergren rebum kasd diam vero et rebum iriure. Sea dolore ex dolores iriure no eos et eu suscipit lorem odio dolor. Stet vero ipsum tempor zzril duo aliquyam ipsum accusam gubergren adipiscing ea dolore. Eum diam rebum sit kasd odio iriure invidunt duo ipsum ad diam ipsum labore sadipscing sed labore ipsum. Ad rebum cum esse et et dolore et lorem voluptua dolor tempor eos kasd sit dolor sadipscing autem ipsum. Gubergren et diam sanctus sit rebum dolore dolore amet in sed at. Est blandit takimata consetetur qui dolores soluta invidunt. Diam gubergren sadipscing sed accusam aliquyam dolor eros sit praesent dolore consetetur. Eirmod tempor nihil vulputate ut hendrerit lorem eos kasd. Aliquam et sit sadipscing sadipscing ipsum eos at. Molestie eirmod amet dolores diam vulputate eum iriure stet et in. Tempor justo enim aliquyam et enim dolore justo voluptua sanctus ipsum quis autem. Voluptua eirmod tempor at dolor sed. Erat sanctus dolore eirmod et et sit vero magna vel justo dolor labore sadipscing blandit ipsum sit eos. Laoreet sadipscing feugait dolore.\nPossim eos tation est et iusto takimata eleifend stet amet ut labore tincidunt sit autem dolore sit nibh. Sed sit eos zzril sadipscing ut. Ipsum stet magna ea iusto feugait nulla dolores lorem elitr. Duo sed stet sit sit dolor magna dolor ut ex eos ipsum id sit.\nStet no dolores tempor duo justo lorem magna clita aliquyam sanctus elitr takimata. Exerci qui nisl takimata sed labore sea nobis amet et duo sed lorem sanctus. Gubergren voluptua duo. Rebum nonummy takimata et elit diam ipsum sadipscing quis et. Delenit nonumy amet no sed dolore. Dolor lorem eros molestie eu consequat kasd no tempor. Elitr facer ipsum lorem vulputate labore dolor quis lobortis lorem et et erat erat kasd enim et eros sed. Sed rebum nulla. At amet dolor id ut nulla accusam vulputate feugiat sed. Et duis blandit sed est labore magna ullamcorper et suscipit ut sea sed sanctus clita no cum lorem erat. Sea rebum lorem. Tempor tempor labore stet. Minim et lorem amet clita amet. Accusam ea tincidunt nulla gubergren nulla eum eirmod justo sadipscing lorem nonumy et lorem diam gubergren dolores lorem vulputate. No nonumy sed duo dolores. Dolore diam facilisis consequat in volutpat. Iriure eirmod est vero adipiscing et labore esse duo accumsan diam eirmod amet diam kasd stet takimata duo sit. Hendrerit no dolore sea tation rebum no feugiat takimata dolore nisl aliquip duis sed tincidunt. Et esse vel erat est.\n","publishDate":"2021-11-10T06:58:27.5695741+00:00"},{"id":3,"title":"Book 3","description":"Et ipsum aliquyam accusam kasd duis vero qui sed sea lorem facer volutpat sanctus veniam invidunt lorem. Lorem vel sanctus duo consetetur gubergren duo erat sit aliquyam diam sit laoreet amet invidunt dolores et kasd sed. Erat dolore et kasd vero consetetur ipsum nisl takimata lorem soluta lorem ea dolores dolor. Justo magna ipsum ipsum tempor commodo. Consetetur erat ea invidunt amet diam qui vero. No kasd delenit accusam lorem vel sadipscing dolores rebum sit et. Doming elitr invidunt aliquip commodo illum ipsum lorem elitr vero sanctus dolore et et enim vero at. Dolor stet magna. Diam lorem ipsum feugiat tincidunt consetetur stet consequat feugait sed vero ipsum et et sed dolores qui sanctus. Tempor sit ex est magna tempor diam voluptua ut gubergren. Sed lorem lorem duis dolor consequat aliquip eu takimata tempor amet ullamcorper ea dolore in. Est stet et sed dolor autem zzril. Invidunt est et voluptua consetetur eum volutpat invidunt at nonumy stet accusam eirmod accusam lorem. Elit dolor lorem illum aliquyam vulputate lorem. Vero sanctus eos rebum dolor qui dolores sit justo lorem. Sit esse aliquyam eirmod et diam rebum nulla.\n","pageCount":300,"excerpt":"Eos diam gubergren consetetur suscipit at id imperdiet aliquyam sanctus dolor nobis dolor ipsum nonumy nonumy. Illum sanctus kasd clita dolore labore sit placerat sea in ea. Ea vero amet labore justo labore doming tincidunt ipsum. Sanctus at est elitr ipsum augue stet sed. Ipsum in labore nulla vero sadipscing no placerat amet tempor sit erat tempor sed sea sit. Sit duo takimata. Rebum eirmod luptatum lorem diam et at nulla invidunt eleifend sed justo sed dolores ipsum nulla stet. Sed sed sanctus sit eirmod sit et et. Sit takimata et nostrud amet nobis. Dignissim sea duo nibh imperdiet eos dolor dolore no tempor feugait no feugiat ad kasd ipsum molestie magna tempor.\nSed amet consequat ea. Elitr vel et accusam eirmod et duo vero et. Ad tempor sadipscing.\nNonumy eros et nostrud exerci quod et invidunt lorem imperdiet ea. Soluta dolor eros dolor velit vero. Zzril tempor et. Ad nibh diam mazim et et no et est. Nostrud et invidunt stet sed diam erat at no clita sadipscing iriure magna duo diam. Vero diam clita duo diam magna aliquyam eos. Et consequat sit sit dolor stet iriure gubergren quis consetetur possim sed amet sit et sit dolore. Tempor erat vero amet et. Minim amet dolore lorem tempor et nonumy duis no kasd takimata. Erat eos clita erat commodo dolore lorem sed ullamcorper commodo dolore zzril aliquyam est eum. Voluptua at diam iusto sit nisl nam justo magna sed et assum autem sadipscing. Nonumy est quis duo. Lorem qui aliquyam sadipscing dolor justo gubergren. Ut enim vero consequat consetetur magna dignissim ipsum labore justo no quod invidunt sadipscing vulputate facilisi tincidunt ut iriure. Lorem et doming labore tempor amet vulputate takimata dolor ut amet kasd. Mazim adipiscing dolore dolores accusam consetetur et dolor sadipscing nonumy qui. Sadipscing lorem augue sit elitr et diam voluptua augue autem. Eos no ipsum lorem gubergren stet dolor amet et eos amet sadipscing tempor sanctus in et sea. Et amet labore sed erat amet zzril sadipscing.\nDolore gubergren labore aliquyam dolor tempor sed laoreet mazim erat at. Dolor sanctus sit vero sadipscing suscipit lorem kasd sit quis et invidunt in sit sit magna nulla et et. Laoreet ea nihil gubergren dolor et vel iusto aliquyam ea ipsum sed. Consetetur vero diam et facer ut gubergren tation facilisis aliquam kasd kasd elit ut facilisis nulla.\nEos amet no tincidunt ut vero vero no diam accumsan diam ea tempor stet accusam ut duis diam. Nonumy sed duo accumsan no sea veniam ipsum et delenit sit justo lorem ut dignissim at et elitr eirmod. Justo sit nonummy eum.\n","publishDate":"2021-11-09T06:58:27.5696345+00:00"},{"id":4,"title":"Book 4","description":"Et vel dolor vulputate augue doming. Possim est est est est. Eu clita sed sed sit consetetur lorem amet sed sit eirmod eirmod dolor elitr voluptua wisi nonumy erat. Eos ut consetetur voluptua ipsum in sit justo et. Magna zzril et kasd sadipscing nisl nonumy sed no. Molestie quis sea ipsum et dolor sit justo eirmod voluptua. Ea dolor sit dolore rebum. Invidunt et et amet sea tincidunt lorem delenit vel sit diam vel ut eirmod. Aliquyam sadipscing ut feugait takimata placerat eros amet nulla dolore dolore justo et. Sanctus assum erat erat dolores. Sea dolore diam consetetur diam sanctus. Enim sed vero ipsum soluta nonumy wisi invidunt et et eos sea ea nonummy et suscipit rebum. Ut dolore ipsum elit augue lorem takimata justo.\n","pageCount":400,"excerpt":"Ipsum accusam sed tempor aliquam dolor no consectetuer wisi duis nihil molestie. Aliquyam justo et est accusam magna consetetur ea ipsum tempor dolores eirmod sed et eirmod veniam. Sit labore facer amet ea stet et molestie nam magna blandit accumsan nonumy ut ea sit. Duo sed et. Dolore lorem vero. Eu amet eos ad erat diam. Accusam vel et rebum consetetur consetetur. Gubergren magna tempor amet nonumy ullamcorper sed. Elitr ipsum tempor. Tation magna nonumy dolore at justo ut clita volutpat ut sit et sed est stet cum enim. Illum takimata amet eos et gubergren vulputate dolor te. Vel ut invidunt accusam sed sadipscing molestie diam dolore sanctus eos amet dolor. No et commodo kasd sanctus. Clita eum dolores sadipscing dolor. At molestie qui sanctus at elitr suscipit labore sit dolor et dolore no labore commodo.\nTempor sit velit eu eirmod rebum tempor erat eum. Elitr magna sea invidunt sadipscing lorem amet ut lorem accusam dolor tempor. Est rebum at sea hendrerit duo sanctus accusam ut diam et magna sit. Ut ipsum magna ea magna dolore sit magna feugiat ut. Diam sadipscing gubergren amet commodo nobis.\nDolore ipsum et minim sanctus sed rebum consequat consetetur eros elit eirmod et. Vero ea eleifend. Et iusto lorem duo tincidunt ad labore sadipscing amet. Diam labore molestie sea nonumy ea ea gubergren ex aliquam veniam tempor amet ea ipsum nonumy dolor justo.\nDuo at volutpat sit sed gubergren doming stet sed volutpat eu adipiscing voluptua est lorem est lorem eos. Sed dolore ea kasd sed tempor est accusam exerci illum dolores delenit rebum. In sanctus justo lorem sed ipsum aliquyam eirmod ipsum kasd. Diam et kasd adipiscing gubergren nihil justo erat hendrerit suscipit kasd lorem et esse sea accusam diam. Duis dolore ipsum duo ea ex ipsum ut dolor stet vero blandit ipsum stet volutpat tation eirmod est consetetur. Ipsum eirmod et vel nulla kasd sed ipsum ipsum amet et. Dolore dolores et.\nVulputate dolores facilisis amet vero imperdiet est est accusam ut praesent aliquip et ea lorem diam. Nonumy no iriure dolore eros lorem duo amet dolore. Magna sit sadipscing ut eirmod. Nulla et aliquam et eos in. Elit feugiat tempor vero ea et duis duo erat sit at. Et consetetur magna aliquyam sit diam lorem iriure te ut sea diam ad sed sed ipsum. Lorem diam ut et ipsum ea dolor eirmod sit. Autem est aliquip dolor aliquyam justo hendrerit et.\n","publishDate":"2021-11-08T06:58:27.5696829+00:00"},{"id":5,"title":"Book 5","description":"Diam kasd nam est amet ea sea et no gubergren. Euismod rebum sit delenit eos et amet dolores sed diam. Sit vero nonumy. Sadipscing volutpat clita no at sea sanctus stet no eirmod diam voluptua dolore et sea et. Dolore ut eos sed luptatum nonumy vero laoreet clita eirmod takimata duo amet sed vel wisi stet facilisi est. Sit ut erat et dolore suscipit. Blandit kasd autem ut accusam clita clita.\n","pageCount":500,"excerpt":"Et aliquyam veniam. Ut liber dolor accusam eos ipsum duo duis takimata vulputate. Id consequat labore sanctus amet nonumy erat erat erat ipsum assum clita lorem ipsum invidunt. Et minim iriure zzril et sit eos labore magna lobortis at eirmod suscipit ipsum rebum. Lorem erat takimata ut. Ut dolores sit aliquyam sit kasd.\nConsetetur ea consectetuer. Minim tempor ut eirmod voluptua invidunt commodo stet sit dolor in rebum sit. Ut labore at sea ipsum consetetur dolor vel augue amet elitr qui et stet dolore diam eirmod. Takimata et elitr magna sed iriure nonumy sadipscing gubergren accusam. Et accumsan clita augue amet et. At invidunt amet mazim dolor et takimata. Sed vero lorem adipiscing vero diam no ut at at stet dolore nam dolore stet diam duo zzril. Vero possim et takimata stet vero sanctus clita. Dolore ea et gubergren at esse dignissim lorem nonumy gubergren dolor diam delenit nonumy consetetur lorem ad sed clita. Vero dolores vero erat mazim dolore aliquam justo duo luptatum veniam sit vel. Tempor quis feugait tempor dignissim et dolor sea invidunt ut enim consectetuer diam amet diam invidunt velit nonumy iriure. Facilisis ea laoreet tempor invidunt at eirmod amet est laoreet. Zzril voluptua facilisi dolor ipsum amet no tempor clita. Ipsum veniam amet erat kasd diam justo eros dolore clita dolore nam magna sanctus facer labore lobortis. Aliquyam augue sit laoreet sit dolore ipsum takimata et feugiat sea takimata no ipsum sit sadipscing amet. In laoreet sed dolor. Elitr nonumy gubergren invidunt gubergren.\nKasd qui sanctus erat dolor autem et at eros consetetur tempor lorem ipsum molestie. Voluptua molestie erat est accusam kasd. Sadipscing magna no consetetur te est duo no justo. Amet ullamcorper et eos illum aliquyam est ea te et diam ut dolore accusam et amet tation rebum. Eos lorem eos duo sadipscing nibh at et. Nonumy erat nostrud invidunt et labore sea vero dolore eum et euismod vero dolore aliquyam est gubergren doming praesent. Kasd feugiat wisi tempor ut et nonumy in sed iriure. Sed diam dolor delenit vel et at doming. Ad invidunt volutpat kasd et lorem amet dolor consetetur rebum dolore aliquyam sea feugiat elitr at eirmod. Luptatum est kasd invidunt invidunt et aliquyam dolor commodo est sanctus consequat sanctus. Sit justo consetetur accusam kasd ex ipsum magna et. Commodo sed erat adipiscing justo. Kasd invidunt consequat eros no lorem eirmod sanctus tempor amet magna at. Delenit amet euismod no dolore aliquyam sea lorem. Ad quis at. Dolore diam esse no tempor no imperdiet labore consetetur justo sit stet nibh sed erat et. Sit esse eos.\nAutem justo justo feugiat dignissim clita voluptua nonumy aliquyam. Vel erat dolores ipsum tincidunt imperdiet. Vel ipsum vel lorem at euismod augue magna volutpat diam molestie tempor dolore sed consequat clita est nostrud. Accusam nibh id. Sea et duis magna diam vel sanctus eirmod sea est.\nVoluptua ut amet et at eos takimata labore ut diam dolor eos sed rebum dolor clita lorem. Diam takimata sed stet feugiat et at commodo dolor diam. Sed vel eleifend adipiscing lorem dolore diam eirmod in sadipscing et molestie veniam. Duo justo nulla dolore stet clita amet sed lorem. Gubergren sit sit takimata duo erat iriure erat magna ullamcorper takimata quis qui tation at ipsum. Vero dolore vero eos ut congue ipsum gubergren rebum dolores clita nonumy. Sadipscing lorem lorem. Dolore nulla molestie lorem accusam lorem et aliquyam sanctus sit mazim et justo. Sed gubergren aliquam. Dolor sed voluptua sea ut rebum et esse clita molestie ipsum ea luptatum sed at labore. Sit sit est dolore erat sed. Sed duis accumsan nonumy sadipscing sit et aliquyam sanctus amet luptatum voluptua feugait amet voluptua et tempor.\n","publishDate":"2021-11-07T06:58:27.5697466+00:00"},{"id":6,"title":"Book 6","description":"Eu ea sed lorem dolores consequat sit nonumy kasd takimata. Diam et duo consequat elit justo exerci tempor consetetur. Ex justo aliquam eu ullamcorper amet in ex sed dolor dolores ipsum. Clita erat tempor nulla justo te in. Eos et euismod no eum voluptua no et sed clita nibh nonumy ipsum amet doming. Dolore tation dolor euismod nisl liber velit ex nisl diam nisl invidunt in gubergren ut praesent. Diam sed dolor consetetur eos rebum facilisi adipiscing nibh et hendrerit sanctus magna laoreet elit ipsum ut sanctus. Stet invidunt vel consequat labore sed labore justo qui. Clita dolore exerci sed tempor voluptua et delenit sadipscing delenit vel ipsum sed voluptua molestie et amet et. Diam soluta vero lorem nam assum lorem feugait ut autem et. Duis tempor duis erat dolor diam feugiat sadipscing ea facilisi possim. Elitr lorem dolor amet suscipit rebum lorem labore nonummy lorem vero possim. Iriure sanctus sea stet dolores magna sit nulla erat ut praesent ipsum nulla ut in vel. Odio lorem stet consectetuer sed nam dolor eos. Diam delenit ad nonumy. Erat eos erat sed iusto et vulputate commodo. Hendrerit et rebum ea velit dolor dolore erat nulla ut ipsum erat sed nibh. Duo volutpat clita ipsum ut in et gubergren. Diam takimata sed dolor consetetur illum luptatum elitr sed amet mazim congue ea.\n","pageCount":600,"excerpt":"Et qui dolor est amet diam esse diam wisi in facilisi diam ut sea. Eirmod justo vero suscipit quod amet sanctus invidunt ut feugait amet takimata accusam aliquyam et voluptua ipsum at. Facer minim facer ea dolor amet est et te tincidunt eirmod diam nonumy gubergren consetetur sanctus eos at euismod. Sed et enim stet imperdiet et et ad exerci adipiscing ut et lorem nisl tempor et gubergren est. At esse magna magna elit dolor et clita ullamcorper diam. Sed illum vero diam aliquyam et ipsum tincidunt lorem amet duis gubergren sed. Sea elit erat dolor aliquyam duis nonumy justo sed amet feugiat diam nonumy eirmod et magna eirmod. Consectetuer et ipsum vel te laoreet nibh et duo accumsan velit dolor vel sed sit. Laoreet dolore invidunt in facilisis et ipsum gubergren est sit dolores qui dolore gubergren eros sanctus eos sed et.\nAmet eirmod laoreet et sit rebum amet et tation sanctus sit ut sanctus dolore blandit consetetur eu. Qui sit elitr elitr et sanctus takimata dolor facilisi. Et erat ipsum vulputate sanctus. Sanctus sadipscing nonumy duo eu. Dignissim voluptua no nonumy dolores. Voluptua sit no iriure. In diam praesent dolor dolor accumsan magna. Amet ipsum ut aliquam diam ipsum. Lorem dolore sanctus eum et clita. Autem diam dolores nihil consetetur diam rebum voluptua sit est sit invidunt consetetur dolor nonumy velit no ex no. Molestie dolore ut et luptatum dolor diam lobortis dolor nonumy amet veniam duo vero voluptua in. Est nulla illum lorem justo sed aliquyam nonumy dolore diam esse rebum.\nDiam at erat dolor consequat elitr stet aliquyam nulla consequat at. Sanctus accusam justo sit luptatum accusam dolores est lorem vero sit eu enim esse nonumy. Tempor sea sit sadipscing duo kasd feugait sea et lorem eros lorem eos at. Te ipsum aliquam et exerci ipsum diam kasd enim dolor sanctus eum et consetetur dolore facilisis diam. Erat sadipscing justo ut ipsum. Consetetur feugiat elit erat dolor aliquyam duo et sed et consequat magna consetetur et nulla dolore vero dolor. Dolor eum duo elitr rebum et qui ipsum duis consetetur et blandit at sit. Diam diam et zzril euismod ea erat vero ea amet. Sit vel clita takimata dolor ut et nihil dolor dolor voluptua dolor dolores. Ad magna vero nonumy sit dolor diam rebum ipsum eirmod dolor elitr.\nEirmod duo diam iusto dolor invidunt ut amet consequat suscipit sit dolore ea. Amet sed dolor vero placerat ut stet tempor esse ut ea dolor option eirmod amet. Nonumy magna takimata labore quis et kasd et facilisi aliquyam est dolore iriure justo sadipscing. Accusam option amet clita invidunt nostrud sit esse at sit no sanctus diam tempor est.\nConsequat sit diam eum aliquyam vel kasd et commodo aliquip kasd. Aliquyam sea justo dolor et et sit vero est et te. Qui at gubergren dolor. Ut in sea gubergren. Ipsum consequat laoreet lorem no erat sit et sanctus clita sea invidunt kasd eos. Amet magna no est sed rebum voluptua laoreet ut vulputate sit consetetur duis. Stet rebum cum eum dolore erat sit justo sit adipiscing accusam eos labore.\n","publishDate":"2021-11-06T06:58:27.569811+00:00"},{"id":7,"title":"Book 7","description":"Commodo blandit duo velit sed sed lorem vero accusam consequat duo eos gubergren. Ea suscipit lorem magna quis sadipscing lorem est tation rebum iriure sadipscing delenit ea eu ut et elitr gubergren. Est sanctus dolor sea et et nostrud nonumy et sanctus stet sanctus accusam lorem tempor.\n","pageCount":700,"excerpt":"Duo kasd et amet hendrerit takimata. Facilisi sit voluptua nonumy at invidunt ipsum voluptua clita enim et sea accusam duis diam nonummy soluta. Lobortis justo lorem magna tempor veniam clita no molestie amet magna labore clita aliquyam. Rebum ut et takimata ut et dolor laoreet eirmod sadipscing lobortis labore sed soluta invidunt erat.\nSanctus ut nonumy diam duo ipsum sit sed luptatum volutpat nisl nulla feugait ut. Dolor sadipscing amet vero accusam dolore gubergren te kasd. Dolore rebum eum dolor et kasd et stet et sanctus consetetur kasd takimata et justo. Hendrerit et consetetur justo at ea dolor lorem dolore gubergren erat est magna sanctus amet consetetur sanctus imperdiet nam. Labore in et quis diam blandit eros eleifend sadipscing sit justo sed in gubergren ut consetetur dolores. Invidunt sed stet ut ut rebum dolore dolores magna doming kasd sit eirmod gubergren iriure. Iriure ipsum nostrud labore sanctus takimata voluptua et sanctus. In sit dolores possim ipsum sit sadipscing at eros dolor invidunt dolores vero kasd sed veniam. Dolore hendrerit sadipscing erat no sit ut zzril sed ex kasd sed. Dolor vero quis. Sed dolore zzril te dolor sadipscing takimata dolor ut dolores ad in. Ipsum tincidunt laoreet nonumy consetetur aliquyam vel tempor dolore blandit ex diam et et gubergren amet vel sed consetetur. Tation et dolor ea diam ex magna esse volutpat eos sit ipsum et. Liber hendrerit labore nulla sea vel facilisis congue hendrerit adipiscing et vel tincidunt voluptua sit takimata. At sanctus invidunt dolor sed sanctus eros minim gubergren dolore et ut ullamcorper ut dolor.\nEum justo vulputate eos et consequat vel sea. Zzril luptatum elitr erat accusam esse facilisis ut suscipit nulla. Elit ut commodo tation dolor dolores rebum dolores ipsum dolore. Ut dolores duo ipsum exerci hendrerit et ut no esse vero. Imperdiet kasd et magna imperdiet ut ullamcorper diam amet praesent eos et justo dolor.\nAmet consequat magna facilisis augue tempor aliquyam takimata amet takimata voluptua ut tempor magna et dolore takimata kasd. Consequat dolore invidunt esse. Elitr elitr dolor diam tempor sit eu.\nNonumy elitr autem mazim ipsum molestie sadipscing aliquyam clita invidunt est. Dolore lorem rebum clita ex ea vero. Ex lorem option dolor vero dolor.\n","publishDate":"2021-11-05T06:58:27.5698506+00:00"},{"id":8,"title":"Book 8","description":"Veniam ipsum ipsum dolor lorem duis delenit nonumy consetetur ut no et vero gubergren illum et nonummy. At nam nisl euismod lorem magna sit accusam no feugait kasd commodo justo aliquyam sit sea sit sed nisl. Duis vel diam at vulputate elitr takimata lorem no labore ea amet. Lorem no ea minim ut vel et autem dolore vulputate est duis amet est. Eos et augue consetetur te. Dolor sit eu kasd nonumy kasd vero dolor stet at gubergren kasd stet dolor eirmod. Quis praesent est eos magna erat nulla ut nostrud in eirmod consetetur option et esse nam velit. Dolor stet gubergren magna dolor velit kasd vel et ea erat consectetuer ad esse at diam sanctus clita. Eirmod vero duo et sit molestie et vero stet gubergren justo accusam.\n","pageCount":800,"excerpt":"Et consequat at dolor dolores et dolores clita dolor no hendrerit et diam vero dignissim. Amet dolores hendrerit labore ipsum vero ea nulla accusam vero ea rebum ad rebum wisi iriure sanctus rebum. Ipsum sit esse takimata elitr est no est no nonummy. Ullamcorper dolor nonumy consetetur eos sanctus stet est qui et labore molestie ex nonumy. Dolor nonummy tempor dolore dolor qui consectetuer sadipscing esse dolor gubergren at consectetuer duis. Justo tempor sed magna dolores no eros sanctus. No amet sit te takimata stet dolores labore erat consequat lorem rebum dolores vel. Dignissim sed lorem molestie elitr dolor at at. Sed takimata laoreet nam justo accusam erat gubergren takimata veniam ipsum minim wisi. Labore vero dolores at kasd. Diam minim sit. Aliquyam amet diam gubergren sed ad sit ea iusto quod. Sit eos facilisis sit eum eos sadipscing nonumy. Stet duo tempor invidunt rebum te voluptua et ea stet lorem sit suscipit sit voluptua. Dolore accusam sit eum blandit tempor consetetur at sanctus gubergren amet stet takimata vel nostrud labore et autem. Clita ut sit amet elit consequat hendrerit clita vero id et ea diam et no zzril.\nSadipscing sit at vero. Ut ad vero accumsan. Accusam labore illum gubergren takimata erat aliquyam sit wisi at ut consetetur voluptua voluptua ipsum option eos. Tation ipsum amet dolores. In dolore gubergren at eirmod dolor amet ipsum at clita dolore eros. No eos exerci dolor sea nulla amet duis nonummy lorem vero. Lorem aliquyam clita nulla et laoreet sit diam ea consetetur commodo sit est elitr laoreet et. Feugait dolore wisi praesent feugiat vulputate amet clita augue in sed dolores te stet illum labore in ut et. Blandit dolore est labore justo nisl et nulla duis sed et invidunt et volutpat. Dolores aliquyam praesent. Vulputate sit dolore. Amet tempor aliquam est magna duo duis sed vel. Clita nulla ipsum kasd magna sed gubergren nonumy elitr amet. Feugait sed labore at sit augue tempor diam. Voluptua elitr kasd takimata lorem ipsum lorem aliquip dignissim laoreet. Magna ipsum commodo et sadipscing. Takimata ipsum justo. Amet accusam velit magna no.\nMagna labore et et nisl dolor aliquyam odio. Sed at duo tincidunt eros eirmod esse labore et justo eros eum magna erat tation nonumy molestie. Sed accusam erat voluptua sit invidunt ipsum accusam. Tempor sed diam ipsum duo esse et diam zzril amet duis vero nonummy. Aliquip dolore hendrerit et nonumy eirmod sanctus ea dignissim.\nAccusam duis ea rebum et lorem et diam dolor dolore consetetur ipsum dolores in clita. Sit takimata accumsan eirmod lorem augue. Dolor stet accumsan et rebum nonumy aliquyam stet possim sit diam dolor consectetuer consectetuer. Lorem molestie amet duo consetetur sanctus. Sed eos vel diam sit sanctus no amet. Nonumy euismod vel justo diam ipsum et. Duo in gubergren invidunt dolor nam iriure autem ipsum accusam accusam diam.\nVel erat dolore clita ut nisl invidunt laoreet diam erat quod tempor ipsum. Eirmod ad invidunt delenit volutpat invidunt amet tempor autem dolores sea. Lorem sit velit ea accusam est. Et sanctus soluta stet ea hendrerit nonumy justo quis sit dolore feugiat ea dolores sanctus sed lorem ut. Vulputate in lorem consectetuer ipsum at lorem duo. Qui tempor nam at sit labore. Elit ut diam accusam consetetur nonumy eu accusam et nostrud consequat sadipscing lorem tincidunt gubergren. Dolor lorem et sea dolore sadipscing lorem et clita et ullamcorper cum vero amet quis sed dolore eu in.\n","publishDate":"2021-11-04T06:58:27.569913+00:00"},{"id":9,"title":"Book 9","description":"Aliquyam ipsum dolor sadipscing et vero in ipsum gubergren erat aliquyam id lorem diam sea in stet accusam. Magna kasd sadipscing nonumy luptatum aliquyam duis at ipsum nulla eleifend dolore. Iusto at nonumy vel magna dolore sit wisi elitr sit sit dolore diam gubergren vero euismod. Nulla vel amet et invidunt erat et at consectetuer rebum lorem dolor iusto magna. Dolore elitr accusam at amet sanctus lobortis eu invidunt no erat ea iriure consectetuer. Et ut justo labore sit dolor elitr et ipsum sit dolor id aliquyam duo. Facilisis justo tempor vulputate aliquyam molestie eirmod. Takimata amet sit magna sea takimata takimata rebum dolor exerci. Consetetur justo dolor lorem magna diam sed odio lorem sed ipsum clita nonummy autem. Magna sadipscing facilisis sit aliquyam vero dolore sit gubergren eirmod lorem et commodo et facilisis kasd est tempor.\n","pageCount":900,"excerpt":"Voluptua sit et sanctus ipsum ea facilisis ea dolore sea labore sadipscing sit dolores at eu ut autem sed. Clita tempor sea ea dolore est exerci vulputate vero feugiat sadipscing at. Accumsan rebum justo tempor lobortis odio dolore. Ipsum vero et est dolore lorem et diam dolor dolor feugiat sea duo kasd nulla nonumy amet. Elitr laoreet eos consetetur sadipscing labore elitr ex exerci lorem takimata aliquyam duis vero sit elitr autem tation ut. At nobis diam sit diam esse eu dolores vero nostrud tincidunt option consetetur dolore euismod tincidunt eos lobortis wisi.\nEt sed ea et ut wisi tempor stet elitr. Ipsum aliquyam diam wisi gubergren esse lorem duo eros dignissim at aliquyam ipsum nulla nibh clita stet. Diam ea sanctus sed nulla dolor ipsum vero voluptua et ut et sed est illum ea. Blandit lorem rebum ipsum nonumy amet vulputate sadipscing rebum. Elitr erat ea accumsan enim accusam at vulputate facilisi ut takimata sed vero lorem ut. Sanctus dolore at mazim magna eu erat nonumy sea no ipsum gubergren sit justo at. Vel takimata quis amet. Euismod velit consetetur erat.\nAugue enim sed sea illum dolores clita. Liber sit facer dignissim. Facilisis sit ad sanctus eos enim justo esse kasd no sit tempor eirmod feugait et at sanctus magna. Stet sadipscing lorem in nulla. Eirmod clita possim voluptua. Ad lorem et sit zzril iriure stet gubergren et takimata gubergren dolor nisl ullamcorper magna. Kasd sea kasd et tempor et ut dolores. Dolore dolore sit vero nulla ipsum illum duis est kasd elitr ut sanctus no et zzril consetetur feugait. Kasd elitr et magna molestie voluptua dolore. Sed gubergren kasd aliquyam ipsum ipsum dolores at est clita. Adipiscing est diam justo vel. Justo nam vero lorem invidunt molestie eirmod eros accusam takimata vero nonumy no velit. Eirmod volutpat vulputate sit sadipscing magna et dolore et labore magna esse sit clita in. Sit eos volutpat kasd esse ipsum tempor et consetetur vel nisl eos sit diam et aliquyam dolor. Vel liber tempor et qui dolores eleifend at ipsum ea. Sit ipsum option dolor sanctus lorem et gubergren et in diam stet amet at.\nGubergren ut consetetur rebum invidunt consetetur liber amet eirmod. Amet lorem amet facilisis rebum erat nonumy diam congue ea. Labore nonumy takimata eos. Ipsum accusam cum hendrerit nonumy. Eos facer diam. Sea dolor kasd dolor dolore clita takimata gubergren lorem clita kasd nonummy eu clita mazim. Diam ea lorem at aliquyam eirmod suscipit est ullamcorper illum et stet kasd lorem. Gubergren hendrerit sea possim eirmod aliquyam duis eirmod sadipscing. Autem molestie kasd no nisl quis mazim. Erat justo suscipit lorem sed gubergren tempor veniam accumsan diam diam facilisis amet lorem labore delenit labore elitr. In aliquyam sed ea voluptua autem feugiat zzril erat vel doming. Vero nulla stet illum sit diam gubergren sanctus ipsum ipsum eros at aliquam kasd dolor rebum duis qui erat. Rebum eirmod dolor iriure magna lorem vel invidunt dolores. Amet stet erat vero ipsum est aliquip ipsum dolore accumsan invidunt et. Eirmod duis lorem quis ea dolores dolores et ea.\nFacilisi invidunt ullamcorper blandit. Magna consetetur et eirmod. Commodo stet sit sit sea sea dolore stet ut facilisi lorem. Labore rebum duo. Takimata magna labore sit duis invidunt adipiscing diam illum blandit ad. Et dolore enim congue. Justo suscipit zzril laoreet dolor takimata sadipscing nisl ipsum. In luptatum duis vel mazim sit. Et sit sed esse sea nulla sit invidunt duis vero nostrud ea. Consequat sadipscing sanctus dolore kasd feugiat vulputate sed takimata eos in. Hendrerit sanctus ipsum sed eos et at ex stet congue. Et no kasd vulputate dolore in vulputate ut commodo est dolores et adipiscing voluptua magna vulputate ea stet. Et et amet takimata et suscipit nihil dolore magna. Ut ipsum sadipscing labore vero labore ut accusam sit est justo dolore in.\n","publishDate":"2021-11-03T06:58:27.5699803+00:00"},{"id":10,"title":"Book 10","description":"Sed accumsan ipsum blandit elitr enim kasd ipsum nulla amet. Lobortis amet dolore et ut ea et kasd. Sanctus vero vel eros in laoreet kasd amet no tempor delenit dolore at augue vero. Vel et dolor diam. Dolore illum justo nonumy consetetur invidunt vel odio ipsum cum justo aliquyam takimata. Tempor sea kasd at sit dolore dolore tincidunt sanctus ut. Sed eos iusto et gubergren sadipscing justo labore. Quod justo stet et. Lorem et vero et enim stet odio duo sea et lobortis et sit. Quis in ipsum dolor amet feugiat duis augue. Est sadipscing eros sit clita. Stet stet rebum. Eros et gubergren at. Aliquam dolor kasd delenit et praesent nonummy sadipscing dolor sanctus possim ut sanctus voluptua nihil ut ut elitr. Tempor diam takimata clita. Tempor amet takimata eum eirmod eirmod ut tempor et consectetuer et sadipscing. Dolore eu lorem sed consectetuer sed amet in sit sed eirmod. Kasd accusam est nostrud sanctus nonumy nulla erat ut.\n","pageCount":1000,"excerpt":"Gubergren labore est nulla accusam dolore justo est dolor suscipit eirmod ut nonummy vel nostrud sit erat sit. Invidunt esse justo sea sed dolores. At diam erat consetetur diam amet aliquam minim diam consetetur nonummy et vero aliquyam nostrud ipsum. Aliquyam kasd et iriure. Dolor elitr consectetuer sed et lorem et. At diam kasd vero. Suscipit takimata takimata vero vel amet et nonumy veniam dolores. Nulla commodo iriure dignissim et facilisis amet sit dignissim. Feugiat nonumy tempor cum et erat sit velit ex justo gubergren sit feugiat est erat facilisis accusam ipsum zzril. Takimata sit sea no ut tempor nonummy iriure sea. Doming gubergren eirmod nam diam duo rebum nonumy commodo sit justo dolor. Wisi duo facilisis eu vulputate elitr eirmod sea ipsum ipsum diam quis ea magna ut labore zzril sed ut.\nSadipscing amet clita no sed quis ea sit amet lorem et lorem diam dolore sed sadipscing. Invidunt assum dolor eos quod accumsan dolore sadipscing nonummy. Quis lorem et gubergren nisl elitr tempor vero sit veniam nulla nostrud zzril et takimata ipsum est lorem sadipscing. Nonumy tempor laoreet gubergren est dolor nonumy dolor elit voluptua congue amet gubergren eos invidunt feugiat dolores nonumy. Clita ipsum diam diam nihil dolor elitr eirmod sit elit diam et dolore wisi liber. Et quis et est nisl cum. Facilisi at et elitr aliquyam sea dolor eros. Lorem gubergren magna lorem amet lorem erat rebum sit no tation velit tempor vero luptatum zzril. Vulputate lorem dolor consetetur ex blandit nulla. Feugiat ea illum esse clita doming ea. Accusam accusam eos et ea magna et sit no sea vel sit labore no qui volutpat vero ut.\nTincidunt sed nulla no ipsum eos et eirmod minim voluptua labore illum sadipscing erat. Justo in sadipscing amet accumsan consequat ipsum invidunt erat et dolore amet esse delenit stet kasd sed sed. Nobis aliquyam feugait consectetuer wisi. Duis erat justo dolore. Et consequat eirmod sea amet vero blandit nonumy amet volutpat eirmod aliquyam. Hendrerit nonumy no blandit sadipscing praesent et takimata facer illum sed elitr at. Iriure ipsum stet sanctus ad ipsum est est eum te sed rebum diam gubergren et amet voluptua augue. Vero consetetur no aliquip sadipscing invidunt dolor dolores. In justo kasd et et rebum diam ut.\nAccusam ut nulla adipiscing in delenit no aliquyam nostrud magna ipsum id voluptua et ex. Duo erat et et dignissim wisi tempor eos sit takimata elit rebum. Sed duo velit stet kasd vero takimata duis sed magna ipsum soluta et. Erat ipsum lorem duo kasd amet invidunt eum dolor molestie stet.\nIpsum exerci possim lorem et dolor. Tempor eos et vel consetetur. Sed elitr lobortis. Enim esse consetetur sea sea sea dolor accusam. Facilisis eirmod ad tempor. Labore gubergren illum kasd est nonumy dolores molestie sanctus consequat accusam nonumy erat vel facilisi ut elitr id vero. Et sit enim duo hendrerit duis iriure rebum sed dolor ea vero invidunt rebum dolore. Ad no esse labore te amet aliquyam elitr invidunt et imperdiet eu dolore ipsum est stet nonumy ipsum tempor.\n","publishDate":"2021-11-02T06:58:27.5700405+00:00"},{"id":11,"title":"Book 11","description":"Quis in eos ea ipsum dolor est accusam aliquyam. Dolores eirmod veniam accusam erat. Justo quis et et no magna. Lorem rebum ea voluptua sit et nisl eirmod vero consetetur kasd amet. Eirmod in facilisi clita voluptua accusam.\n","pageCount":1100,"excerpt":"Erat elitr duo eum diam in et nisl amet in at vel et et sit laoreet. Sea et vero ea velit sadipscing eirmod hendrerit nonumy. Ut sanctus qui at nonumy sed lorem vero et elit rebum. Erat tempor lorem sit lorem tempor ipsum lorem clita. Invidunt consectetuer duo sit stet dolor facilisi ipsum zzril et nonumy labore magna ipsum feugiat lorem invidunt. Amet autem erat elitr accusam eirmod in sea nibh consetetur. Sit tempor molestie doming elit et labore justo eirmod sanctus duo dolore vero aliquyam tempor ea nibh eos. Minim est dolores elit.\nHendrerit consetetur erat vel nonumy et dolor rebum gubergren delenit eirmod aliquam. Zzril sed sit gubergren ipsum rebum ad gubergren lobortis clita. Nonumy kasd invidunt velit nihil et labore sanctus dolore gubergren takimata voluptua ut ullamcorper. Aliquam dolor accusam ea et. Voluptua et euismod doming labore amet duo sit sanctus et voluptua magna voluptua accumsan dolores et blandit dolores. Aliquyam dolore elitr consequat suscipit dolor elitr. Sanctus et et eirmod esse sit est rebum nonumy te sed at eos et accumsan at. Ut amet consequat sit vel duo. Est diam clita dolores. In dolores consetetur veniam te clita tation duo lorem. Ut est iriure nonummy nostrud euismod nonumy accusam rebum. Duo nibh nonumy takimata consetetur et nibh et aliquyam labore ea no. Ad magna sadipscing ut invidunt quis ipsum rebum vero zzril duo sadipscing nulla et dolores. Invidunt dolores dolor vero nulla aliquip stet sed. Enim gubergren dolor justo et et. Voluptua ipsum dolore dolor ut dolor invidunt nulla gubergren minim tempor aliquyam accusam ea invidunt sadipscing vero. At dolores duis dolore quis stet dolor rebum ipsum. Tempor dignissim augue esse nibh ea et sanctus no velit. Consetetur no consetetur rebum dolor.\nSanctus lorem adipiscing. Euismod luptatum facilisis ipsum vero ut et et amet et sadipscing dolor. Nulla lorem aliquam ea takimata magna erat ut eos dolore et erat. Sea praesent eirmod et no mazim eos accusam sit. Stet vero no euismod et. Id et amet clita iusto tincidunt ipsum magna sed amet at nobis feugiat dolor labore hendrerit lorem accusam. Justo magna kasd kasd ut aliquyam wisi ad invidunt nostrud ut minim tempor nonummy iriure nihil ea dolore. Magna et et diam qui no dolore hendrerit. Exerci erat possim sed esse duis amet sea duis est duo et ipsum clita clita kasd. Justo iusto et sit est justo veniam velit vulputate dolore dolor sed voluptua sit dolor vulputate autem sit sanctus. Commodo sed hendrerit. Tempor rebum gubergren ea no diam et no. Augue diam amet blandit sanctus et gubergren sed eos stet magna sadipscing erat nulla. Et voluptua nulla gubergren sanctus diam nibh sed erat et rebum elitr sadipscing. Erat autem sadipscing minim volutpat nulla augue takimata sanctus nonumy aliquyam sit elitr. Ea sit mazim sea sed elitr lorem labore wisi augue ipsum tempor tempor lorem et ipsum iriure nulla amet.\nLabore eirmod duis consetetur diam magna elitr justo diam aliquyam. Ipsum aliquip voluptua praesent eum. Sit amet ipsum sit aliquyam facilisis no dolores. Rebum eros hendrerit minim eirmod nulla sea ex rebum vero. Rebum dolor qui laoreet. Rebum praesent eum. Cum et vel dolor sit erat sit invidunt commodo lorem facilisis in dolore dolor at luptatum sed lobortis. Sit et sit clita nonummy qui. Iusto magna iusto magna illum clita adipiscing clita.\nConsetetur nonumy erat. Eros voluptua ipsum nibh eu accusam diam amet consetetur at tempor lorem. Elitr invidunt cum gubergren lorem labore.\n","publishDate":"2021-11-01T06:58:27.5701+00:00"},{"id":12,"title":"Book 12","description":"Dignissim ad dolores ex rebum sanctus dolores kasd et facilisi eirmod in amet vero. Dolor sit kasd kasd vero. Tempor vel sed sadipscing sadipscing hendrerit sadipscing. Magna nonumy sanctus accusam sed accusam elit aliquip diam dolore minim justo. Clita tempor elit clita voluptua sit at liber diam consetetur sit blandit. Erat eu nonumy et accusam ipsum sed sanctus amet duo. Et gubergren ipsum eirmod clita et vel vel lorem no voluptua erat facilisis aliquyam dolores at. Amet odio sit sanctus ipsum augue. Rebum zzril dolores magna volutpat at dolor sadipscing justo aliquip diam no ipsum. Sadipscing eirmod enim amet eos vero sadipscing accusam nulla dolor diam sanctus eos est et labore diam et. Option aliquam eum nonumy rebum justo ut clita. Kasd erat diam no sed te hendrerit. Sit sanctus lorem nonumy erat clita nonumy placerat diam eros invidunt elitr tempor. At et nonumy duis placerat illum ipsum. Dolore vulputate sit laoreet kasd lorem ipsum diam facilisis at adipiscing eu at et. Eirmod qui sea hendrerit dolores ipsum voluptua invidunt dolor sea nulla erat et eirmod sanctus lorem kasd et. Eos ipsum consetetur labore sit eos ipsum gubergren sit doming te doming lorem lorem est takimata rebum molestie. Magna sit magna nonumy mazim.\n","pageCount":1200,"excerpt":"Exerci et sed esse feugait et vel dolores ipsum duo sanctus eos dolore. Quis lorem aliquyam sed consetetur stet. Dolor et eos ea sit takimata labore. Ea sadipscing qui accusam ipsum sit et sadipscing sed ut sea ipsum eirmod takimata. Sit et no lorem ipsum wisi sed dolor congue nonumy lobortis sadipscing dolores elitr accusam accusam rebum no vel. At tempor sea erat aliquam no. Amet est aliquip rebum sit amet aliquyam magna et sadipscing ipsum invidunt at sed enim et consequat. Molestie ipsum duo no rebum amet facilisi duis id clita et et et amet. Eirmod nulla mazim sadipscing vero et consequat invidunt dolore nonumy sed nibh diam. Accusam sed consectetuer iriure sadipscing sit sanctus diam. In sadipscing voluptua voluptua et justo ea in. Lorem hendrerit sanctus consectetuer et sed. Sadipscing ut commodo lorem et invidunt consequat duo sadipscing esse aliquip labore sed stet ipsum accusam. Sit et qui lorem consetetur sed sit ea enim takimata. Illum dolor ut nam lorem et amet nostrud.\nNisl velit tincidunt. Et feugiat diam magna minim no et accusam amet eum sanctus nonummy diam congue sit ut sea tincidunt erat. Invidunt minim ea. Lorem nibh stet vel. Molestie erat clita sed sed eum enim ea labore ipsum ipsum ipsum sed sit veniam sit voluptua. Et ut nonumy sit dolore tation qui et dolor et elitr et nonumy amet. Sea sadipscing commodo consetetur vel. Dolor duis invidunt vero ut dolore accusam iriure ipsum tempor veniam laoreet labore minim tempor gubergren lorem sit aliquam. Justo kasd dolore lorem dolores feugait ipsum et et at gubergren takimata takimata vero dolores et. Gubergren vero sadipscing ipsum. Labore sit magna rebum est commodo vel lorem diam aliquip eum stet duo sed. Stet vulputate dolore erat lobortis clita diam sed lorem dolor kasd amet accusam takimata vero. Ut no vero eos tempor at est lorem et feugiat. Invidunt diam rebum sit. Eros dolore exerci qui iriure ea at congue dolore justo diam et consetetur facilisi lorem elitr sit.\nEst nostrud duo et esse dignissim. Nulla voluptua sed est tempor diam sit sanctus velit molestie enim sadipscing lorem exerci amet aliquyam. Ut dolor nonumy gubergren stet dolores elitr lobortis voluptua ipsum. Veniam nulla praesent justo lorem magna nam. Volutpat consetetur magna erat dolore eirmod accusam veniam sadipscing lorem et diam est eu facilisis magna vulputate. Dolor veniam ut ut ea kasd elitr tation voluptua sed est stet. Dolores sanctus sit sed dolores lorem consetetur tincidunt nam tincidunt sanctus dolore eirmod kasd sea invidunt ut. Dolor dolor ipsum stet sed in amet clita ipsum nibh et stet elitr takimata dolore diam dolore. Lorem dolor gubergren vero et takimata amet invidunt invidunt ipsum diam consectetuer ut diam diam eum invidunt dolor et. Rebum diam vero lobortis. Duis nobis eum esse erat labore sanctus. Et magna labore eos at. At duo est. Feugiat ut ea te et et dolore et consetetur. Sed accusam consetetur iriure accumsan sadipscing minim vero et magna dolore. Elit eirmod stet sea takimata. Clita blandit dolor tempor sadipscing vero sit. Et est duo labore sanctus congue diam hendrerit cum.\nUllamcorper dolores dolore ea eirmod minim ipsum dolor eu invidunt aliquyam. At ipsum odio eros consetetur laoreet diam vel. Duis sanctus diam eros sanctus lorem enim esse ullamcorper takimata ipsum. Accusam et et. Eirmod in diam nonumy facer ipsum et clita elitr consetetur eos et accusam et. Stet accusam ut stet kasd lorem quod eos luptatum nonumy delenit amet rebum doming illum. Kasd rebum et kasd iriure sit vero. Et vulputate eros. Nonummy voluptua aliquyam et eos sit takimata quis esse et rebum. Vulputate eu suscipit amet voluptua lorem accusam accumsan tation ullamcorper eros lorem tation et vel stet eum. Rebum accusam imperdiet sed vel sed tincidunt stet accusam feugait hendrerit sadipscing stet sit option ipsum est duo veniam. Lorem aliquyam magna dolores. At blandit at. Sit consetetur consetetur stet eu sanctus consetetur zzril adipiscing sadipscing sit sed stet dolore sed lorem ipsum. No invidunt exerci sit gubergren magna esse ipsum qui ea euismod amet kasd eos dolore lobortis. Et amet aliquyam sed accusam ullamcorper liber liber in consetetur commodo sed rebum. Eu feugiat nonumy. Dolor consequat consequat labore mazim at nulla stet sea tempor velit sit feugiat est.\nStet sea duo sed vero dolores. Magna sit sed accusam. Ipsum sed sit ipsum accusam lobortis labore takimata esse eirmod ipsum est dolore justo augue wisi ea. Et duis dolore tempor sed vulputate stet nulla stet ea delenit justo ea kasd lorem kasd luptatum commodo. Et aliquyam vero ipsum ut. Rebum sanctus feugiat amet sanctus lorem dolor lorem autem vel sadipscing no nisl ex accusam molestie diam sed. Tempor diam duo. Dolor et accusam labore sadipscing suscipit gubergren elitr takimata justo. Rebum illum sit illum takimata magna dolore et praesent accusam facilisis takimata stet ipsum aliquam sed diam. Vulputate diam vel sit duo rebum. Lobortis lorem no et.\n","publishDate":"2021-10-31T06:58:27.5701954+00:00"},{"id":13,"title":"Book 13","description":"Tempor diam est ipsum liber labore diam blandit vel. Labore ut amet nisl tincidunt. Invidunt elitr dolore justo no sit delenit dolor duo dolores tempor odio dolor gubergren. Augue stet ipsum sadipscing duo hendrerit dolore stet hendrerit amet et est sed vel nibh enim facilisi tempor sit. Duo sea qui dolor invidunt vel takimata erat est. Nisl ea consetetur at assum nonumy feugiat rebum sadipscing zzril est sed at et. Dolor invidunt kasd takimata. Aliquyam erat sanctus et ipsum et dolore nonummy takimata. Labore clita tincidunt sit. Duo facilisis soluta dolor vulputate tempor sea sed option dolor et blandit.\n","pageCount":1300,"excerpt":"Eos ut sit clita molestie dolores ut. Volutpat et illum autem est takimata justo vel sadipscing adipiscing clita iusto vero commodo commodo delenit luptatum zzril dolor. Elitr at aliquyam invidunt clita voluptua labore illum aliquam. Sed aliquyam dolore et sea nonummy. Sit dolore lorem nulla duo est vero iusto diam vero diam vulputate ea eu. Rebum stet et kasd ut consectetuer molestie sanctus diam ut no sadipscing dolor commodo sadipscing dolore feugait accusam invidunt. Dolore ipsum stet sea et takimata commodo labore amet diam. Sed aliquyam justo. Dolores nostrud dolor est rebum nibh dolor rebum hendrerit te clita dolor est ut et adipiscing ut aliquyam vero. Ea dolores voluptua sed magna ut amet feugait stet sed sit molestie.\nVoluptua voluptua imperdiet et odio at consetetur ut possim. Sea in sadipscing dolore aliquyam rebum sadipscing. Ea facilisis dolores amet et diam ut nulla rebum erat vel et sea at accusam lobortis. Sit ut blandit nulla lorem minim. Iriure nostrud dolore. Ullamcorper duo nibh dolore volutpat lobortis at. Praesent voluptua tincidunt. Vel sanctus nulla ea praesent esse est illum et eirmod eos labore feugiat accumsan. Ea dolores invidunt invidunt hendrerit vero eros.\nDolores duo et invidunt dolores at dolor wisi diam quis lorem dignissim tempor augue dolore et et et. Consequat facilisis kasd justo elitr eirmod. Erat aliquyam ut nonumy. Iusto sit magna dolores delenit hendrerit aliquip et ipsum invidunt lorem zzril rebum lorem lorem erat eirmod ut sit. At takimata ipsum ea nisl delenit voluptua erat. Amet et ipsum. Feugiat consectetuer ut dolores rebum enim dolor ipsum dolores nisl illum at aliquyam exerci nam vulputate sit nostrud. Ipsum facer no ea et est te labore stet sea vero invidunt rebum est. Duo et dolor clita vero sanctus lorem enim ut clita qui. Facilisis takimata justo facer sit est minim rebum mazim iusto dolore eirmod duis. Amet aliquyam sed eum lorem et accusam duis accusam. Kasd ut esse justo ipsum voluptua. Ad augue duis ipsum sed tempor dolores at aliquyam volutpat nostrud no augue diam. Consequat eirmod at euismod. Et ea gubergren justo facilisis amet accusam aliquyam. Et aliquyam kasd ut voluptua eirmod laoreet stet ut ullamcorper clita. Nulla et ipsum sed dolor eros te ut invidunt dolor erat accumsan no labore autem rebum ipsum ut sanctus. Aliquam ipsum gubergren labore commodo clita elitr ut dolor magna lorem ut enim dolore vulputate.\nDiam voluptua vero consetetur iriure takimata eos dolores clita sea nonumy et amet sit. Consetetur esse sea duis facilisis. Magna sea ipsum at labore adipiscing consetetur sed elitr. Veniam eos sit nulla imperdiet eirmod stet diam. Invidunt accusam erat. Et aliquyam takimata ut elitr et consetetur amet sed elit delenit no molestie esse duo. Nulla aliquyam eos consetetur tation iriure ut gubergren voluptua duo nonumy at eos. Hendrerit feugiat dolor lorem labore quis sadipscing delenit dolor amet ipsum. Magna elitr accusam rebum no dolore ad duis lorem takimata dolore labore autem dolore. Dolor gubergren sed. Justo justo exerci ipsum lorem sanctus amet nonumy est. No sed accusam dolor est justo sadipscing eos clita vero at et ad ipsum dignissim dolor. Aliquyam laoreet wisi aliquyam ipsum. Sit erat duo ea nonumy duo takimata consetetur erat accumsan vel doming rebum sea tempor at elitr dignissim. Ipsum velit amet eos accusam kasd duo eos nonumy erat et accusam accusam est dolores et duo lorem esse.\nDiam erat sit nam ut dolore elitr et. Dolore nulla lorem. Sanctus in diam diam stet esse accusam consetetur justo et stet molestie tation diam. Sed et vulputate justo amet dolor diam ullamcorper et invidunt dolor. No tempor sea erat. Eos consequat eos no aliquyam clita diam ea molestie kasd erat stet dolores duo quod. Sit nihil kasd et elitr dolore est dolor tempor et est kasd ipsum clita euismod duis ad. Delenit diam no diam diam no lorem takimata et facer kasd nulla eos gubergren vero no stet diam. Nihil clita diam. Ut et hendrerit takimata erat dolores et est et dolore feugait et. Eos diam magna dolor et labore dolores vel dolore clita kasd iusto justo. Ipsum consectetuer delenit et sit at eu eos magna nam dolores dignissim diam clita clita eirmod dolore et. Sit molestie nisl diam. At erat eos.\n","publishDate":"2021-10-30T06:58:27.5702658+00:00"},{"id":14,"title":"Book 14","description":"Vero erat invidunt gubergren diam vero cum sea. Nihil dolor illum lorem dolor rebum consectetuer ut minim magna clita ea sit tempor diam takimata dolore enim dolore. Nostrud duo duo vel vero erat diam.\n","pageCount":1400,"excerpt":"Stet eirmod praesent aliquyam option diam. Iriure tempor diam eos. Diam sit erat ut soluta hendrerit sed elitr lorem ullamcorper gubergren et eos duo. Erat ea eum feugait est et et amet sit eu ut clita. Aliquyam et ea ut no sea. Nobis wisi lorem accusam amet diam sea takimata ipsum. Sed vulputate dolore. Dolores eum clita minim duo no consequat esse dolore vero. In stet clita facilisi kasd volutpat stet rebum iriure. Sit ea iusto veniam. Stet labore et et lorem erat est magna stet sit tempor vero sed option diam et amet quod. Vero eos veniam amet vero et et at accusam amet accusam magna vulputate dolor amet. Duis sanctus gubergren vero et invidunt et congue sea at consetetur eos. Vulputate stet erat diam duo sed erat autem illum amet wisi soluta ipsum. Ad elitr qui aliquyam eros sed ut exerci no.\nAmet eirmod ullamcorper et elitr cum dolore consetetur gubergren magna eirmod eros no at gubergren velit ad magna. Stet et duo illum qui odio eos nostrud velit dolore amet dolore. Nonumy stet labore ipsum cum.\nLabore et sadipscing sadipscing invidunt. Dolores sed est magna qui vulputate vero dolor doming. Magna diam sanctus sed in diam iriure clita kasd elit invidunt ullamcorper nonumy elitr hendrerit tempor. Diam lorem sit. At ipsum erat velit amet et ut erat clita laoreet. Tincidunt diam dolor lorem eum justo accusam consetetur laoreet magna et tempor possim. Sanctus stet eos consectetuer in lorem eirmod amet enim. Nonumy diam velit consetetur duo at magna dolore clita magna sed lorem lobortis sea sea te amet diam hendrerit.\nKasd nulla kasd nonumy no vel autem sadipscing labore sadipscing sea sed dolor feugiat labore amet sed. Dolor amet et at ea ea sea sed ipsum vero in sit clita sea amet rebum at eirmod at. Elitr tation kasd nonumy diam rebum ipsum laoreet amet lorem accumsan kasd ullamcorper sit. Ad lorem ut nulla erat dolore ex ut ullamcorper eleifend labore dolore nisl elitr consectetuer amet. Accusam facilisi blandit consequat ex dolore autem justo ipsum amet. Amet erat luptatum. Kasd congue sit sea sea sed volutpat et magna eros in ullamcorper sadipscing et labore duo. Commodo no vero dolores et iriure rebum. Eirmod vero magna ex magna labore sed et takimata stet est diam at sadipscing.\nIpsum erat amet stet at ipsum tempor magna et dolor dignissim nostrud sadipscing sadipscing augue. Eirmod lorem odio voluptua ipsum et sit hendrerit ex ut invidunt amet erat nulla sanctus sanctus eos dolor. Diam ipsum dolor duo et accusam amet dolores. Et duis in elit nulla lorem magna euismod est stet consequat erat. Magna elit accusam tempor elitr ipsum et sit rebum ipsum elitr id takimata hendrerit tempor amet vero invidunt sit. Delenit consetetur amet autem accusam eirmod rebum takimata aliquyam sit kasd. Invidunt sed diam in ipsum kasd augue sed sadipscing exerci ut rebum dolore nonumy. Sea labore voluptua magna doming ut takimata vel sea nibh iusto labore. Eos ad dolores stet voluptua voluptua sea lorem rebum dolor dolor duis ut lorem nonummy sanctus at molestie. Eos lorem et eos dolor et dolore rebum facilisis diam sit gubergren eum exerci vero vero clita. Eos iusto et aliquyam duo sadipscing tempor takimata tempor eos magna kasd diam. Takimata vero invidunt amet consequat sea dolor sadipscing hendrerit illum nihil eos ipsum tempor no amet. Erat aliquam sed sit. Gubergren sit lorem erat odio sit luptatum dolore vel erat duo eos dolor justo sed sea vero diam amet. Erat gubergren dolor amet at amet ipsum vulputate voluptua sit te nibh dolores elitr ea nisl amet. Voluptua ex sea et ipsum erat esse dolores et sed. Ex sanctus et sit et invidunt lorem lorem no duo dolore ipsum ipsum esse iriure sea velit sit. Lorem takimata magna elit. Ad dolor rebum clita vero tation eum et takimata sed dolor vel sed elitr minim takimata ea tempor invidunt.\n","publishDate":"2021-10-29T06:58:27.5703255+00:00"},{"id":15,"title":"Book 15","description":"Ut stet delenit eirmod accusam ipsum et. Invidunt consequat eos sed dolor vero justo est nisl id dignissim erat odio sed. Consetetur dolor congue vel ut. Nonumy dolor sed gubergren et clita nonumy sit vero ipsum exerci nonummy facilisis accusam in duo tincidunt sadipscing. Quod odio nulla kasd dolores dignissim. Te sadipscing dignissim diam facer invidunt vel voluptua dolor labore consetetur magna est stet aliquyam accusam consectetuer et clita. Rebum odio dolor voluptua iriure sanctus erat no ea magna in consetetur diam gubergren justo diam rebum. Augue vero elitr et vero. Eos feugait accusam velit stet amet consetetur dignissim. At illum est aliquyam sadipscing vel ut vero laoreet sanctus adipiscing sadipscing sit sed facilisi at. Diam quis duis nonumy tempor no eu accumsan lorem duis labore sea. Lorem velit et lorem et consectetuer delenit et dolore accusam minim. Ut ipsum takimata. Accusam praesent rebum diam sit te amet sadipscing et nonumy ullamcorper sed. Nonumy ipsum labore ipsum kasd facilisi dolore et ipsum eros at ipsum consequat diam quod.\n","pageCount":1500,"excerpt":"Dolor nibh at kasd praesent. Accusam dolore erat tation tempor erat hendrerit gubergren eos takimata quis vel et rebum sit diam lorem at elitr. At velit nulla rebum vero lorem sadipscing quod eirmod aliquyam et aliquyam in et aliquyam vulputate tation ut. Tempor eros dolores dolor at sed est accusam accusam velit kasd eirmod lorem dolor vel sanctus ea luptatum est. Enim invidunt sit accusam sadipscing et magna elitr est et eu dolor ullamcorper rebum ea wisi. Iusto lorem diam sit ipsum voluptua et sed. Et diam sit. Eu consequat ullamcorper labore wisi in nonummy autem sadipscing erat in stet kasd nam sed consectetuer aliquip invidunt invidunt. Lorem elitr kasd. Et sit congue. Nibh sit sadipscing et sit amet vel kasd sed laoreet ad eum ut magna rebum est dolore assum. Adipiscing veniam at. Aliquyam diam duo iriure sanctus at facer dolor lorem elitr tempor. At sed facilisi dolores tempor accusam. In erat est minim sadipscing ut consequat at lobortis rebum ut rebum dolore dolores clita. Erat sed labore amet invidunt justo accusam dolor nobis lorem lorem vero amet et erat amet facilisis ut accusam. Elitr duis at dolore tempor blandit tempor et amet sed. Ipsum sed dolor at eirmod molestie diam voluptua voluptua vero in gubergren diam aliquip eos aliquyam feugiat eros.\nAmet dolor dolore accusam sit lorem aliquam ipsum diam eirmod commodo sit ut sed nobis amet dolore. Autem stet molestie gubergren lorem dolor duo dolor dolor elitr ipsum eos vero magna liber. Magna dolor sit et. Ut amet nulla diam eos erat no est molestie ipsum nonumy dolor dolor sadipscing. Volutpat ut dolor aliquyam ut ea sanctus feugiat sed rebum sea labore amet feugiat. Eleifend lorem et dolor clita rebum erat et voluptua eos at ea amet eirmod quod voluptua et accusam. Consetetur amet lorem et aliquip kasd nulla velit voluptua at ea amet ad vero exerci. Dolor iusto lorem magna eirmod in ea et takimata nonummy ut. In nonumy eirmod consequat eum. Eirmod rebum imperdiet et accusam elitr et doming ipsum. Kasd diam illum placerat praesent. Dolor diam facilisi facer kasd est magna magna sea eos eros ut.\nTempor clita amet sadipscing dignissim nihil at. Sit sea sed molestie dolore ipsum amet no labore dolore sit no eros dignissim aliquyam sed suscipit kasd dolore. Ut dolor lorem eos blandit lorem in duo. Lorem et accusam quis et ipsum dolores. Vero esse vel liber augue.\nSuscipit wisi clita illum eos no ipsum aliquyam ea sed vulputate ipsum no ut justo invidunt dolor. Dolor nonummy in sed. Kasd labore nonummy dolores molestie nostrud cum gubergren. Ut et lobortis ut eirmod no invidunt justo. Consequat magna dolore in autem no dolor sanctus praesent lorem euismod sed sed nibh dolores. Wisi eleifend consequat te duo tation clita labore sit enim sadipscing vero labore volutpat vel hendrerit eu amet diam. Esse blandit clita sanctus at nonumy kasd eleifend amet consequat.\nSed et qui nulla erat sadipscing aliquip diam. Dolor congue ipsum ut. Et labore invidunt dolor et consequat ipsum. Dolor et magna no. Tation zzril aliquyam duo stet et et dolore. Stet no elitr ut. Sit suscipit vulputate lorem. Diam dolor vero vero rebum commodo est augue et consetetur ut ipsum clita eirmod nibh sadipscing sed minim aliquyam. Labore sit sadipscing lorem lorem consetetur euismod sanctus iusto ipsum sed ipsum clita ipsum vero assum labore. Et diam sea. Lorem sed lorem kasd sit est dolor amet. Sadipscing ut et et minim lorem lorem. Justo et congue takimata cum ipsum duo diam ipsum rebum tempor at labore eu. Diam no ipsum ea. Consetetur dolore magna no accusam. Dolor vero in magna kasd dolore.\n","publishDate":"2021-10-28T06:58:27.5704089+00:00"},{"id":16,"title":"Book 16","description":"Stet erat diam dolor ad at ut et. Diam gubergren at et erat dolore elitr ipsum ipsum nonumy est dolor iusto magna est tempor hendrerit nonumy. Dolore blandit ipsum eos lorem hendrerit aliquam voluptua volutpat. Vel diam stet vero amet molestie duis ea at duo gubergren sit. Diam te euismod eu at tempor esse kasd consequat ea no et. Accusam ut sadipscing sed no sanctus eum lorem ad lorem sed mazim facilisi. Takimata liber ut accusam labore illum et sanctus. Placerat at amet eirmod iriure nisl lorem velit. Nobis justo stet sed diam nihil no est et sea justo. Labore at duo iusto feugiat diam justo.\n","pageCount":1600,"excerpt":"Gubergren diam dolore elitr consectetuer dolor zzril dolores augue sed enim erat consequat diam ipsum soluta sed. Eirmod stet stet est et tempor duo takimata consectetuer gubergren amet rebum et autem. Dolore elitr nulla magna invidunt possim dolor sed nonumy augue sadipscing magna amet autem. Et est ipsum vero elit labore clita accusam sanctus erat at diam ut eos amet elit. Ea ipsum nonumy duis vero volutpat in gubergren erat ex sadipscing feugait eos eos consequat. Ut amet clita kasd mazim duo sed et accusam eos erat kasd kasd. Lorem esse erat sadipscing eos dolor diam justo sed ut kasd rebum dolor. Justo facilisis et sit sanctus invidunt dolore. Magna ut nulla autem clita ut at amet lorem ad amet justo zzril lorem nonummy minim nostrud vero ea. Lorem vero amet eu duis kasd 
[...]
tet sit iriure ipsum. Nihil consetetur aliquyam amet dignissim consequat consetetur clita dolor magna et kasd amet. Eros zzril lorem ex invidunt magna ut qui sadipscing nibh ut sadipscing amet dolor dolore. Et amet sed takimata diam sit sed justo facilisi magna ipsum ex et at nulla at duis eos. Duo diam sit. Justo quis diam dignissim.\n","pageCount":1500,"excerpt":"Kasd imperdiet te erat vero feugiat nostrud. Sadipscing sanctus nulla sit dolore sadipscing dolores gubergren sit sit labore invidunt gubergren minim sed nulla dolor nobis vel. Molestie delenit gubergren amet vero invidunt magna eos aliquyam velit diam nulla rebum sanctus qui et aliquyam. Elitr sea hendrerit stet sadipscing diam ipsum et facilisi nonummy aliquam et consequat diam gubergren. Sit dolor zzril lorem kasd lorem diam clita et minim doming. Et lorem sit kasd dolore dolor no vero veniam. Sanctus amet sea id nibh sit et. Eos rebum gubergren. Magna eos et voluptua sanctus et amet magna nobis feugiat duis kasd facilisis ipsum vel. Ut ea consectetuer elitr et tation elitr ea autem sit nonumy dolor. Duo nonumy dolore rebum. Amet et accumsan est elitr labore aliquyam magna vero accumsan aliquam sit ea sed lorem stet. In consequat sit sed stet dolore est lorem velit eirmod ea at sit gubergren dolor wisi stet laoreet. Consectetuer congue voluptua ea augue duo vulputate. Sit congue qui dolor magna diam nonumy sit ut stet gubergren tempor.\nSanctus eirmod amet rebum sanctus sanctus. Sit lorem magna eirmod et amet adipiscing nostrud consetetur esse et quod minim gubergren amet. Accumsan dolores consequat erat sea dolores dolor nisl ea tempor dolore hendrerit et nisl duis clita adipiscing invidunt quis. Lorem no voluptua eleifend ut vero sed eum ullamcorper euismod gubergren no sanctus dolores est sit diam. Diam labore dolor duo. Labore stet eirmod diam eos lorem nostrud clita dolore rebum consectetuer accusam ea elitr dolor et dolor et. Sit et sed eos.\nUt dolor tempor ex erat dolor dolor magna diam sed eirmod ipsum. Duo esse sit ad autem rebum eirmod erat in est eu nibh magna eros nonumy et. Accusam accusam et commodo accusam ipsum est diam dolor qui amet. At sit gubergren luptatum. Sea diam lorem. Ipsum tincidunt ipsum diam. Diam at diam ipsum. Rebum gubergren sit magna magna dolor eleifend dolor ipsum elitr justo nihil consetetur lorem diam wisi est. No iusto justo illum et cum elitr eum. At voluptua nonumy magna amet aliquyam dolores et magna vel option sed ea invidunt kasd dolor.\nConsectetuer lorem sed eos ipsum tincidunt eos duo et. Rebum eirmod in. Et aliquyam voluptua accusam dolor amet eos dolores amet ipsum takimata duo. Facilisi dolor est sed magna rebum lorem at clita consetetur nobis duis.\nLorem dolor consequat takimata sadipscing justo accusam no ut sed takimata velit diam. Aliquam eos vero esse elit eirmod eu takimata eum. Dolore vero consetetur lorem sed ea mazim nulla justo duo vero ipsum kasd dolor ad ipsum ipsum. No amet wisi gubergren. Dolore sanctus sea accusam dolores et dolor dolor ullamcorper amet accusam feugait justo. Dolores tempor adipiscing blandit vel accusam sed nisl feugiat veniam imperdiet accusam consectetuer ut labore autem soluta eum et. Nibh dolore et lorem at hendrerit diam sadipscing duo lorem velit.\n","publishDate":"2021-10-28T06:58:30.7686572+00:00"} 
 </msg>
<msg timestamp="20211112 03:57:41.539" level="INFO">D:\Arquivos de Programas\Python3\lib\site-packages\urllib3\connectionpool.py:1013: InsecureRequestWarning: Unverified HTTPS request is being made to host 'fakerestapi.azurewebsites.net'. Adding certificate verification is strongly advised. See: https://urllib3.readthedocs.io/en/1.26.x/advanced-usage.html#ssl-warnings
  warnings.warn(</msg>
<msg timestamp="20211112 03:57:41.540" level="INFO">${RESPOSTA} = &lt;Response [200]&gt;</msg>
<status status="PASS" starttime="20211112 03:57:41.302" endtime="20211112 03:57:41.540"/>
</kw>
<kw name="Log" library="BuiltIn">
<arg>${RESPOSTA.text}</arg>
<doc>Logs the given message with the given level.</doc>
<msg timestamp="20211112 03:57:41.540" level="INFO">{"id":15,"title":"Book 15","description":"Sed ut elitr sed accusam tation consectetuer ea sadipscing facilisis sit congue voluptua cum diam nobis. Eos ullamcorper ut erat consequat eos nihil kasd accusam tempor ut accusam. At et diam amet nisl et diam. Justo no ipsum elit nulla. Aliquyam dolores invidunt nostrud labore amet sit stet sit iriure ipsum. Nihil consetetur aliquyam amet dignissim consequat consetetur clita dolor magna et kasd amet. Eros zzril lorem ex invidunt magna ut qui sadipscing nibh ut sadipscing amet dolor dolore. Et amet sed takimata diam sit sed justo facilisi magna ipsum ex et at nulla at duis eos. Duo diam sit. Justo quis diam dignissim.\n","pageCount":1500,"excerpt":"Kasd imperdiet te erat vero feugiat nostrud. Sadipscing sanctus nulla sit dolore sadipscing dolores gubergren sit sit labore invidunt gubergren minim sed nulla dolor nobis vel. Molestie delenit gubergren amet vero invidunt magna eos aliquyam velit diam nulla rebum sanctus qui et aliquyam. Elitr sea hendrerit stet sadipscing diam ipsum et facilisi nonummy aliquam et consequat diam gubergren. Sit dolor zzril lorem kasd lorem diam clita et minim doming. Et lorem sit kasd dolore dolor no vero veniam. Sanctus amet sea id nibh sit et. Eos rebum gubergren. Magna eos et voluptua sanctus et amet magna nobis feugiat duis kasd facilisis ipsum vel. Ut ea consectetuer elitr et tation elitr ea autem sit nonumy dolor. Duo nonumy dolore rebum. Amet et accumsan est elitr labore aliquyam magna vero accumsan aliquam sit ea sed lorem stet. In consequat sit sed stet dolore est lorem velit eirmod ea at sit gubergren dolor wisi stet laoreet. Consectetuer congue voluptua ea augue duo vulputate. Sit congue qui dolor magna diam nonumy sit ut stet gubergren tempor.\nSanctus eirmod amet rebum sanctus sanctus. Sit lorem magna eirmod et amet adipiscing nostrud consetetur esse et quod minim gubergren amet. Accumsan dolores consequat erat sea dolores dolor nisl ea tempor dolore hendrerit et nisl duis clita adipiscing invidunt quis. Lorem no voluptua eleifend ut vero sed eum ullamcorper euismod gubergren no sanctus dolores est sit diam. Diam labore dolor duo. Labore stet eirmod diam eos lorem nostrud clita dolore rebum consectetuer accusam ea elitr dolor et dolor et. Sit et sed eos.\nUt dolor tempor ex erat dolor dolor magna diam sed eirmod ipsum. Duo esse sit ad autem rebum eirmod erat in est eu nibh magna eros nonumy et. Accusam accusam et commodo accusam ipsum est diam dolor qui amet. At sit gubergren luptatum. Sea diam lorem. Ipsum tincidunt ipsum diam. Diam at diam ipsum. Rebum gubergren sit magna magna dolor eleifend dolor ipsum elitr justo nihil consetetur lorem diam wisi est. No iusto justo illum et cum elitr eum. At voluptua nonumy magna amet aliquyam dolores et magna vel option sed ea invidunt kasd dolor.\nConsectetuer lorem sed eos ipsum tincidunt eos duo et. Rebum eirmod in. Et aliquyam voluptua accusam dolor amet eos dolores amet ipsum takimata duo. Facilisi dolor est sed magna rebum lorem at clita consetetur nobis duis.\nLorem dolor consequat takimata sadipscing justo accusam no ut sed takimata velit diam. Aliquam eos vero esse elit eirmod eu takimata eum. Dolore vero consetetur lorem sed ea mazim nulla justo duo vero ipsum kasd dolor ad ipsum ipsum. No amet wisi gubergren. Dolore sanctus sea accusam dolores et dolor dolor ullamcorper amet accusam feugait justo. Dolores tempor adipiscing blandit vel accusam sed nisl feugiat veniam imperdiet accusam consectetuer ut labore autem soluta eum et. Nibh dolore et lorem at hendrerit diam sadipscing duo lorem velit.\n","publishDate":"2021-10-28T06:58:30.7686572+00:00"}</msg>
<status status="PASS" starttime="20211112 03:57:41.540" endtime="20211112 03:57:41.540"/>
</kw>
<kw name="Set Test Variable" library="BuiltIn">
<arg>${RESPOSTA}</arg>
<doc>Makes a variable available everywhere within the scope of the current test.</doc>
<msg timestamp="20211112 03:57:41.541" level="INFO">${RESPOSTA} = &lt;Response [200]&gt;</msg>
<status status="PASS" starttime="20211112 03:57:41.540" endtime="20211112 03:57:41.541"/>
</kw>
<status status="PASS" starttime="20211112 03:57:41.302" endtime="20211112 03:57:41.541"/>
</kw>
<kw name="Conferir o status code" library="ResourceAPI">
<arg>200</arg>
<kw name="Should Be Equal As Strings" library="BuiltIn">
<arg>${RESPOSTA.status_code}</arg>
<arg>${STATUSCODE_DESEJADO}</arg>
<doc>Fails if objects are unequal after converting them to strings.</doc>
<msg timestamp="20211112 03:57:41.542" level="INFO">Argument types are:
&lt;class 'int'&gt;
&lt;type 'unicode'&gt;</msg>
<status status="PASS" starttime="20211112 03:57:41.542" endtime="20211112 03:57:41.542"/>
</kw>
<status status="PASS" starttime="20211112 03:57:41.542" endtime="20211112 03:57:41.542"/>
</kw>
<kw name="Conferir o reason" library="ResourceAPI">
<arg>OK</arg>
<kw name="Should Be Equal As Strings" library="BuiltIn">
<arg>${RESPOSTA.reason}</arg>
<arg>${REASON_DESEJADO}</arg>
<doc>Fails if objects are unequal after converting them to strings.</doc>
<status status="PASS" starttime="20211112 03:57:41.543" endtime="20211112 03:57:41.544"/>
</kw>
<status status="PASS" starttime="20211112 03:57:41.543" endtime="20211112 03:57:41.544"/>
</kw>
<kw name="Conferir se retorna todos os dados corretos do livro 15" library="ResourceAPI">
<kw name="Dictionary Should Contain Item" library="Collections">
<arg>${RESPOSTA.json()}</arg>
<arg>id</arg>
<arg>${BOOK_15.id}</arg>
<doc>An item of ``key`` / ``value`` must be found in a ``dictionary``.</doc>
<status status="PASS" starttime="20211112 03:57:41.544" endtime="20211112 03:57:41.545"/>
</kw>
<kw name="Dictionary Should Contain Item" library="Collections">
<arg>${RESPOSTA.json()}</arg>
<arg>title</arg>
<arg>${BOOK_15.title}</arg>
<doc>An item of ``key`` / ``value`` must be found in a ``dictionary``.</doc>
<status status="PASS" starttime="20211112 03:57:41.545" endtime="20211112 03:57:41.545"/>
</kw>
<kw name="Dictionary Should Contain Item" library="Collections">
<arg>${RESPOSTA.json()}</arg>
<arg>pageCount</arg>
<arg>${BOOK_15.pageCount}</arg>
<doc>An item of ``key`` / ``value`` must be found in a ``dictionary``.</doc>
<status status="PASS" starttime="20211112 03:57:41.546" endtime="20211112 03:57:41.546"/>
</kw>
<kw name="Should Not Be Empty" library="BuiltIn">
<arg>${RESPOSTA.json()["description"]}</arg>
<doc>Verifies that the given item is not empty.</doc>
<msg timestamp="20211112 03:57:41.547" level="INFO">Length is 626</msg>
<status status="PASS" starttime="20211112 03:57:41.546" endtime="20211112 03:57:41.547"/>
</kw>
<kw name="Should Not Be Empty" library="BuiltIn">
<arg>${RESPOSTA.json()["excerpt"]}</arg>
<doc>Verifies that the given item is not empty.</doc>
<msg timestamp="20211112 03:57:41.547" level="INFO">Length is 2887</msg>
<status status="PASS" starttime="20211112 03:57:41.547" endtime="20211112 03:57:41.547"/>
</kw>
<kw name="Should Not Be Empty" library="BuiltIn">
<arg>${RESPOSTA.json()["publishDate"]}</arg>
<doc>Verifies that the given item is not empty.</doc>
<msg timestamp="20211112 03:57:41.548" level="INFO">Length is 33</msg>
<status status="PASS" starttime="20211112 03:57:41.547" endtime="20211112 03:57:41.548"/>
</kw>
<status status="PASS" starttime="20211112 03:57:41.544" endtime="20211112 03:57:41.548"/>
</kw>
<tag>CT-002</tag>
<status status="PASS" starttime="20211112 03:57:41.302" endtime="20211112 03:57:41.548"/>
</test>
<test id="s1-s1-t3" name="Cadastrar um novo livro (POST)">
<kw name="Cadastrar um novo livro" library="ResourceAPI">
<kw name="POST On Session" library="RequestsLibrary">
<var>${RESPOSTA}</var>
<arg>fakeAPI</arg>
<arg>/Books</arg>
<arg>data={"id": ${BOOK_201.id},"title": "${BOOK_201.title}","description": "${BOOK_201.description}", "pageCount": ${BOOK_201.pageCount},"excerpt": "${BOOK_201.excerpt}","publishDate": "${BOOK_201.publishDate}"}</arg>
<arg>headers=${HEADERS}</arg>
<doc>Sends a POST request on a previously created HTTP Session.</doc>
<msg timestamp="20211112 03:57:41.752" level="INFO">POST Request : url=https://fakerestapi.azurewebsites.net/api/v1/Books 
 path_url=/api/v1/Books 
 headers={'User-Agent': 'python-requests/2.26.0', 'Accept-Encoding': 'gzip, deflate', 'Accept': '*/*', 'Connection': 'keep-alive', 'content-type': 'application/json', 'Content-Length': '1000'} 
 body={"id": 201,"title": "Teste","description": "Lorem ipsum dolor sit amet, consectetur adipiscing elit. Nulla ultrices odio tortor, id dapibus neque interdum tempus. Phasellus ultrices sapien risus, eu interdum enim lacinia sed. Morbi quis interdum velit. Aliquam ut dictum tellus, et vehicula arcu. Cras condimentum ipsum vel tempus venenatis. Curabitur eu diam eget ex scelerisque euismod. Donec quam est, mollis sit amet ipsum sed, condimentum porta tellus. Praesent tempus porta nulla, eu aliquam justo fermentum sit amet. Fusce scelerisque suscipit sem cursus varius. Curabitur venenatis sed nibh nec ullamcorper. Aliquam nec dapibus augue. Sed quis turpis leo. Mauris leo arcu, congue vitae ultrices quis, malesuada non metus. Etiam eu tortor in est aliquet vehicula. Fusce hendrerit eget leo pellentesque sagittis. Donec egestas nisi dapibus purus faucibus pharetra.", "pageCount": 10,"excerpt": "Lorem ipsum dolor sit amet, consectetur adipiscing elit","publishDate": "2021-11-12T06:31:08.070Z"} 
 </msg>
<msg timestamp="20211112 03:57:41.752" level="INFO">POST Response : url=https://fakerestapi.azurewebsites.net/api/v1/Books 
 status=200, reason=OK 
 headers={'Transfer-Encoding': 'chunked', 'Content-Type': 'application/json; charset=utf-8; v=1.0', 'Server': 'Kestrel', 'api-supported-versions': '1.0', 'Date': 'Fri, 12 Nov 2021 06:58:30 GMT'} 
 body={"id":201,"title":"Teste","description":"Lorem ipsum dolor sit amet, consectetur adipiscing elit. Nulla ultrices odio tortor, id dapibus neque interdum tempus. Phasellus ultrices sapien risus, eu interdum enim lacinia sed. Morbi quis interdum velit. Aliquam ut dictum tellus, et vehicula arcu. Cras condimentum ipsum vel tempus venenatis. Curabitur eu diam eget ex scelerisque euismod. Donec quam est, mollis sit amet ipsum sed, condimentum porta tellus. Praesent tempus porta nulla, eu aliquam justo fermentum sit amet. Fusce scelerisque suscipit sem cursus varius. Curabitur venenatis sed nibh nec ullamcorper. Aliquam nec dapibus augue. Sed quis turpis leo. Mauris leo arcu, congue vitae ultrices quis, malesuada non metus. Etiam eu tortor in est aliquet vehicula. Fusce hendrerit eget leo pellentesque sagittis. Donec egestas nisi dapibus purus faucibus pharetra.","pageCount":10,"excerpt":"Lorem ipsum dolor sit amet, consectetur adipiscing elit","publishDate":"2021-11-12T06:31:08.07Z"} 
 </msg>
<msg timestamp="20211112 03:57:41.752" level="INFO">D:\Arquivos de Programas\Python3\lib\site-packages\urllib3\connectionpool.py:1013: InsecureRequestWarning: Unverified HTTPS request is being made to host 'fakerestapi.azurewebsites.net'. Adding certificate verification is strongly advised. See: https://urllib3.readthedocs.io/en/1.26.x/advanced-usage.html#ssl-warnings
  warnings.warn(</msg>
<msg timestamp="20211112 03:57:41.753" level="INFO">${RESPOSTA} = &lt;Response [200]&gt;</msg>
<status status="PASS" starttime="20211112 03:57:41.549" endtime="20211112 03:57:41.753"/>
</kw>
<kw name="Log" library="BuiltIn">
<arg>${RESPOSTA.text}</arg>
<doc>Logs the given message with the given level.</doc>
<msg timestamp="20211112 03:57:41.753" level="INFO">{"id":201,"title":"Teste","description":"Lorem ipsum dolor sit amet, consectetur adipiscing elit. Nulla ultrices odio tortor, id dapibus neque interdum tempus. Phasellus ultrices sapien risus, eu interdum enim lacinia sed. Morbi quis interdum velit. Aliquam ut dictum tellus, et vehicula arcu. Cras condimentum ipsum vel tempus venenatis. Curabitur eu diam eget ex scelerisque euismod. Donec quam est, mollis sit amet ipsum sed, condimentum porta tellus. Praesent tempus porta nulla, eu aliquam justo fermentum sit amet. Fusce scelerisque suscipit sem cursus varius. Curabitur venenatis sed nibh nec ullamcorper. Aliquam nec dapibus augue. Sed quis turpis leo. Mauris leo arcu, congue vitae ultrices quis, malesuada non metus. Etiam eu tortor in est aliquet vehicula. Fusce hendrerit eget leo pellentesque sagittis. Donec egestas nisi dapibus purus faucibus pharetra.","pageCount":10,"excerpt":"Lorem ipsum dolor sit amet, consectetur adipiscing elit","publishDate":"2021-11-12T06:31:08.07Z"}</msg>
<status status="PASS" starttime="20211112 03:57:41.753" endtime="20211112 03:57:41.753"/>
</kw>
<kw name="Set Test Variable" library="BuiltIn">
<arg>${RESPOSTA}</arg>
<doc>Makes a variable available everywhere within the scope of the current test.</doc>
<msg timestamp="20211112 03:57:41.753" level="INFO">${RESPOSTA} = &lt;Response [200]&gt;</msg>
<status status="PASS" starttime="20211112 03:57:41.753" endtime="20211112 03:57:41.754"/>
</kw>
<status status="PASS" starttime="20211112 03:57:41.549" endtime="20211112 03:57:41.754"/>
</kw>
<kw name="Conferir se retorna todos os dados cadastrados para o novo livro" library="ResourceAPI">
<kw name="Dictionary Should Contain Item" library="Collections">
<arg>${RESPOSTA.json()}</arg>
<arg>id</arg>
<arg>${BOOK_201.id}</arg>
<doc>An item of ``key`` / ``value`` must be found in a ``dictionary``.</doc>
<status status="PASS" starttime="20211112 03:57:41.754" endtime="20211112 03:57:41.755"/>
</kw>
<kw name="Dictionary Should Contain Item" library="Collections">
<arg>${RESPOSTA.json()}</arg>
<arg>title</arg>
<arg>${BOOK_201.title}</arg>
<doc>An item of ``key`` / ``value`` must be found in a ``dictionary``.</doc>
<status status="PASS" starttime="20211112 03:57:41.755" endtime="20211112 03:57:41.756"/>
</kw>
<kw name="Dictionary Should Contain Item" library="Collections">
<arg>${RESPOSTA.json()}</arg>
<arg>pageCount</arg>
<arg>${BOOK_201.pageCount}</arg>
<doc>An item of ``key`` / ``value`` must be found in a ``dictionary``.</doc>
<status status="PASS" starttime="20211112 03:57:41.756" endtime="20211112 03:57:41.757"/>
</kw>
<kw name="Should Not Be Empty" library="BuiltIn">
<arg>${RESPOSTA.json()["description"]}</arg>
<doc>Verifies that the given item is not empty.</doc>
<msg timestamp="20211112 03:57:41.757" level="INFO">Length is 826</msg>
<status status="PASS" starttime="20211112 03:57:41.757" endtime="20211112 03:57:41.757"/>
</kw>
<kw name="Should Not Be Empty" library="BuiltIn">
<arg>${RESPOSTA.json()["excerpt"]}</arg>
<doc>Verifies that the given item is not empty.</doc>
<msg timestamp="20211112 03:57:41.758" level="INFO">Length is 55</msg>
<status status="PASS" starttime="20211112 03:57:41.757" endtime="20211112 03:57:41.758"/>
</kw>
<kw name="Should Not Be Empty" library="BuiltIn">
<arg>${RESPOSTA.json()["publishDate"]}</arg>
<doc>Verifies that the given item is not empty.</doc>
<msg timestamp="20211112 03:57:41.758" level="INFO">Length is 23</msg>
<status status="PASS" starttime="20211112 03:57:41.758" endtime="20211112 03:57:41.758"/>
</kw>
<status status="PASS" starttime="20211112 03:57:41.754" endtime="20211112 03:57:41.758"/>
</kw>
<tag>CT-003</tag>
<status status="PASS" starttime="20211112 03:57:41.549" endtime="20211112 03:57:41.759"/>
</test>
<doc>Documentação da API: https://fakerestapi.azurewebsites.net/swagger/ui/index#!/Books</doc>
<status status="PASS" starttime="20211112 03:57:37.015" endtime="20211112 03:57:41.760"/>
</suite>
<status status="PASS" starttime="20211112 03:57:36.993" endtime="20211112 03:57:41.761"/>
</suite>
<statistics>
<total>
<stat pass="3" fail="0" skip="0">All Tests</stat>
</total>
<tag>
<stat pass="1" fail="0" skip="0">CT-001</stat>
<stat pass="1" fail="0" skip="0">CT-002</stat>
<stat pass="1" fail="0" skip="0">CT-003</stat>
</tag>
<suite>
<stat pass="3" fail="0" skip="0" id="s1" name="Tests">Tests</stat>
<stat pass="3" fail="0" skip="0" id="s1-s1" name="TestCasesAPIBooks">Tests.TestCasesAPIBooks</stat>
</suite>
</statistics>
<errors>
</errors>
</robot>
