<?xml version="1.0" encoding="UTF-8"?>
<robot generator="Robot 4.1.2 (Python 3.10.0 on win32)" generated="20211112 17:44:36.342" rpa="false" schemaversion="2">
<suite id="s1" name="Tests" source="D:\PROJETOS_GITHUB\python\CursoRobotApi\tests">
<suite id="s1-s1" name="TestCasesAPIBooks" source="D:\PROJETOS_GITHUB\python\CursoRobotApi\tests\TestCasesAPIBooks.robot">
<kw name="Conectar a minha API" library="ResourceAPI" type="SETUP">
<kw name="Create Session" library="RequestsLibrary">
<arg>fakeAPI</arg>
<arg>${URL_API}</arg>
<doc>Create Session: create a HTTP session to a server</doc>
<msg timestamp="20211112 17:44:36.440" level="INFO">Creating Session using : alias=fakeAPI, url=https://fakerestapi.azurewebsites.net/api/v1, headers={},                     cookies={}, auth=None, timeout=None, proxies=None, verify=False,                     debug=0 </msg>
<status status="PASS" starttime="20211112 17:44:36.440" endtime="20211112 17:44:36.440"/>
</kw>
<kw name="Create Dictionary" library="BuiltIn">
<var>${HEADERS}</var>
<arg>content-type=application/json</arg>
<doc>Creates and returns a dictionary based on the given ``items``.</doc>
<msg timestamp="20211112 17:44:36.441" level="INFO">${HEADERS} = {'content-type': 'application/json'}</msg>
<status status="PASS" starttime="20211112 17:44:36.441" endtime="20211112 17:44:36.441"/>
</kw>
<kw name="Set Suite Variable" library="BuiltIn">
<arg>${HEADERS}</arg>
<doc>Makes a variable available everywhere within the scope of the current suite.</doc>
<msg timestamp="20211112 17:44:36.441" level="INFO">${HEADERS} = {'content-type': 'application/json'}</msg>
<status status="PASS" starttime="20211112 17:44:36.441" endtime="20211112 17:44:36.441"/>
</kw>
<status status="PASS" starttime="20211112 17:44:36.440" endtime="20211112 17:44:36.441"/>
</kw>
<test id="s1-s1-t1" name="Buscar a listagem de todos os livros (GET em todos os livros)">
<kw name="Requisitar todos os livros" library="ResourceAPI">
<kw name="GET On Session" library="RequestsLibrary">
<var>${RESPOSTA}</var>
<arg>fakeAPI</arg>
<arg>/Books</arg>
<doc>Sends a GET request on a previously created HTTP Session.</doc>
<msg timestamp="20211112 17:44:40.652" level="INFO">GET Request : url=https://fakerestapi.azurewebsites.net/api/v1/Books 
 path_url=/api/v1/Books 
 headers={'User-Agent': 'python-requests/2.26.0', 'Accept-Encoding': 'gzip, deflate', 'Accept': '*/*', 'Connection': 'keep-alive'} 
 body=None 
 </msg>
<msg timestamp="20211112 17:44:40.653" level="INFO">GET Response : url=https://fakerestapi.azurewebsites.net/api/v1/Books 
 status=200, reason=OK 
 headers={'Transfer-Encoding': 'chunked', 'Content-Type': 'application/json; charset=utf-8; v=1.0', 'Server': 'Kestrel', 'api-supported-versions': '1.0', 'Date': 'Fri, 12 Nov 2021 20:45:26 GMT'} 
 body=[{"id":1,"title":"Book 1","description":"Doming ut sadipscing consetetur sed sit erat et diam lorem kasd accusam dolor nonumy doming ipsum aliquyam sadipscing lobortis. Erat facer laoreet stet magna ipsum vero blandit. Erat qui elitr lorem. Consectetuer facilisis aliquyam sanctus voluptua sadipscing odio kasd amet illum dolor vel ut at et justo et. Nonumy dolor erat est sadipscing aliquyam liber no at amet diam ipsum duo clita accusam duis laoreet ea et. Dolores clita eirmod stet aliquyam elitr dolores ipsum invidunt eos qui sed stet ut. Ipsum vel diam consequat amet ut duo delenit diam sadipscing rebum stet kasd eirmod et et dolores dolor nonummy. Voluptua gubergren nulla no dolor sit commodo eos. At at ut duis kasd et ipsum ipsum ipsum et nonumy amet. Kasd justo et erat sanctus velit dolores rebum ipsum et. Dolore diam voluptua vero illum elit eos soluta sit amet ut.\n","pageCount":100,"excerpt":"Ipsum ad ea placerat tempor ipsum et nonumy accusam erat lorem esse vero vero diam clita sanctus sit sed. Duis et nonumy sed eos dolor autem enim tempor et ea. Est lorem rebum veniam et eum voluptua eleifend sed et sed. Nulla lorem sea vero et facer diam eu. Eirmod dolor illum. Eos duo accumsan nonumy in labore sit stet eos labore et kasd erat est elit. Sed aliquip sit est facilisi consequat et diam nonumy vel ea. Elit ea duo accumsan sit tempor nisl et ipsum kasd ut magna rebum blandit lorem invidunt et. Ipsum invidunt nonummy elitr lorem sit stet. Consectetuer suscipit ipsum dolor et takimata et tempor lorem vero lorem et in exerci sit nonumy.\nJusto ipsum elitr est eu labore et voluptua vel sed odio. Sit et vero sed ipsum amet consetetur labore sed sed autem. Vulputate aliquyam tempor dolor accusam quis labore labore lorem magna magna facilisis labore amet erat rebum magna. Quod sed amet sea eum et diam molestie voluptua takimata clita lorem magna elitr takimata. Tempor lorem dolor et est. Nibh duo molestie. Labore dolore sanctus lorem consequat aliquyam iusto dolor. Cum vero euismod dolor diam iriure dolor ut sed. Dolores lorem accumsan tempor duo nulla rebum dolores sed justo odio magna labore sanctus nonumy. Ut nonummy ipsum vero. Rebum magna et eirmod sed nulla. Diam at invidunt. Nobis eos dolore nisl amet nonumy facilisi ipsum dolor rebum.\nDolore takimata sed ut clita nonumy ullamcorper nisl magna. Eu et takimata invidunt dolore diam vel dolores. Dolor gubergren dolores quis diam ipsum suscipit aliquam. Eos sanctus iusto. Consequat aliquyam placerat ea stet justo. Diam amet ea et aliquyam dolore ea dolor at nibh. Minim invidunt voluptua amet diam ea tincidunt duo ut sanctus praesent nonummy. Voluptua lorem exerci dolore diam duis illum ipsum eleifend dolore. Et justo clita autem dolore tempor no nihil et tation exerci. Gubergren voluptua elitr nibh et nonummy volutpat eum sanctus gubergren. Stet dolore amet et et elit kasd labore clita. No clita labore odio consetetur. Autem luptatum lorem sadipscing eos lorem elit ut voluptua labore. Imperdiet soluta labore qui gubergren nonumy in duis et elit ipsum accusam dolores takimata facilisis zzril zzril nobis enim.\nSea sed vel magna. Sit in autem clita elit diam ut vel et consequat erat tempor duis lobortis nulla. Diam duo sadipscing. Eirmod ut et duo aliquyam wisi clita nostrud magna ea vero eos assum sed stet. Dolor minim sit ea lobortis facer eos. Invidunt consequat dolores sanctus sed et. Sadipscing ut est magna et consetetur aliquyam in ea diam consetetur rebum ea voluptua. Sed sea et duo accusam erat duo sed est zzril.\nEu dolor dolores sanctus adipiscing ipsum ut magna vulputate. Te est tempor accusam at ut. Gubergren diam no illum.\n","publishDate":"2021-11-11T20:45:26.7321634+00:00"},{"id":2,"title":"Book 2","description":"Sea suscipit gubergren clita ipsum at. Lorem amet lorem dolor luptatum eirmod dolor et stet dolore erat. At lorem dolore. Duis amet et dolore invidunt nulla nonumy lorem est diam assum no aliquam dignissim invidunt dolore diam sed. Clita duo sed diam eirmod eirmod. Magna consetetur nulla. No rebum iriure diam et clita aliquyam iriure at. Amet sit adipiscing nonumy blandit nonumy accusam diam dolor sit est labore amet. Dolor et gubergren ut consetetur no et amet takimata et rebum magna dolore aliquyam invidunt ut ipsum dolores ea. Dolores dolores ipsum dolor vulputate adipiscing minim et ipsum blandit velit eu zzril. Iriure stet sit amet ipsum amet est illum exerci dolore. Amet in elitr tempor et consetetur accusam justo dolor et feugiat duo no luptatum sed dolor aliquyam duis. Dolor ea eos eos ut kasd sanctus. Duo et elitr gubergren ut nonummy voluptua mazim no accusam gubergren voluptua tincidunt veniam te. Possim vero amet.\n","pageCount":200,"excerpt":"Et ipsum voluptua voluptua eirmod nonumy dolor accusam duo volutpat voluptua esse tempor dolor lorem. Molestie elitr voluptua et at duo exerci eum et et. Sadipscing kasd dolor consetetur sit stet elitr lorem stet dolores clita vel et lorem dignissim.\nAt ullamcorper sit diam et invidunt duo aliquam nonumy gubergren diam. Gubergren stet ut magna eirmod ipsum kasd adipiscing in. Et consetetur ipsum laoreet feugiat et et aliquyam vel et nulla sadipscing.\nElit eos est hendrerit consequat sadipscing sit. Ipsum ipsum consequat esse voluptua kasd est sanctus ullamcorper et hendrerit magna. No vero magna sea sadipscing consetetur no erat sit sadipscing. Eirmod at sadipscing sed consetetur diam ut et ea sit sed accumsan est ipsum illum quis. In stet dolor labore quod sea. Option sed adipiscing sed ea tempor et dolor. Lorem lorem sit duo in clita takimata sed consetetur et amet duo et at tempor nulla. Dolores magna tempor diam et rebum dolores in et ipsum consequat consetetur et kasd zzril. Ipsum invidunt est elit gubergren lorem iriure at clita diam ut at justo kasd ea illum rebum ut. Et rebum aliquyam dignissim lobortis. Dolor takimata no dignissim. Nonummy sanctus ipsum facilisis rebum et magna in eirmod rebum consetetur adipiscing erat elitr erat te.\nEirmod sanctus erat consequat sed. Voluptua diam ad et ea consectetuer sit invidunt dignissim ea illum dignissim nonumy sed sit sadipscing amet. Dolor sanctus laoreet aliquip duo diam dolore at eros ullamcorper accusam option sit diam ea et. Ullamcorper sed clita sed est duo sea diam. Aliquyam sit ut illum justo consetetur sanctus feugait duo ut iriure mazim nonumy est lorem accumsan et exerci ea. Consectetuer cum sanctus duo et hendrerit ipsum nonumy elitr sed nonumy wisi dolore ea ut feugiat lorem. Eirmod diam vel in no magna eum sit vel et iriure et labore nonummy elitr. Aliquip voluptua quis sit kasd tincidunt elitr duo. Diam erat aliquyam duo esse ut accusam eirmod nonummy accusam eirmod.\nAutem et vel et. Commodo delenit ipsum sea et iusto justo duo ipsum ipsum amet ipsum erat labore facilisis sed kasd ut stet. Magna stet volutpat dolores euismod sanctus ipsum at te amet et sadipscing qui volutpat takimata. Vel duo lorem nibh amet ut soluta qui eirmod ut sadipscing tempor. Amet erat diam dolore ea at possim sadipscing lorem sit diam et sadipscing sadipscing vero. In sit nulla te est veniam dolor. Invidunt gubergren et. Dolores rebum dolor rebum velit iusto at tempor magna clita ipsum.\n","publishDate":"2021-11-10T20:45:26.7322328+00:00"},{"id":3,"title":"Book 3","description":"Diam kasd velit feugait in sea eros. Est delenit et justo nonummy et ut ea lorem nonumy iusto delenit kasd voluptua vero amet. Ea lorem dolor tempor dolore sed amet dolor nonumy autem sit kasd sea sed ea sit. Clita volutpat diam quis no exerci dolor sanctus doming dolores dolores magna feugait nobis. Dolore ut sed eos at voluptua est ut sed. Lorem molestie takimata lorem sadipscing dolores et diam nibh rebum takimata vulputate.\n","pageCount":300,"excerpt":"Amet et magna et at facilisis praesent no sadipscing eum in. Sit aliquyam ad eos ut vel consequat. Diam consequat euismod aliquip ipsum adipiscing sit diam ea assum augue nonummy labore ipsum vero elitr. Lorem at amet qui ut consetetur kasd erat dolore dolores in dolore accusam sanctus eum nonumy accusam dolores. Eos ipsum ipsum sed praesent ipsum amet vero et stet gubergren nonumy odio accusam sed vero sed ex. Dolore elitr praesent vero accusam blandit nonumy est nulla dolore nonumy. Nostrud et volutpat invidunt minim nonumy rebum nobis. Sea in erat kasd odio et lorem sed clita at dolor exerci et labore. Et sed dolore feugiat sed eum mazim sea sed sed et ipsum lorem invidunt vel eos. Lorem duo at et possim.\nKasd ut vero nonummy in invidunt et amet velit amet elit tincidunt. Ut eos sit molestie erat ut voluptua hendrerit duo sit. Et ea in nulla consequat gubergren facilisis ut amet dolores enim voluptua feugiat kasd dolor sed vero.\nMolestie ut eos consequat diam id est suscipit sed diam ea sed euismod sit qui eos eos rebum. Erat dolor odio duis vero sit dolor dolor et. Vero sadipscing dolor duo dolores dolor molestie sed euismod. Rebum et invidunt iusto nulla ut sanctus eirmod at sit congue minim. Lorem no accusam sit sed dolore nostrud vero ipsum nonumy invidunt. Amet rebum kasd exerci eirmod dolore et clita sit facilisis. Quod ipsum feugiat sanctus. Stet odio justo at. Sit dignissim no dolore. Te nonummy et assum et sed amet diam illum lorem doming sit tempor rebum nonummy diam autem. Voluptua vel dolor et dolore qui. Id ea clita odio lorem clita amet. Tation diam minim. Dolore facilisis elitr sadipscing no dolor ut clita sit illum sanctus wisi hendrerit et et et rebum. Magna et blandit sadipscing accusam est nonumy vulputate qui elitr no aliquyam amet takimata ea amet et elitr dolores.\nEirmod laoreet elitr gubergren no ad enim sed stet imperdiet justo dolor commodo voluptua imperdiet nulla. Takimata eirmod est in sit sadipscing nisl hendrerit invidunt. Aliquip commodo lorem. Dolor te et magna takimata kasd dolore. Sea hendrerit exerci et ea diam erat euismod minim velit liber sit ea. Duo consequat invidunt sed esse nonumy aliquip enim rebum ea feugiat invidunt ipsum no. Consetetur labore magna ut diam. V... (set the log level to DEBUG or TRACE to see the full content) 
 </msg>
<msg timestamp="20211112 17:44:40.653" level="INFO">D:\Arquivos de Programas\Python3\lib\site-packages\urllib3\connectionpool.py:1013: InsecureRequestWarning: Unverified HTTPS request is being made to host 'fakerestapi.azurewebsites.net'. Adding certificate verification is strongly advised. See: https://urllib3.readthedocs.io/en/1.26.x/advanced-usage.html#ssl-warnings
  warnings.warn(</msg>
<msg timestamp="20211112 17:44:40.654" level="INFO">${RESPOSTA} = &lt;Response [200]&gt;</msg>
<status status="PASS" starttime="20211112 17:44:36.442" endtime="20211112 17:44:40.654"/>
</kw>
<kw name="Log" library="BuiltIn">
<arg>${RESPOSTA.text}</arg>
<doc>Logs the given message with the given level.</doc>
<msg timestamp="20211112 17:44:40.657" level="INFO">[{"id":1,"title":"Book 1","description":"Doming ut sadipscing consetetur sed sit erat et diam lorem kasd accusam dolor nonumy doming ipsum aliquyam sadipscing lobortis. Erat facer laoreet stet magna ipsum vero blandit. Erat qui elitr lorem. Consectetuer facilisis aliquyam sanctus voluptua sadipscing odio kasd amet illum dolor vel ut at et justo et. Nonumy dolor erat est sadipscing aliquyam liber no at amet diam ipsum duo clita accusam duis laoreet ea et. Dolores clita eirmod stet aliquyam elitr dolores ipsum invidunt eos qui sed stet ut. Ipsum vel diam consequat amet ut duo delenit diam sadipscing rebum stet kasd eirmod et et dolores dolor nonummy. Voluptua gubergren nulla no dolor sit commodo eos. At at ut duis kasd et ipsum ipsum ipsum et nonumy amet. Kasd justo et erat sanctus velit dolores rebum ipsum et. Dolore diam voluptua vero illum elit eos soluta sit amet ut.\n","pageCount":100,"excerpt":"Ipsum ad ea placerat tempor ipsum et nonumy accusam erat lorem esse vero vero diam clita sanctus sit sed. Duis et nonumy sed eos dolor autem enim tempor et ea. Est lorem rebum veniam et eum voluptua eleifend sed et sed. Nulla lorem sea vero et facer diam eu. Eirmod dolor illum. Eos duo accumsan nonumy in labore sit stet eos labore et kasd erat est elit. Sed aliquip sit est facilisi consequat et diam nonumy vel ea. Elit ea duo accumsan sit tempor nisl et ipsum kasd ut magna rebum blandit lorem invidunt et. Ipsum invidunt nonummy elitr lorem sit stet. Consectetuer suscipit ipsum dolor et takimata et tempor lorem vero lorem et in exerci sit nonumy.\nJusto ipsum elitr est eu labore et voluptua vel sed odio. Sit et vero sed ipsum amet consetetur labore sed sed autem. Vulputate aliquyam tempor dolor accusam quis labore labore lorem magna magna facilisis labore amet erat rebum magna. Quod sed amet sea eum et diam molestie voluptua takimata clita lorem magna elitr takimata. Tempor lorem dolor et est. Nibh duo molestie. Labore dolore sanctus lorem consequat aliquyam iusto dolor. Cum vero euismod dolor diam iriure dolor ut sed. Dolores lorem accumsan tempor duo nulla rebum dolores sed justo odio magna labore sanctus nonumy. Ut nonummy ipsum vero. Rebum magna et eirmod sed nulla. Diam at invidunt. Nobis eos dolore nisl amet nonumy facilisi ipsum dolor rebum.\nDolore takimata sed ut clita nonumy ullamcorper nisl magna. Eu et takimata invidunt dolore diam vel dolores. Dolor gubergren dolores quis diam ipsum suscipit aliquam. Eos sanctus iusto. Consequat aliquyam placerat ea stet justo. Diam amet ea et aliquyam dolore ea dolor at nibh. Minim invidunt voluptua amet diam ea tincidunt duo ut sanctus praesent nonummy. Voluptua lorem exerci dolore diam duis illum ipsum eleifend dolore. Et justo clita autem dolore tempor no nihil et tation exerci. Gubergren voluptua elitr nibh et nonummy volutpat eum sanctus gubergren. Stet dolore amet et et elit kasd labore clita. No clita labore odio consetetur. Autem luptatum lorem sadipscing eos lorem elit ut voluptua labore. Imperdiet soluta labore qui gubergren nonumy in duis et elit ipsum accusam dolores takimata facilisis zzril zzril nobis enim.\nSea sed vel magna. Sit in autem clita elit diam ut vel et consequat erat tempor duis lobortis nulla. Diam duo sadipscing. Eirmod ut et duo aliquyam wisi clita nostrud magna ea vero eos assum sed stet. Dolor minim sit ea lobortis facer eos. Invidunt consequat dolores sanctus sed et. Sadipscing ut est magna et consetetur aliquyam in ea diam consetetur rebum ea voluptua. Sed sea et duo accusam erat duo sed est zzril.\nEu dolor dolores sanctus adipiscing ipsum ut magna vulputate. Te est tempor accusam at ut. Gubergren diam no illum.\n","publishDate":"2021-11-11T20:45:26.7321634+00:00"},{"id":2,"title":"Book 2","description":"Sea suscipit gubergren clita ipsum at. Lorem amet lorem dolor luptatum eirmod dolor et stet dolore erat. At lorem dolore. Duis amet et dolore invidunt nulla nonumy lorem est diam assum no aliquam dignissim invidunt dolore diam sed. Clita duo sed diam eirmod eirmod. Magna consetetur nulla. No rebum iriure diam et clita aliquyam iriure at. Amet sit adipiscing nonumy blandit nonumy accusam diam dolor sit est labore amet. Dolor et gubergren ut consetetur no et amet takimata et rebum magna dolore aliquyam invidunt ut ipsum dolores ea. Dolores dolores ipsum dolor vulputate adipiscing minim et ipsum blandit velit eu zzril. Iriure stet sit amet ipsum amet est illum exerci dolore. Amet in elitr tempor et consetetur accusam justo dolor et feugiat duo no luptatum sed dolor aliquyam duis. Dolor ea eos eos ut kasd sanctus. Duo et elitr gubergren ut nonummy voluptua mazim no accusam gubergren voluptua tincidunt veniam te. Possim vero amet.\n","pageCount":200,"excerpt":"Et ipsum voluptua voluptua eirmod nonumy dolor accusam duo volutpat voluptua esse tempor dolor lorem. Molestie elitr voluptua et at duo exerci eum et et. Sadipscing kasd dolor consetetur sit stet elitr lorem stet dolores clita vel et lorem dignissim.\nAt ullamcorper sit diam et invidunt duo aliquam nonumy gubergren diam. Gubergren stet ut magna eirmod ipsum kasd adipiscing in. Et consetetur ipsum laoreet feugiat et et aliquyam vel et nulla sadipscing.\nElit eos est hendrerit consequat sadipscing sit. Ipsum ipsum consequat esse voluptua kasd est sanctus ullamcorper et hendrerit magna. No vero magna sea sadipscing consetetur no erat sit sadipscing. Eirmod at sadipscing sed consetetur diam ut et ea sit sed accumsan est ipsum illum quis. In stet dolor labore quod sea. Option sed adipiscing sed ea tempor et dolor. Lorem lorem sit duo in clita takimata sed consetetur et amet duo et at tempor nulla. Dolores magna tempor diam et rebum dolores in et ipsum consequat consetetur et kasd zzril. Ipsum invidunt est elit gubergren lorem iriure at clita diam ut at justo kasd ea illum rebum ut. Et rebum aliquyam dignissim lobortis. Dolor takimata no dignissim. Nonummy sanctus ipsum facilisis rebum et magna in eirmod rebum consetetur adipiscing erat elitr erat te.\nEirmod sanctus erat consequat sed. Voluptua diam ad et ea consectetuer sit invidunt dignissim ea illum dignissim nonumy sed sit sadipscing amet. Dolor sanctus laoreet aliquip duo diam dolore at eros ullamcorper accusam option sit diam ea et. Ullamcorper sed clita sed est duo sea diam. Aliquyam sit ut illum justo consetetur sanctus feugait duo ut iriure mazim nonumy est lorem accumsan et exerci ea. Consectetuer cum sanctus duo et hendrerit ipsum nonumy elitr sed nonumy wisi dolore ea ut feugiat lorem. Eirmod diam vel in no magna eum sit vel et iriure et labore nonummy elitr. Aliquip voluptua quis sit kasd tincidunt elitr duo. Diam erat aliquyam duo esse ut accusam eirmod nonummy accusam eirmod.\nAutem et vel et. Commodo delenit ipsum sea et iusto justo duo ipsum ipsum amet ipsum erat labore facilisis sed kasd ut stet. Magna stet volutpat dolores euismod sanctus ipsum at te amet et sadipscing qui volutpat takimata. Vel duo lorem nibh amet ut soluta qui eirmod ut sadipscing tempor. Amet erat diam dolore ea at possim sadipscing lorem sit diam et sadipscing sadipscing vero. In sit nulla te est veniam dolor. Invidunt gubergren et. Dolores rebum dolor rebum velit iusto at tempor magna clita ipsum.\n","publishDate":"2021-11-10T20:45:26.7322328+00:00"},{"id":3,"title":"Book 3","description":"Diam kasd velit feugait in sea eros. Est delenit et justo nonummy et ut ea lorem nonumy iusto delenit kasd voluptua vero amet. Ea lorem dolor tempor dolore sed amet dolor nonumy autem sit kasd sea sed ea sit. Clita volutpat diam quis no exerci dolor sanctus doming dolores dolores magna feugait nobis. Dolore ut sed eos at voluptua est ut sed. Lorem molestie takimata lorem sadipscing dolores et diam nibh rebum takimata vulputate.\n","pageCount":300,"excerpt":"Amet et magna et at facilisis praesent no sadipscing eum in. Sit aliquyam ad eos ut vel consequat. Diam consequat euismod aliquip ipsum adipiscing sit diam ea assum augue nonummy labore ipsum vero elitr. Lorem at amet qui ut consetetur kasd erat dolore dolores in dolore accusam sanctus eum nonumy accusam dolores. Eos ipsum ipsum sed praesent ipsum amet vero et stet gubergren nonumy odio accusam sed vero sed ex. Dolore elitr praesent vero accusam blandit nonumy est nulla dolore nonumy. Nostrud et volutpat invidunt minim nonumy rebum nobis. Sea in erat kasd odio et lorem sed clita at dolor exerci et labore. Et sed dolore feugiat sed eum mazim sea sed sed et ipsum lorem invidunt vel eos. Lorem duo at et possim.\nKasd ut vero nonummy in invidunt et amet velit amet elit tincidunt. Ut eos sit molestie erat ut voluptua hendrerit duo sit. Et ea in nulla consequat gubergren facilisis ut amet dolores enim voluptua feugiat kasd dolor sed vero.\nMolestie ut eos consequat diam id est suscipit sed diam ea sed euismod sit qui eos eos rebum. Erat dolor odio duis vero sit dolor dolor et. Vero sadipscing dolor duo dolores dolor molestie sed euismod. Rebum et invidunt iusto nulla ut sanctus eirmod at sit congue minim. Lorem no accusam sit sed dolore nostrud vero ipsum nonumy invidunt. Amet rebum kasd exerci eirmod dolore et clita sit facilisis. Quod ipsum feugiat sanctus. Stet odio justo at. Sit dignissim no dolore. Te nonummy et assum et sed amet diam illum lorem doming sit tempor rebum nonummy diam autem. Voluptua vel dolor et dolore qui. Id ea clita odio lorem clita amet. Tation diam minim. Dolore facilisis elitr sadipscing no dolor ut clita sit illum sanctus wisi hendrerit et et et rebum. Magna et blandit sadipscing accusam est nonumy vulputate qui elitr no aliquyam amet takimata ea amet et elitr dolores.\nEirmod laoreet elitr gubergren no ad enim sed stet imperdiet justo dolor commodo voluptua imperdiet nulla. Takimata eirmod est in sit sadipscing nisl hendrerit invidunt. Aliquip commodo lorem. Dolor te et magna takimata kasd dolore. Sea hendrerit exerci et ea diam erat euismod minim velit liber sit ea. Duo consequat invidunt sed esse nonumy aliquip enim rebum ea feugiat invidunt ipsum no. Consetetur labore magna ut diam. Vel dolore accumsan vel stet kasd. Sit ea elitr sea takimata nonumy eum aliquyam sit. Et duis eros eum at no stet diam accusam justo. Laoreet ea sea in eros. Hendrerit lorem erat invidunt sadipscing sed at rebum lorem nam aliquam. Rebum et et lorem dolore hendrerit sadipscing.\nJusto eos sit justo hendrerit elitr dolor erat amet cum dolores commodo dignissim lorem sed autem euismod no et. Praesent at accusam sadipscing stet sea ipsum vero. Vulputate zzril sed et lobortis et aliquyam invidunt et consectetuer dolor vero. Amet lorem ipsum amet tempor clita diam dolores accusam stet no dolore et. Dolore ipsum aliquyam amet diam at at magna ipsum ut eos labore. Eu duis nulla augue dolore stet et eu duo exerci. Ea diam ad eirmod gubergren accusam nonumy ut nonumy clita. Commodo iriure sit stet diam elitr dolor amet amet consetetur sadipscing erat lorem iusto. Amet exerci et et erat lorem consetetur takimata justo. Et tempor ea aliquip augue enim clita placerat dolor sit clita vero et ut diam ut et suscipit. Takimata nibh ea sit volutpat odio sit tation est dolore sed et. Ex clita nonumy vulputate aliquam. Voluptua nihil aliquyam eirmod dolor nonummy enim eos. Et diam stet justo est diam clita nonumy duo sit.\n","publishDate":"2021-11-09T20:45:26.7322896+00:00"},{"id":4,"title":"Book 4","description":"Dolor sea at nostrud. Takimata no amet sea. Ex est vel invidunt sed nibh sanctus volutpat sea. Option dolor nonumy sed iriure sanctus velit ipsum assum placerat veniam eirmod consetetur ipsum ipsum facer nulla dolor invidunt. Nulla kasd labore euismod autem kasd duo duo amet lorem consectetuer clita nonummy no lorem vel. Stet nulla ut et placerat facilisi. Stet stet iriure ipsum consequat et duo diam elit. Stet ipsum diam sed sit. Eirmod blandit sed ut no elitr at labore et et molestie. Praesent illum duo duo est duis zzril et magna ipsum lorem at velit est velit no sit. Consetetur ut clita sit ea clita amet nam eros accusam. Kasd amet no dolore eos gubergren lorem magna amet elit possim stet justo voluptua ut ea dolores ad lorem.\n","pageCount":400,"excerpt":"Eirmod diam aliquyam commodo et sit clita ea consequat ut takimata. Consetetur feugait sea sit gubergren quis amet. Takimata qui kasd lorem amet exerci invidunt labore. Duo diam et ipsum possim eos erat sed ut dolore at invidunt ullamcorper no duo dolore eirmod vero. Diam ipsum dolore lorem no clita gubergren tempor et voluptua lorem in diam. Elitr dolore eros soluta et vero. Sea labore et eirmod molestie ipsum amet voluptua euismod sed sea stet. Takimata duo in invidunt. In erat justo ut dolor magna labore soluta. Augue dolor te aliquyam clita amet ipsum lorem justo labore ea eum no consetetur kasd est justo dolor. Eirmod vero accumsan tincidunt ipsum eirmod wisi amet praesent est et consetetur lorem dolore quis est. Justo dolore amet accusam diam justo eirmod consetetur accusam et eu invidunt facilisis ipsum.\nEt rebum vel lorem. Et sed sanctus sanctus amet feugiat. Sed amet dolore rebum nonumy. Tempor sadipscing sit dolore ipsum lobortis gubergren duo et qui invidunt no sed sea amet sea velit velit. Amet possim dolore ut. Enim suscipit vero duis et. Vero ipsum dolor duo consetetur eirmod labore et gubergren. Stet rebum eirmod eos elitr ipsum voluptua eirmod invidunt consequat suscipit at et nisl lorem. Placerat ut diam tation dolore rebum lorem eos voluptua dolores clita sanctus stet clita eos placerat justo quis tempor. Kasd consequat ullamcorper ad consequat duo nostrud lorem diam nisl dolore no aliquyam nonumy ea amet. Gubergren duo commodo et. Dolor sea tempor ipsum vero. Diam stet est takimata wisi stet consetetur amet sadipscing ut vero stet eos dolore et in ut volutpat. Vero ea ut. Sadipscing iriure exerci gubergren et amet ut consetetur. Eum ut gubergren voluptua nihil voluptua dolore velit sit accusam euismod sadipscing consequat eirmod at eirmod dolore vero eos.\nSit euismod aliquam stet adipiscing sit kasd ipsum consectetuer nostrud no voluptua. Aliquyam nonumy et. Consetetur no amet exerci erat. Ipsum ipsum lobortis elitr consequat ipsum commodo voluptua kasd euismod odio iriure facilisi aliquam nonumy dolores aliquyam enim. Adipiscing nulla dolores dolores hendrerit lorem invidunt justo at aliquyam ad sanctus duo et illum magna. Eos esse duis nihil ut. Magna et sed sit et diam et sed. Ex et dolores justo consequat ut aliquyam eum duis erat laoreet delenit kasd laoreet ex accusam takimata ipsum et. Sadipscing dolores ex duis takimata ut duo et ipsum velit est no dolor molestie magna exerci velit. Vero dolore sadipscing rebum labore voluptua elit et ea at molestie eum takimata sed amet. Tempor sed nisl et. Veniam ut sed diam takimata amet ad sit dolore ipsum sed eu sed at. Amet stet soluta in ea ut et lorem eu at rebum lobortis rebum dolores imperdiet sed sanctus. Invidunt diam magna vel eos. Doming dolores no gubergren iriure iriure kasd dolores et est vel at aliquyam. Lorem feugiat gubergren erat. Kasd veniam tincidunt amet.\nTakimata invidunt facilisis est luptatum sadipscing consectetuer nonumy at dolore ipsum voluptua odio gubergren dolor. Dolor lorem elitr sed laoreet kasd diam. Nulla praesent sit. Stet et dolores vel magna stet eirmod no et minim. Clita labore invidunt lorem diam sanctus dolor eos justo consetetur erat delenit in sea magna eu amet. Rebum consequat ipsum tation amet.\nLorem eos amet feugait eos consetetur illum ipsum sea dolore autem vulputate sanctus rebum. At amet et dolor. Clita at diam lorem magna sadipscing lorem dolor et sadipscing invidunt et no facilisis et nulla takimata eu amet. Stet kasd ut iriure ex no nonumy rebum est et iusto clita ut sadipscing vero diam ipsum sit sed.\n","publishDate":"2021-11-08T20:45:26.7323548+00:00"},{"id":5,"title":"Book 5","description":"Gubergren eirmod consequat consetetur nulla sed amet ipsum ut vel clita tempor dolor velit at diam dolore. Dolor lorem nisl duis dolore assum sea sed lorem nam sadipscing est. Diam et sanctus sit takimata lorem invidunt consequat ut vero dolores velit tempor at. Invidunt nonumy ipsum sit et eum et sed tation accusam diam clita esse ut erat velit. Et vero eum et. Eum dolor et wisi diam dolores diam invidunt sanctus. At praesent sanctus diam suscipit elitr ut. Clita et magna no aliquyam elitr amet. Takimata eirmod clita consetetur congue sit nonumy qui facilisis delenit magna vero rebum sed lorem tincidunt. Eirmod dolores duo. Dolor ea stet amet placerat illum iriure est ut et imperdiet. Esse kasd nonumy nulla adipiscing voluptua amet in est magna. Kasd nibh sit consequat nulla dolore consetetur sadipscing vero et augue lorem eos option lorem sea et consetetur. At sadipscing qui no commodo amet kasd dolore dolor clita accusam at rebum in accusam dolor eleifend. Dolore diam nulla et eu erat. Esse takimata lorem sadipscing vel justo euismod elit sed dolor. Sadipscing ut labore lobortis et.\n","pageCount":500,"excerpt":"Magna dolor takimata. Sed ipsum consequat volutpat invidunt no in duo justo. Dolore sit eros sadipscing eum magna. Euismod ea no. Sit accusam gubergren veniam ut.\nAccusam dolore ipsum illum accumsan. Gubergren sit veniam ea dolores dolores sea eos et ipsum kasd suscipit doming clita volutpat et eos. Ullamcorper volutpat in consetetur ad vulputate dolor dolore duo et imperdiet tempor justo. Ut iusto labore duo no lorem vero ipsum aliquip labore et duo lorem sanctus. Aliquyam labore amet te. Sit sea erat ea facilisis sed stet labore lorem eirmod amet eum praesent delenit lorem eos clita dolore kasd. Dolor sea dolores feugait at option in dolor voluptua nonumy erat no gubergren elitr ut nihil sadipscing ut velit. Diam nonummy enim stet eos vero. Clita ipsum et sit dolore euismod laoreet amet eirmod elitr volutpat nonumy rebum. Amet elitr te ut ut est sadipscing. Vero feugiat sed diam rebum erat duo in. Invidunt dolor ea justo consetetur elitr nam lorem ipsum. Sed magna ullamcorper facer amet at no. Ut sea sed sanctus amet sed vulputate imperdiet. Eos ut clita nihil eirmod dolor in duis eirmod lorem possim est eleifend lorem nulla et. Aliquip et duo at dolore diam voluptua vulputate dolore.\nEa consequat vero imperdiet kasd accumsan labore tempor sea et. Amet duo takimata sed facilisis assum eirmod cum est. Vero dolores exerci at at sed ipsum erat nonumy gubergren sit ipsum. Ea vero voluptua elitr. At et diam at ipsum vero kasd amet dolor veniam rebum blandit labore ipsum duis sed voluptua. Adipiscing et aliquam imperdiet clita accumsan dolor stet sed vel eos ullamcorper et. Doming ea vero ut nonumy ea sit dolore elitr. Dolor erat et et no dolor invidunt et.\nDiam esse esse ipsum facilisis accusam in dolore eu adipiscing diam amet dolor lorem takimata invidunt et sed et. Quis sit dolore sadipscing dolor labore sea sit tempor. Lorem accusam sit no ut sanctus vel aliquyam hendrerit duo takimata ut sit aliquyam. Delenit soluta duo et accumsan. Facilisis consetetur amet clita voluptua no dolor duis sadipscing stet doming amet takimata feugiat suscipit blandit amet. Labore ullamcorper et vel est ipsum rebum sit sit. Eirmod minim sed magna minim sed iriure dolor stet ut consequat autem takimata blandit sit est et. Et autem erat magna dolores sed ea tempor euismod sed justo iriure amet at. Rebum ut doming velit wisi liber labore diam sadipscing et ipsum ipsum velit amet eos sit lorem iriure. No dolore eu. Stet sit amet sed adipiscing consequat vero duo dolores dolore dolore voluptua feugiat eirmod dolores ea nulla laoreet. Tempor consetetur amet consetetur ipsum invidunt commodo vulputate eos. Et vel sanctus feugiat dolores sed velit amet et duo tation ea ipsum invidunt dolor. Ut rebum stet amet tincidunt magna. Ut nulla vel ipsum vulputate sit eos et. Aliquam facilisis amet invidunt. Aliquyam sanctus et nibh.\nElitr tempor dolor placerat augue dolore ipsum dolore eirmod nostrud diam facilisis. Dolores ea dolor ipsum. Rebum ipsum takimata dolores feugiat duis vero nostrud accumsan sed consetetur dolor accusam. Consetetur stet no facer in. Vel elitr labore diam consetetur dolore at ut et duo justo erat sea sanctus aliquyam invidunt. Takimata ut ipsum volutpat eirmod at suscipit nonumy tempor sanctus tempor. Clita vero quod elitr sed eu et rebum dolores dolor labore est. Diam sanctus gubergren dolore. Ea eos takimata labore dolor dolores dolore nulla ipsum sit et dolor sea at. Enim sea no amet et veniam vero sea voluptua quod.\n","publishDate":"2021-11-07T20:45:26.7324268+00:00"},{"id":6,"title":"Book 6","description":"Ipsum vero lorem justo option takimata hendrerit sed rebum diam vero takimata nibh nobis lobortis ipsum dolor. Ea sed no feugiat sed zzril ea lorem kasd vel laoreet ea volutpat at duo diam. Ea amet ipsum kasd amet et labore. Diam sit sit blandit eirmod kasd est vel et diam dolor. Dolores accusam dolores aliquam luptatum eum aliquyam dolores lorem takimata sit in autem vero diam lorem consetetur. Et ad in lorem dolores ea rebum magna takimata velit ut lorem esse ut ea eum facilisis vero dolore. Feugiat et invidunt lorem eu gubergren hendrerit at lorem augue lorem. Et lorem exerci et ullamcorper dolore. Dolor elitr qui nonumy exerci ea illum tempor gubergren tincidunt dolores dolores nostrud est amet. Accusam eum doming in labore te vel diam sed.\n","pageCount":600,"excerpt":"Eos illum te eum takimata consetetur dolor option dolor no sadipscing sadipscing praesent te aliquyam at lorem invidunt aliquyam. Wisi at lorem sit takimata kasd et et mazim nam quod kasd erat et dolore consequat sit dolor. Nonumy et lorem sed et imperdiet laoreet diam ipsum. Dolores ad diam dolore liber lorem. Magna takimata takimata ipsum velit accusam takimata augue duo vel. Dolor ipsum kasd feugiat consetetur vero takimata lorem vero hendrerit euismod elitr ut et dolore. Facilisis diam blandit erat elitr sed aliquyam sanctus. Sanctus rebum volutpat sit elit et no rebum sadipscing at lorem clita lobortis sanctus magna at commodo.\nMagna rebum accusam rebum ea. Option aliquam zzril ea et ut duo sanctus duo tempor ipsum facilisi ipsum. Lobortis ipsum sed tation no vulputate diam justo soluta ullamcorper lorem in amet et ut rebum labore lorem. Kasd ut ea consetetur dolore eos ipsum magna takimata takimata. Et dolore stet esse et sit tempor kasd et at tempor eum. Gubergren delenit erat vero duis accusam accusam ipsum lorem sanctus elitr diam elitr no luptatum labore vulputate feugait. Dolore labore iusto.\nElit voluptua ea facilisis. Vero diam accumsan et amet illum feugiat consetetur stet vulputate invidunt dolore wisi ut et et. Eos sed nonumy tation eleifend ea sanctus dolores invidunt. Clita ut dolore vulputate velit duis nulla aliquam eum ipsum consequat. Laoreet amet erat sed. At consetetur molestie accusam accusam no dolore dolor voluptua eirmod adipiscing clita sed ea eirmod. Dolor aliquip no sit sit amet accumsan sit aliquyam wisi vel kasd sadipscing sit. Eu et sadipscing clita takimata duo ut est sadipscing nibh dolores tation at. Quis illum vel option placerat clita magna et kasd diam sed lorem dolor invidunt nisl sed et gubergren tation.\nEos ex et aliquyam sed clita rebum et sanctus elit at dolores odio diam amet. Eu magna iusto vero no clita ipsum et molestie wisi kasd labore ut eos elitr sit mazim vero sit. Consetetur ut eleifend eleifend sit eirmod accusam facer lorem eirmod dolore ut iusto diam kasd nulla ipsum dolor. Kasd commodo sed sadipscing vel sit. Aliquyam dolores iriure at vero sit vel. Dolore gubergren et sanctus takimata.\nDolore sed adipiscing labore at. Rebum magna ea dolor ipsum consetetur sed illum ipsum nibh sanctus rebum qui. Tempor lorem nulla dolor ut duo invidunt zzril consequat esse vel dolor hendrerit et accusam. Nulla gubergren exerci lorem dolor invidunt diam sed voluptua sit te eos voluptua. Rebum at voluptua lorem est dolore ea et et vulputate nostrud delenit nulla ea eirmod. Accusam et sea eos lorem sit eirmod amet iusto amet elitr amet et et suscipit consectetuer feugiat. Velit sed wisi feugait ea et zzril sanctus consetetur invidunt consetetur invidunt diam. Facilisis feugiat option velit clita labore. Duo eirmod sanctus diam lorem sed rebum dolor dolore dolores diam est dolores takimata elitr autem. Sanctus in at consetetur dolor ut sanctus ut. Et eos velit blandit labore et erat sed accusam. Nostrud ut clita ad ut ipsum stet et et eleifend eos ipsum invidunt dolores tempor illum in. Diam et ipsum blandit et quod. Diam illum rebum dolore euismod voluptua sanctus tempor. Diam sit sadipscing et eos diam diam. Possim lorem odio aliquyam tempor laoreet aliquyam amet sed accusam dolor sanctus.\n","publishDate":"2021-11-06T20:45:26.7324999+00:00"},{"id":7,"title":"Book 7","description":"Elitr tempor vero clita. Ipsum iusto no tincidunt blandit lorem ipsum voluptua hendrerit nibh ut. Invidunt eros nam aliquyam accusam eirmod. Lorem sea dolores et augue et. Erat et et ipsum diam ipsum nulla enim sed elitr aliquyam erat ipsum feugiat diam doming nonumy hendrerit. Consequat ea stet. Kasd est ipsum sit sea consectetuer ex facer eum sit. Sit iriure at eirmod dolor tempor nonumy diam magna. Lorem elitr ut dolor rebum magna nonumy. Qui invidunt nonumy duo clita et enim te amet voluptua ut et. Nobis sed eos aliquyam zzril et labore takimata takimata ipsum kasd sadipscing ipsum clita erat. Amet consetetur sit accusam et sadipscing rebum ullamcorper et dolore. Sanctus at ea et justo kasd nulla gubergren dolor illum dolores dolores congue. Sit augue facilisi sed voluptua rebum gubergren assum dolor molestie clita labore assum lorem suscipit stet augue sit. Nulla consetetur dolore odio illum eros et nonumy facilisis et dolore dolore diam odio at ea aliquyam. Illum sea gubergren ea consequat diam ad est ut sed invidunt in duo. Et dolore accusam dolor invidunt sed voluptua.\n","pageCount":700,"excerpt":"Sea feugiat aliquam et dignissim ut dolore stet eos feugiat nam amet nonumy dolor clita facilisis lorem nonumy. Elitr voluptua et accusam nobis magna duis erat ex vero delenit eirmod sit. Zzril exerci dolor stet clita. Ipsum tempor diam. Ea vero ut magna. Tincidunt id dolore ipsum eu erat sit tincidunt quis et nisl sea takimata. Accusam sea diam accusam. Exerci clita kasd minim sadipscing diam vero liber ipsum ea est nonumy erat. Duo et nihil amet ea erat ad.\nSed elitr eros lorem sit est. Elitr no sanctus rebum iriure dolores ad dolore nonumy voluptua in. Dolor minim liber kasd accumsan sea nam gubergren in. Et accusam iusto voluptua adipiscing justo ut molestie eos kasd duis minim eos sit sit. Vero dolor sed wisi quod eum. At aliquyam diam est. Ipsum nostrud dolore sit vero dolore eirmod illum at et. Nihil magna ut molestie vel elitr vulputate hendrerit nulla ea vero. Est duo sit consectetuer duis sit diam sit consetetur autem at illum sed et justo sit sed no et. Diam dolor dolore ut et est sed et vero ipsum eum nonummy. Suscipit aliquam diam ex dolore veniam dolor euismod dignissim sed ea voluptua sadipscing no feugait eos. Lorem eleifend lorem.\nElitr voluptua sed minim vulputate duo duis sed aliquyam ipsum stet ipsum accusam erat elitr ea no. Stet nulla nonumy ut clita clita diam eum lorem no molestie. Aliquyam feugiat sed autem sanctus aliquam et sit et ut erat. Aliquyam clita sadipscing eos eirmod eirmod no dolor nonumy ut ut aliquip sea dignissim delenit lorem. Gubergren amet est sanctus kasd et magna at. Consetetur elitr dolor sadipscing eum sed consectetuer at vulputate lorem et est quod. Augue eum erat sit eum sea ipsum laoreet est. Dolor gubergren ex vero ut et nonumy clita et diam minim et sanctus amet takimata takimata duo et. Delenit aliquyam consectetuer dolores vel. Gubergren eu exerci et et sea blandit vulputate vero imperdiet consequat quod stet sit odio gubergren. Eos feugiat tempor lorem diam labore et lorem diam ea sit no diam eirmod feugait duo dolor rebum stet. Elitr ipsum justo gubergren lorem dolore dolores accusam et tincidunt et vero tempor eirmod. Tempor ea lobortis et dolore lorem lorem.\nEt sed dolor ipsum sadipscing euismod et aliquam justo diam et et clita kasd clita no. Dolor vulputate elit magna iusto lorem magna facilisi. Lorem te consetetur erat sadipscing minim lorem at tempor et ut et diam facilisi sea eu magna. Et lorem takimata nonumy labore. Lorem dolor nulla erat dolor sit sea elitr dolore lorem eirmod est in autem justo aliquam odio. Eos consetetur eos enim at ipsum euismod elitr labore magna ea nulla et ipsum diam eu esse sed justo. At molestie duo diam enim vero qui tempor consectetuer. Blandit duo rebum accumsan. Diam nonumy ipsum diam gubergren ipsum vel duo. Accumsan dolores takimata nulla dolor kasd gubergren dolore duo stet gubergren amet. Sit lorem amet aliquyam nonumy vero sadipscing erat et nonumy hendrerit zzril ipsum diam ipsum stet gubergren est amet. Nostrud eirmod ipsum consectetuer amet nonumy dolore magna amet. Et delenit dolor rebum sadipscing ipsum diam zzril zzril ut vero. Accusam accusam ea no consetetur ex laoreet vulputate no at dolore dolore sit sea dignissim et ut. Adipiscing sit facilisis duo aliquyam sadipscing praesent eirmod velit lorem invidunt clita sed eirmod nibh rebum magna. Invidunt clita nulla vero diam et velit no et. Vel labore et. Elit eleifend facilisi augue dolor laoreet.\nSadipscing est ea in sit. Amet duis accusam accusam sed elitr dolor autem ipsum quis et aliquyam. Lorem sed sit no ipsum dolores nulla dolore nostrud congue magna sed sed sit et consetetur eum. Consequat lorem vero vero molestie augue nulla sanctus diam ea autem dolor ipsum ut sanctus no sanctus. At sit nibh ullamcorper quis amet in dolor diam diam wisi elitr eos velit gubergren sit facilisi magna. Tation at et. Dolor sed no labore. Aliquip justo lobortis justo ad accusam dolor nihil commodo eos nisl ullamcorper dolor ipsum.\n","publishDate":"2021-11-05T20:45:26.7325945+00:00"},{"id":8,"title":"Book 8","description":"Sanctus autem duo sadipscing tempor nulla et sea et iriure duo justo rebum dolores et dolor lorem dolor. Dolores dignissim duis nihil gubergren dolor dolore dolor duis feugait ipsum vero. Ipsum dolore sed veniam diam sed sed consequat et delenit ad. Ipsum praesent amet dolore sea nonumy consetetur. Takimata sea rebum sanctus invidunt elitr invidunt nonumy sed est duo eos. Labore accusam magna. Et veniam sea voluptua nibh dolor sanctus et erat. Lorem ipsum et no lorem est justo erat sed vulputate ut et lorem amet dolore. Lorem ea dolor clita sit. Ipsum vero ipsum at ut duo augue kasd sea eos sed tempor accusam. Sea amet rebum. Odio sanctus rebum. Placerat zzril clita iusto et tempor ipsum. Sea duo cum sanctus ad rebum eos eros. Dolores duis feugiat erat sit labore ad minim consetetur amet ipsum sit ut at consectetuer. Et et accusam duo rebum magna hendrerit stet elit molestie eos sit rebum consequat vero eos sanctus.\n","pageCount":800,"excerpt":"Tincidunt consectetuer dolore nonumy nonummy lorem sed dolor eirmod erat elitr minim. Et iusto eirmod illum dolor. Sanctus et et ex rebum clita elit ad aliquip dolor eos minim amet sadipscing. Sea dignissim sed iusto takimata ut. Dignissim ipsum dolores at duo elit sed at nulla magna est aliquyam nonummy molestie commodo erat et volutpat sit. Nulla stet ea nihil sit erat nonumy ea tempor sit no dolore. Et duo duo sit. Sadipscing lorem sit voluptua vero in amet et esse aliquyam vero lorem et est at aliquyam consequat eos.\nSed magna iriure rebum aliquyam nostrud sanctus in nonumy consetetur dolores molestie erat magna. Sit et consectetuer tincidunt ut tempor nulla tempor illum suscipit ea. Lorem velit kasd wisi doming minim illum gubergren clita euismod dignissim odio at lorem nobis dolore sed eirmod. Duis laoreet option eos. Sit gubergren sit dolor dolores consetetur accumsan invidunt vero assum commodo et sanctus et possim et ad et. Dolor ea voluptua amet ipsum ut justo sit. Illum dolor et nonumy minim sit dolore sanctus kasd erat. Duo dolores et dolor diam amet sed.\nEnim dolores sit aliquip eirmod ipsum vero at accusam consequat sit lorem autem erat. Et et stet stet gubergren elitr sanctus kasd stet nonumy. Sadipscing eirmod erat est ut consetetur blandit magna. Et sanctus clita dolores rebum. Hendrerit sed feugiat sed dolor accusam iusto in voluptua dolores ut duis vero sanctus nonumy takimata in gubergren aliquyam. Invidunt sit wisi dolor takimata nulla dolores amet esse ea consetetur. Dolore et justo accusam ipsum sadipscing dolore laoreet nonumy dolore ipsum tempor diam dolor sadipscing eum iriure. Eos et accusam tincidunt sed consequat consetetur. Accusam et eirmod vero ipsum duis hendrerit sit clita quis tempor justo elitr. Feugiat ut sit et elitr vero ea gubergren dolor iriure sea erat et eos. Sanctus sea et voluptua sed et et ea dolore erat at no dolore ut dolor suscipit eos duo dolor. Stet kasd consequat. Et amet clita ea iriure lorem vero amet illum eirmod sanctus. Et sadipscing stet clita stet sed ea sed dolor ipsum vulputate at duo tempor.\nJusto magna augue enim possim invidunt gubergren erat nostrud dolor ut nobis est elit sed nibh erat. Nonumy aliquyam lorem. Autem et elitr sadipscing duo vulputate feugiat tempor delenit sea amet rebum voluptua ipsum mazim gubergren stet delenit dolore. Accusam sea dolores praesent eos sanctus duo sea amet justo luptatum vero diam vel sit mazim et. Dolores facilisi et aliquam suscipit feugiat nam dolor est ut tempor amet invidunt laoreet. Et feugiat accusam lorem no invidunt stet ut eirmod sed amet. Accusam quod at dignissim sit nonumy aliquip magna voluptua dolor duis est invidunt amet consequat qui. Ut consetetur et sed quod justo eirmod aliquyam eirmod clita kasd lobortis eos sed eum kasd facer illum. Aliquyam sanctus tempor autem. Amet justo duo dolor zzril duo magna. Stet quod dolores sed amet ea sit vero tempor lorem nulla. Accusam gubergren ipsum mazim lorem stet delenit diam blandit possim accusam aliquam augue ad wisi est nobis invidunt.\nAd dolore elitr commodo diam lorem ea voluptua eirmod vero voluptua labore tincidunt. Ipsum illum invidunt consetetur consetetur ipsum et consequat dolor eos laoreet. Justo sit lorem elitr facer stet sed consetetur. Duis ex magna et lorem ipsum sadipscing accusam sadipscing at aliquip consetetur. Et magna invidunt elitr eu dolor ipsum sit eirmod dolor at diam erat ea ut dolor ipsum stet. Magna sit autem. Dolore diam nonumy. Aliquyam rebum no amet dolores aliquam sed dolore et sanctus eos ut consetetur amet adipiscing vero dolores. Tempor at labore diam sadipscing suscipit ea. Delenit amet sit amet magna magna possim elitr. Ex erat ut sea sanctus sit. Facilisis sed et erat dolore justo amet. Quis eu sed rebum et justo accusam ut erat diam vero et labore et amet duo clita sit nibh. Elit sed vulputate aliquyam vero voluptua aliquyam duo sit lobortis consetetur dolor illum et est takimata sed et eos.\n","publishDate":"2021-11-04T20:45:26.7326616+00:00"},{"id":9,"title":"Book 9","description":"Sadipscing amet dolores dolore justo at nisl et ipsum dolores ex clita ut sanctus. Voluptua gubergren sed ipsum sadipscing ipsum wisi nulla et. Qui aliquam consectetuer sadipscing diam sanctus feugiat kasd consequat est et esse lorem lorem nonummy facilisi. Amet eirmod stet sit erat vero ex magna aliquyam adipiscing vero et. Sit et nam sit ea sed accusam amet diam kasd et sit feugiat ex. Accusam clita molestie nonumy lobortis id feugiat ut et. Vulputate augue et dolore sit. Cum facilisi feugiat diam eu dolores erat justo. Consequat sed accumsan voluptua sed lorem dolore iriure dolor feugiat justo stet. Duo eu zzril zzril ipsum nonumy nostrud kasd nonumy esse aliquyam. Vulputate consetetur labore et accusam accusam luptatum dolores dolor dolores et sea.\n","pageCount":900,"excerpt":"Stet elitr diam magna labore diam nulla amet velit duis clita. Duis facer elitr diam. Eos at dolore lorem sanctus gubergren magna. Ut lorem sit. Sit duo nulla et aliquyam at lorem accusam sea velit. Feugiat tempor diam te gubergren eirmod feugait gubergren tation voluptua est sadipscing dolor takimata facer sea vel dignissim. No eos eum volutpat assum sit eos kasd sit veniam accusam sanctus lorem illum euismod sanctus dolor et. Quis elitr option sadipscing lorem vulputate amet elitr kasd ea magna duo accusam.\nIriure aliquyam justo et ut rebum. Sea nulla enim dolor accusam dolores sadipscing accusam. Est elitr rebum consetetur elitr nonumy erat sadipscing hendrerit in est sed sit. Vel amet esse ipsum nonumy amet erat minim magna accusam. Eleifend eos commodo zzril duo. Lorem invidunt ea ut at nulla takimata amet esse. Voluptua sed voluptua gubergren facilisis no ea et possim duo eirmod ipsum id duis. Kasd sadipscing eos ut et lorem veniam vero ea diam eirmod wisi sed et. Illum consectetuer laoreet kasd kasd assum sanctus kasd dolor clita sed eu. Sit voluptua delenit facilisis dolor sit dolor rebum duo takimata rebum ut et diam clita lorem assum. Eos sanctus stet odio ipsum magna. Amet justo vulputate eu voluptua diam ea dolores amet eos. Ullamcorper gubergren facilisis delenit gubergren exerci nostrud dolore.\nDolor ut consetetur sed no dolore gubergren est lorem magna volutpat duis aliquyam sit nibh in dolore elitr. Dolor duo et magna eos erat erat et sed sit justo sadipscing. Liber sea laoreet cum consequat gubergren dolores justo ad illum dolor elitr tempor voluptua erat diam nonumy blandit nulla. Nonumy sit sea rebum justo. Sanctus commodo aliquip nonumy ipsum vel. Aliquip sed est. Et amet lorem et luptatum minim ut rebum labore ut invidunt lorem sadipscing aliquyam. Nonumy sed voluptua suscipit sit no dolore facilisi lorem consequat invidunt in erat velit est sit. Vero nihil dolores nulla nonumy kasd in amet. Option ad eirmod voluptua amet no qui invidunt eos feugiat consetetur lorem eos. Takimata accusam hendrerit eos magna tempor eros gubergren gubergren ut lorem sed augue nonumy in lorem dolor. Sadipscing aliquyam vero dolores diam eos lorem sed no sadipscing magna ut tation sit ut sadipscing. Eirmod kasd tempor kasd clita iriure diam. Ipsum ullamcorper sea iriure aliquyam te vero qui suscipit amet sadipscing doming nonumy. Qui tempor ipsum facilisis duis clita no imperdiet elitr diam accusam eu ullamcorper ea no in magna.\nCum labore sit euismod kasd clita sit takimata magna ipsum sit quis dolor eos lorem nonummy. Ut eu amet sed vero takimata ea vulputate nulla sit est diam. Magna rebum at sea ut lorem ut at et dolores ut est. Augue sed erat sea takimata ut et in nisl dolores justo kasd aliquyam diam. Sed facilisi gubergren clita amet ipsum et tempor velit exerci lorem lorem. Nibh tempor minim commodo in accusam consetetur facilisi nulla. Amet dignissim et ut dolor minim vel rebum vulputate et eu wisi rebum takimata lorem qui. Vel lobortis kasd amet lorem autem amet et dolores dolor at lorem gubergren labore facilisis commodo dolor et. Dolor duis assum sed praesent consetetur sit dolore stet sea. Nulla consetetur eirmod rebum et eirmod dolor ut et et eos accusam et erat no dolor. Eirmod justo duo facilisi sed dolor dolores veniam consetetur ipsum te tincidunt. Feugiat eos at voluptua sed ad duis aliquyam tempor. Lobortis sanctus accumsan molestie eu elitr elitr kasd takimata adipiscing molestie. Sadipscing diam volutpat volutpat et odio accusam ipsum vero accusam kasd wisi elitr ullamcorper sit lorem consectetuer sanctus. Invidunt dolor stet.\nAmet elitr est et invidunt invidunt dolor nonumy takimata. Est sit sed euismod gubergren sed sea illum. Et consetetur diam amet et dolor eirmod ullamcorper enim ipsum. Elitr rebum sed magna duo elitr feugiat dolor dolores nonumy aliquam eos minim assum lobortis elit. Sea amet et nulla sit clita ea elitr sed nulla invidunt invidunt lorem amet sanctus labore sea nulla at. Consequat veniam at et facilisi ea minim adipiscing et imperdiet takimata duo sit clita ea. Esse est at dolor erat exerci sed minim nonummy clita duo. Stet eirmod cum sea aliquyam invidunt. Enim accusam ut vel dolore ea dolores invidunt augue et. Velit et eros eirmod erat ipsum et.\n","publishDate":"2021-11-03T20:45:26.7327337+00:00"},{"id":10,"title":"Book 10","description":"Nonumy dignissim adipiscing illum amet adipiscing adipiscing justo et sadipscing lorem accusam. Labore nonumy nihil duo accusam diam praesent clita labore sed velit gubergren eos luptatum ut. Nonummy sit eirmod vulputate clita facilisi consetetur sea accusam nonumy ipsum blandit volutpat dolor dignissim eos. Ad invidunt in no sanctus et at ut option consectetuer. Sed magna eos duo ea consetetur vulputate dolore kasd ea dolore tation erat. Dolor magna sanctus labore rebum justo dolor ad aliquyam diam illum feugiat lorem amet et nonummy justo. Et aliquam volutpat et et aliquyam justo vero stet consetetur clita ut magna eum. Tempor magna sit sit laoreet invidunt sit sit sadipscing tempor stet ut illum consetetur nostrud. Ipsum sit sit lorem feugait velit zzril ipsum illum ea takimata eos ipsum suscipit. Dolor tempor suscipit vel ut dolores diam zzril clita facer blandit ut nonumy odio gubergren. Clita aliquam amet elitr et magna dolor dolor zzril ex erat justo tation. Consetetur iusto esse dolore et enim dolor vel vero gubergren elitr nulla eirmod et at et tation. Labore veniam erat aliquam consequat duis eos et.\n","pageCount":1000,"excerpt":"Et cum nibh. Sea et sit amet magna sea ut quis et et dolore diam sit elitr. In gubergren labore diam kasd zzril elitr labore in voluptua kasd eros blandit labore tempor delenit accusam amet. Lobortis sanctus tempor erat amet ea sanctus. Quod aliquyam stet nam vero magna. Diam diam et facilisis wisi et lorem lorem dolor et gubergren amet tempor voluptua sed. Kasd ullamcorper dolores ipsum tempor ex erat eirmod et sanctus et et est. Lorem duo erat sed facilisi duis magna elitr zzril no elitr sanctus ut sadipscing. Invidunt duo volutpat nulla at no dolor iriure sed tempor no. Rebum placerat quis est magna sed rebum dolor elitr et in lorem aliquyam lobortis ut consetetur. Clita magna qui nonumy et justo tempor labore assum diam dolor velit et amet elitr lorem ipsum esse. Dolor lorem kasd eum esse diam duis magna voluptua. Consectetuer sadipscing accumsan ipsum lorem dolores et facilisi no elit odio eros accusam kasd dolor duo duis. Est consectetuer nonumy veniam justo illum elitr est blandit nisl aliquyam ipsum accusam nonumy kasd dolor dolor dolores. Dolor lorem eirmod justo sed sed est dolor.\nLorem sed odio erat eum at exerci sadipscing vero sed at dolore amet dolores molestie. Kasd sed sed feugiat et feugait molestie stet gubergren. Vulputate eu eos labore stet. Dolore et blandit at sed justo sit rebum accusam. Quis dolore congue sed dignissim ea amet et duo delenit duo duis autem no sadipscing elitr dolor in ut. Nonummy sed sed suscipit erat voluptua duis. Et sed sed et sed clita amet et ea et aliquyam. Amet lorem amet dolore diam eirmod sit gubergren. Tempor amet eirmod et facilisis amet et molestie sadipscing kasd sadipscing dolores tempor sit tempor est. Ut sed ad et nulla magna ad diam gubergren feugiat et facilisis duo. Option et eos clita eos takimata odio duis. Accusam sanctus iusto feugait tempor exerci duis lorem dolor sed eirmod et. Veniam gubergren euismod aliquyam nulla nisl lorem delenit eirmod odio. Aliquam stet dolore tincidunt.\nRebum sed justo magna. Dolore odio aliquam tempor diam vel amet et consectetuer no vulputate dolor no eirmod dolor ut. Justo ad molestie sea consectetuer sit at takimata sit nonumy gubergren lorem. Gubergren blandit sit dolor doming.\nLorem et tation ea ex accusam facilisis sed clita. Tempor suscipit justo zzril feugait sanctus eum et dolor. Consequat et diam feugait.\nInvidunt et eos ut vulputate dolore eu sit labore ipsum takimata nam nibh minim invidunt. Enim rebum ut magna enim amet labore nostrud takimata et vel lorem lorem erat. Rebum voluptua invidunt labore no sanctus. Et voluptua voluptua velit ad sanctus lorem tempor. Sit nisl duo sanctus sed vero elit nulla. Justo erat diam clita stet aliquyam ipsum lorem. Sadipscing eum at illum voluptua eos invidunt rebum no autem magna ut at at et commodo aliquyam. Ut vero ad vulputate sed et adipiscing vulputate duis ea lorem clita. Nonumy duis vel facilisi sed dolor et sit. Et ea rebum invidunt amet justo voluptua. Takimata diam soluta et sanctus aliquyam duis velit ex. Amet accusam diam accusam gubergren dolor labore. Nonumy aliquyam et.\n","publishDate":"2021-11-02T20:45:26.7328042+00:00"},{"id":11,"title":"Book 11","description":"Te augue elitr lorem ea te elitr vero clita rebum amet sea eum nonumy. Gubergren consectetuer dolor nonumy ullamcorper illum et. Amet lorem lorem dolores dolor takimata no aliquyam. Erat erat elitr at accusam voluptua consetetur voluptua dolore. Facilisi in et stet illum sit takimata et voluptua erat dolores. Elit lorem ipsum dolor sanctus augue sadipscing nonumy amet lorem labore labore erat lorem.\n","pageCount":1100,"excerpt":"Nonumy sanctus elitr clita consetetur takimata eos ut ea ut diam commodo diam at. Amet diam odio elit. Accusam congue lorem magna aliquip odio in exerci placerat dolore labore et ut est sadipscing. Ullamcorper eos dolor. Sadipscing duo nonumy liber consetetur amet stet consetetur kasd. Takimata elitr blandit dolores dolore gubergren. Diam kasd at dolor eos stet vel labore dolores rebum accusam et dolores consetetur eos sadipscing dolor diam. Accumsan duis odio liber no dolores ipsum velit vel eros commodo duo. Et duo nonumy dolore sanctus no dignissim magna est sanctus facilisis magna et clita sadipscing eos labore lorem et. Duis vel diam in invidunt dolore erat eum accumsan takimata exerci duo facilisis ipsum et amet illum. Eirmod lobortis et nulla aliquip clita. Vulputate labore et et et gubergren voluptua sit aliquyam doming et option eirmod labore eos. Diam amet erat dolor elitr dolor nulla nulla sadipscing vero vero nonummy consetetur dolor. Aliquyam at sed sit duis sea et.\nDiam consequat erat labore amet. Kasd exerci magna takimata et minim sed delenit tempor aliquam dolore. Sed vero lorem magna nulla dolore erat ut dolore iriure molestie sea. Esse no aliquyam sit tincidunt nobis sanctus commodo hendrerit duis duis. Accusam minim sit diam et sed kasd no sit. Magna nibh eleifend in invidunt iriure dolore amet sit consequat in magna kasd. Gubergren stet feugiat accusam aliquam diam est dolore eirmod ea tempor praesent facilisis sit.\nVoluptua lorem at stet erat clita blandit dolor et diam. Stet amet rebum no nonumy nonumy dolor rebum et nulla in nulla. Nonumy lorem et dolor lorem ipsum facilisis ut esse augue no tempor vulputate. Clita feugait consetetur nibh magna tempor elit placerat et at in dolor duis ut dolores veniam at ut. Invidunt invidunt erat consetetur volutpat ipsum stet. Illum sit eu. Luptatum duo takimata ad sit eos lorem dolor molestie sadipscing ut aliquyam amet facilisis sanctus takimata dolor. Eos esse et ipsum et takimata dolores zzril sit feugiat exerci duo lorem aliquyam nonumy tempor. Nihil aliquyam diam ea hendrerit accusam labore. Elitr sea ea consetetur tempor elitr sanctus at rebum eos sed stet rebum congue labore rebum et dolore dolor. Duo dolor stet elitr augue lorem diam consequat at lorem nisl dolore. Consectetuer diam lorem dolor dolore sea diam nam. Justo sanctus gubergren sea te lorem est ut.\nAmet in invidunt et ullamcorper eos rebum. Autem vulputate illum voluptua et sed molestie consequat consequat labore kasd blandit stet elitr dolor vero vero rebum magna. Sanctus diam diam sit.\nUllamcorper et sit augue veniam sed takimata. Possim et gubergren at invidunt eleifend accusam gubergren dolor possim dolore sadipscing iriure. Sanctus clita ut sadipscing. No lorem nonumy est dolore ea sit et. Eirmod sea eos dolore kasd amet dolor dolore. Ea nulla autem labore dolor magna elitr sea amet sit cum sea molestie aliquyam justo. Eu dignissim amet ipsum sed enim diam euismod amet facilisi sanctus ad at magna imperdiet. Eos sed sadipscing dolore erat tincidunt accusam takimata vel iriure sit erat diam stet ipsum dolor et. Nibh consetetur molestie lorem invidunt amet consequat justo. Dolor at vel nulla dignissim ipsum dolor nonumy dolor sit. Sed elitr amet at adipiscing. Duo kasd at tempor lorem tempor consetetur dolor stet. Consectetuer consequat nihil sadipscing sit gubergren accusam diam labore lorem at ut at ut at dolor. Molestie vero vulputate kasd vero dignissim ex dolore laoreet duis ad lorem. Sit dolore duo vulputate justo consequat. Lorem nonumy ipsum est takimata ullamcorper elit sed gubergren molestie in augue ipsum clita et dolor. Elitr et magna dolor consetetur aliquyam. Justo accusam clita invidunt amet elitr odio et nam clita accusam.\n","publishDate":"2021-11-01T20:45:26.7328629+00:00"},{"id":12,"title":"Book 12","description":"Et eirmod dolor vero nulla at lorem eos justo ipsum kasd tation no vel. Lorem dignissim elitr gubergren erat commodo magna invidunt dolore dolor sit justo et. Sed sed laoreet diam et illum eirmod qui facilisi tation lorem ut. Lorem dolor dolor consetetur tempor in amet et sit aliquip clita no suscipit. Dignissim ipsum congue duis nonumy nonumy ad sed eum ipsum lorem gubergren sit takimata rebum rebum. Takimata et sadipscing eum et aliquyam labore gubergren doming.\n","pageCount":1200,"excerpt":"Invidunt suscipit augue adipiscing euismod labore ea ea consetetur consetetur rebum. Et euismod lorem lorem amet amet vulputate est dignissim eirmod dolor. Dolor lorem et amet vero rebum ipsum dolore ut gubergren ut elitr velit dolore ea vel ut ea. Accumsan elitr ut erat et. Eu eirmod ea lorem sit invidunt esse lobortis exerci ut voluptua kasd ea sed erat hendrerit. Sed eleifend dolor congue sadipscing no hendrerit sanctus duis et duo sea stet nostrud magna. Nostrud et voluptua eirmod nisl ut vero eirmod nisl lorem sit. Diam nulla lobortis diam magna lorem erat dolores accusam vel sea.\nLorem labore ea volutpat sadipscing doming at consetetur sed at dolor lorem velit duis et. Stet elitr consetetur sea labore et elitr vel erat et no aliquyam rebum magna. Dolores et ea et sit. Possim stet dolor diam eirmod elit labore eos invidunt kasd diam.\nTakimata odio rebum iusto eos dolore elitr dolor. Dolor vulputate iriure no dolor augue enim eum vulputate sed nonumy invidunt. Commodo vero dolore amet aliquip sea no elitr duo justo no et sed. Dolore facilisi elitr diam sea diam sit ut ut magna et dolore assum eos exerci dignissim eos. Tempor vel sed. Accumsan et stet.\nImperdiet sed blandit. Eirmod facilisi eos sit ut ipsum sit magna nonummy sadipscing dolore nonumy. Magna et nonumy invidunt lorem. Liber consetetur vulputate nulla et adipiscing dolore dignissim diam at ipsum laoreet lorem.\nMagna elitr et tempor hendrerit. Magna labore sed eos takimata sit velit sed. Enim sanctus erat nulla stet kasd magna ipsum possim dolore dolor sed vero sanctus amet et stet suscipit. Sit aliquyam justo. Ullamcorper euismod vero kasd dolor est hendrerit nibh consetetur. Invidunt sed elitr elitr sanctus velit amet sed nostrud id euismod. Vel sea sed et ea. Ea autem eos clita sed. At dolor nonumy enim eos sadipscing sit ipsum feugait sed tempor.\n","publishDate":"2021-10-31T20:45:26.7328984+00:00"},{"id":13,"title":"Book 13","description":"Augue ullamcorper et sed at esse facilisis lorem ad labore amet. Odio et clita lorem eu sed vero diam augue sit est et dolores sanctus lorem vel in. Kasd tempor ea labore diam sea ea in et autem autem nihil sadipscing blandit eirmod erat velit. Labore iusto ipsum mazim dolor. Sed stet aliquip amet vero labore dolore dolores no dolor sanctus augue et odio et eos amet tempor sea. Sadipscing dolores ut stet diam ad et adipiscing ad ipsum dolores eirmod vero. Diam diam sanctus lorem enim. Rebum erat nonumy eros et sed ut rebum dolore nibh esse kasd molestie lorem rebum clita eirmod magna. Tempor ea aliquam iusto sanctus enim justo nonumy gubergren ea ipsum luptatum justo est kasd. Consequat iriure minim. Dolor ea sanctus. Et ipsum at. Vero euismod sed eirmod tation sadipscing. Et amet sanctus et no diam accusam at volutpat sea stet diam vero.\n","pageCount":1300,"excerpt":"Zzril ut elitr. Odio kasd no option lorem et sadipscing amet ea eu tempor rebum sanctus tempor rebum diam. Ut sit iusto rebum ea vulputate tation clita odio clita duo dolor sea sed consetetur feugiat accusam est. At ea ipsum sea luptatum dolore takimata consetetur elit at sanctus. Eum ipsum diam vero eirmod aliquam no placerat diam qui dolor et enim at ipsum sanctus ipsum consetetur elit. Et clita dolor nulla magna in sanctus ipsum elitr imperdiet voluptua. Option sit feugait lorem dolore est est aliquyam clita stet vero invidunt duis et sanctus laoreet hendrerit sit invidunt. Erat volutpat nonumy eos dolor et duo erat. Et zzril tincidunt in blandit ut stet lorem lorem at ipsum. Vulputate elitr no stet kasd magna qui diam. Sed feugait vero takimata sanctus sed clita magna volutpat clita nam aliquip luptatum nonumy. Augue minim no vulputate ipsum kasd in elitr facilisis stet te rebum aliquyam kasd ut nonumy autem.\nExerci diam est duo augue et aliquip erat ut stet sed justo molestie ut gubergren duo. Est sit stet tempor elitr duo aliquyam sit stet illum et gubergren clita eos takimata dolor. Dolor no no erat sit stet et adipiscing invidunt aliquyam. Sadipscing nonumy gubergren ipsum vero et duo dolore sed sed dignissim sanctus accumsan et et eirmod. Vulputate dolore vero ipsum lorem invidunt diam dolor. Et voluptua tempor dolor vero est aliquyam duis ipsum accumsan diam option dolore et est. Duo sea exerci invidunt soluta at kasd at sed amet. Magna dolor labore molestie assum amet. Clita ut consetetur magna molestie wisi velit at ipsum euismod lorem justo. Dolores justo no sanctus clita. Vel lorem nulla ipsum minim eirmod aliquyam dolores duis dolores. Tempor clita lorem. Erat dolor option invidunt dignissim sit duis vero sanctus duo eros augue elitr aliquam aliquyam eirmod et. At ea iriure dolore stet aliquip enim.\nTempor sea et facilisi stet justo lorem stet eos erat justo sed dolores sit rebum accusam. Dolor qui est vel amet nulla ea aliquyam consetetur duo invidunt invidunt et lorem qui erat ea clita. Consequat autem clita dolor aliquam ut kasd sadipscing sit ea nibh stet. Sed dolores delenit stet eirmod nobis veniam clita. Autem assum dignissim diam invidunt. Dolor labore dolore ut eirmod nostrud eirmod qui nonumy gubergren ex sit erat tempor duo feugiat dolores. Dignissim clita dolor duo sanctus sea dolore et sea accumsan sit sadipscing. Dolore amet sadipscing nonummy vel duo at at lorem diam vel at ipsum soluta accusam vel tincidunt diam nulla. Et blandit at odio clita nulla vero. Vulputate ut eos qui delenit tempor accusam sit ut sed est erat hendrerit aliquyam luptatum feugait lorem mazim. Eos sadipscing tempor aliquip. Lorem facilisi sea eu et possim. Diam consetetur est nam.\nClita aliquyam dolores dolore sadipscing imperdiet duo tempor dolores sadipscing et dolores amet et nonumy ut blandit diam ea. Consectetuer lorem sea sed nonumy velit rebum at dolores invidunt invidunt eos duo dolor vero dolor tempor. Wisi no duo aliquyam tempor augue nonumy nulla at iusto quis rebum at erat. Aliquyam dolor sit eirmod et et ipsum et elitr consequat elit takimata sit erat iriure sed sed tempor. Diam diam ut dolor minim stet nonumy gubergren veniam hendrerit nostrud ipsum clita takimata praesent. Dolore eum at consectetuer dolores magna sadipscing voluptua duis et sanctus sadipscing magna ipsum ut molestie sit. Magna duo consetetur diam ipsum no molestie et vero feugait. Molestie justo labore no rebum ipsum feugiat et est amet duis sit no vulputate. Takimata dolor clita amet voluptua diam in imperdiet est adipiscing gubergren no clita amet ipsum et. Ea kasd sed sanctus eos stet. Amet eirmod et placerat justo. Accusam duo et dolore dolor tempor lorem takimata consequat sea feugait et sed delenit ipsum accusam dolores esse takimata. Dolor erat ipsum eum rebum labore et amet lorem nonumy justo labore.\nAd quis feugait et congue euismod commodo sit justo accusam ipsum et sed. Vel at et lobortis duis clita est sed magna molestie sit dolores et no voluptua amet. Nostrud dolore et sit elitr feugiat dignissim tempor stet clita sit gubergren. Consetetur magna vero sit adipiscing accusam dolores molestie duo sit voluptua. Diam et sed nulla feugait diam hendrerit sea et consetetur justo. Et possim dolor. Praesent erat lorem commodo magna voluptua nonummy nonumy veniam justo diam liber sed est. Eirmod diam imperdiet dolor suscipit at et laoreet eos sit ut minim eirmod clita minim duo sed eos. Dolores vel consequat elitr facer ea stet. Justo placerat sit tempor lorem sed ipsum ipsum facer tempor molestie takimata diam et amet voluptua nam. Adipiscing erat sed lorem amet ut autem. Eirmod tempor et ipsum takimata tempor aliquyam invidunt. Aliquyam duis no invidunt amet dolore rebum accusam dolore eos molestie et feugait eu accusam invidunt. Dolor ut eum justo dolor quis. Consequat sed doming sanctus mazim congue duis sed sed et justo autem nihil consetetur ipsum.\n","publishDate":"2021-10-30T20:45:26.7329785+00:00"},{"id":14,"title":"Book 14","description":"Erat amet illum eos diam imperdiet euismod et clita dolore tempor. Invidunt lorem tation ut dignissim amet nulla labore facilisis ipsum labore accumsan takimata consectetuer in rebum et ut aliquyam. Et sit sed est aliquyam sed nonummy rebum et ut aliquyam dolores. Dolores sit et nibh nostrud elitr consetetur et rebum tempor duis duo iusto at euismod takimata lorem autem. Dolores sit feugait eos. Blandit est facilisis tempor stet justo elitr duo esse quis sed eum at illum amet ea invidunt aliquyam nam.\n","pageCount":1400,"excerpt":"Tempor at et sanctus eos consequat lorem dolor dolore consetetur euismod facilisis. Diam et rebum facilisis kasd sit quis feugiat sit consetetur blandit iriure consequat enim tempor iriure amet et lorem. Iusto magna eu augue dolore. Amet eirmod doming lorem illum luptatum duo eos takimata sanctus dolor at dolor eros ipsum. Suscipit dolor eos amet facer et. Lorem et eos dolore tempor. Dolor at labore consetetur esse rebum dolore tempor sit consetetur ipsum vero diam. Dolore diam ut ipsum sanctus invidunt no. Justo amet tempor adipiscing nonumy nonumy doming esse gubergren erat aliquyam voluptua iriure dolore. Ut vel erat. Hendrerit exerci ipsum nonumy enim. Et consequat no amet et sadipscing feugiat esse ut velit labore diam ipsum ut. Nostrud diam consequat eos feugiat dolor clita sit eos est. Magna stet dolores invidunt et accusam est est amet magna consectetuer vel in et volutpat est at. Dolore consetetur te clita sadipscing dolor dolore in suscipit invidunt sed. Consequat volutpat eos aliquyam sea justo odio lorem at stet ut luptatum nonumy et eos.\nIpsum ea feugiat stet nonummy sed sed rebum. Accusam duis ipsum sed illum justo. In labore et dignissim gubergren tincidunt ipsum et voluptua sit justo in sed et tempor feugiat dolore. Ea et dolore lorem gubergren dolore feugiat.\nLorem eirmod sed stet ipsum et eos delenit dolore sea erat. Kasd amet dolor autem. Et volutpat diam dolor diam accusam dolor et dolore ipsum sed in at. Eirmod amet invidunt amet amet ut accusam est iriure magna. Clita ut amet dolor dolor et amet ut praesent no ea dolore in. Ut invidunt dolor kasd labore vulputate et accusam diam sadipscing erat vero aliquam dolor sed. Amet accusam autem hendrerit consequat aliquip placerat justo nostrud diam. Accusam no erat eos rebum te consetetur consequat nonummy suscipit nulla exerci ipsum sanctus est dolore eros. Volutpat ut feugiat id dolor no consetetur praesent est velit clita no clita takimata takimata eros amet. Amet justo suscipit dolore tincidunt eos gubergren sit ut erat luptatum et gubergren at rebum vero.\nIpsum id kasd invidunt veniam rebum sanctus vero vel amet clita et ut accusam. Hendrerit esse takimata magna ut amet sea sea ut amet. Dolores et amet.\nIusto ea augue diam invidunt clita no est erat at sit tempor dolores labore. Nulla consetetur vel ipsum. Sea aliquam takimata ipsum sed et dolore. Veniam imperdiet duo diam stet dolor takimata. Takimata sit gubergren sanctus et ut et no consetetur est consetetur dolores tincidunt gubergren iriure eum ut rebum facer. Takimata eleifend nibh sanctus. Sed voluptua ad tation vulputate vero ea no vero consequat. Diam magna et elitr aliquyam sed lorem vero eos diam erat nonumy est aliquam sit ipsum sed.\n","publishDate":"2021-10-29T20:45:26.733042+00:00"},{"id":15,"title":"Book 15","description":"At liber sea eum esse sed in volutpat et dolore at elitr consequat no lorem justo kasd dolore. Assum consetetur dolor ut dolore dolore kasd et duis eirmod lorem at est justo aliquyam sed liber. Ut minim dolore molestie. Ea duis no invidunt imperdiet dolore vulputate tempor diam dolores magna et labore sed amet sit. Ut nonumy dolore sed praesent tempor sea. Invidunt erat in. Diam sit dolores dolores amet eu consetetur dolor amet et no. Vel rebum feugait eos autem. Eos ut lorem. Sadipscing eros ipsum aliquip dolore sea est stet eros clita sit blandit rebum dolores. Lorem vulputate ea sanctus tempor justo sed aliquyam consetetur gubergren justo kasd molestie. Diam invidunt et nulla dolor no et clita sea amet invidunt dolor dolore lobortis. Sed dolores vel tincidunt diam dolor diam et rebum duis sit. Eum autem gubergren dolor dolor hendrerit dolor ut eros vero tempor lorem sea diam elitr sit rebum accusam erat.\n","pageCount":1500,"excerpt":"Ut tempor in justo justo sanctus elit qui ipsum elitr ipsum. Takimata diam illum nihil. Nonumy nulla aliquyam esse molestie et aliquyam consetetur ut hendrerit blandit eirmod ipsum sadipscing dolores commodo aliquam rebum no. Erat diam amet ipsum duo dolor nobis qui duis dolor sed et ipsum kasd magna dolor sanctus facilisis. Et delenit ut volutpat esse magna nonummy. Ipsum dolor nulla ullamcorper amet nibh dolore sea clita consetetur at et no labore amet. Wisi gubergren gubergren invidunt elitr stet ea sadipscing est adipiscing nisl eirmod et feugiat ipsum accusam molestie. Tempor nobis accusam enim rebum duis elitr ipsum justo no clita et esse tempor tempor erat. Euismod facer doming voluptua invidunt. Ut luptatum blandit. Elitr eirmod ut sit placerat. Sed dolor in nonumy lorem minim. Diam eirmod sadipscing sanctus aliquyam ea dolor dignissim. Elitr facilisis facer duis elitr ea dolor augue et rebum id aliquyam amet lorem velit clita accusam in consetetur. Dolor justo nibh gubergren. Dolore stet no magna. Ut nisl et elitr amet eos et sed in diam amet rebum ea vero accusam. Imperdiet nulla laoreet consetetur gubergren no volutpat. At assum lorem nibh vel sadipscing vero elitr.\nNihil eirmod nulla. Ipsum augue et erat augue duo iriure dolore aliquip aliquyam velit labore et augue dolor tempor. Sadipscing ut iusto consectetuer facilisis eos facilisis takimata justo eirmod tempor amet consectetuer diam et amet. Nonumy stet vero magna et dolore amet consetetur et at sanctus consequat tempor. Exerci gubergren et est dolor no tation diam velit sed eos rebum ut nonummy aliquyam justo minim placerat et. Iriure accusam delenit rebum sit enim.\nQuod stet magna possim eirmod clita. In diam dolor no elitr rebum clita. Ipsum elitr duo sit sed rebum stet dolores et ea dolore. Justo magna id sea lorem est luptatum dolor sea dignissim. Aliquyam duis ea nulla sed accusam sanctus elitr et magna lorem ea est erat amet. Elitr facilisis dolor invidunt invidunt sit nulla quod sadipscing dolor et kasd accusam ipsum gubergren. Sit nonumy tempor ut eros invidunt accusam sit et at ea gubergren ipsum ea esse sed. Diam vero et rebum erat.\nEt diam amet. Tempor dolor et eos accusam ex esse et elitr ipsum. Consequat suscipit dolores justo kasd consequat aliquyam diam. Rebum laoreet sea feugiat. Stet dolores ea hendrerit lorem vel accusam vero dolore sea lorem lorem mazim aliquyam. Eros aliquam amet lorem invidunt eos amet dolor. Est sit zzril et accusam gubergren molestie gubergren invidunt molestie et velit magna sadipscing esse esse dolore. Sea no lorem accusam no lorem tincidunt dolor. Ut tempor rebum sit eirmod ipsum tempor accusam consequat eu est dolore odio hendrerit dolor ea sea suscipit. Eirmod stet stet in amet elit et velit stet rebum sadipscing luptatum quis clita wisi autem. No duo nulla et sit. Ipsum blandit magna. Magna molestie liber sed sit minim et ea vel et duis magna velit lorem delenit at takimata.\nConsetetur invidunt ipsum consetetur tempor possim sea at et invidunt elitr kasd vel justo diam labore justo sadipscing vero. Eirmod ut et tempor hendrerit sea quis nibh dolore lorem diam consectetuer nostrud consectetuer tempor. Vel in enim clita. Molestie voluptua sed eos gubergren ea stet et kasd et dolore duo ipsum erat dolor magna. Tempor erat at rebum tincidunt imperdiet sadipscing no accusam labore magna ut dolore dolore quod tempor et blandit no. Consectetuer magna consetetur aliquip dolore amet amet consetetur et diam et quis takimata qui. Ipsum consetetur aliquyam no vel lobortis ad exerci aliquyam magna feugiat et eum ut duis. Erat vel molestie ut est consequat sadipscing commodo in dolore ipsum iriure magna clita hendrerit. Nostrud augue ipsum kasd invidunt ullamcorper erat et et. Stet stet zzril dolores dolor odio consequat ipsum nostrud at et ut dolore duo. Duis et sit takimata duo sed duo et accusam nonumy aliquyam cum invidunt sit cum diam rebum consequat rebum.\n","publishDate":"2021-10-28T20:45:26.7331079+00:00"},{"id":16,"title":"Book 16","description":"Dolor vero amet tincidunt vero erat erat delenit euismod kasd eum iusto gubergren no eum labore luptatum dolor. Nonumy imperdiet facilisis kasd et ipsum consectetuer ut no ex est dolor qui feugiat erat quod eos stet ipsum. Ea ea amet. Diam ut magna dolor elitr kasd eos et eos sit. Id elitr ea exerci euismod vero nonummy gubergren gubergren et ullamcorper sed consetetur elit. Et est diam sea lorem. Sit et labore molestie accusam sed in dolor illum sanctus hendrerit ex ea ipsum invidunt exerci invidunt eos justo. No ut consetetur ipsum sea tempor rebum diam sed dolor.\n","pageCount":1600,"excerpt":"Sit ipsum sadipscing tempor magna nonumy lorem et amet clita consequat stet et elitr aliquyam diam autem. Ut rebum et clita sit et accusam magna veniam duo. Luptatum sanctus sed. Lorem ut iriure diam no nonummy aliquyam lorem volutpat accusam ea odio ea dolore elit sea tempor dolor sed.\nSit eos justo gubergren suscipit amet sadipscing invidunt takimata ut suscipit. Dolor lorem diam. Sit dolor lorem eirmod voluptua consectetuer placerat dignissim duis takimata lorem 
[...]
eos et no no nonummy tempor voluptua accusam rebum et dolores magna magna. Eros molestie suscipit et lorem sea est ut et te diam erat et dolor dolore labore diam. Tation ipsum eu voluptua et no sit duo magna diam diam et accusam no dolor ut enim erat enim. Sit sed molestie esse sit amet eirmod lorem facer accumsan nonummy vel nulla dolor dignissim eros clita. Ea duo et invidunt. Ea rebum stet.\n","pageCount":1500,"excerpt":"Sed magna ipsum sanctus et nostrud rebum ut feugiat sed sadipscing et voluptua sit sed sed feugait te. Et nonumy eum et. Et aliquyam dolor ea eirmod aliquam gubergren. Voluptua dolore eirmod. Accusam euismod in ea est ipsum amet duo euismod diam ut. No tempor sed amet erat diam sed ea no volutpat justo dolore luptatum eirmod ipsum stet sit. Consetetur consetetur delenit tempor dolor justo et aliquyam ea justo commodo nisl. Et sanctus dolore sanctus at rebum suscipit in tation diam cum sit ex invidunt lorem et. Sit et consectetuer et lorem. Molestie ipsum nisl eirmod duo eirmod et no est et feugiat et. Adipiscing nibh no et sed et aliquip. Amet invidunt et et facilisis dolor gubergren molestie delenit vero et. Quis dolores dolor sadipscing sed est sit ut et. Aliquyam voluptua et lorem ut dolor elitr amet est lorem et nonumy aliquyam.\nEt diam dolor clita nonumy feugait dolor sanctus vulputate elitr dolor at et vero sanctus et qui erat feugiat. Diam labore consetetur lorem diam dolore wisi sit duo dolore odio sed et et et consequat vero in diam. Ea lorem quis clita lorem. Voluptua dolor lorem labore eos. Nulla augue magna stet nulla sadipscing feugiat euismod. Dolor tempor dignissim ut diam gubergren consetetur exerci lorem vero sed aliquyam sed et invidunt sanctus eos amet. Labore vero esse minim et elitr.\nVero dolore ut dolor at aliquyam iriure sea esse. At at clita dolore. Diam ea ipsum. Ad no stet dolore dolores elitr sanctus no accusam sanctus iusto ea at. At assum laoreet et iusto lorem gubergren dolor rebum. Magna sanctus at stet. Diam amet commodo dolores lorem accusam sed kasd adipiscing vulputate hendrerit justo et accumsan dolor at suscipit augue ut. Clita et nam et amet magna magna consetetur veniam ut te dolores sadipscing takimata. Iriure sanctus duo. Delenit ipsum vero sed sit rebum ut lobortis sanctus clita vero nam sadipscing magna laoreet ullamcorper.\nNo sit vero et eirmod duo ea diam. Voluptua quis in sed lobortis dolor ut. At vel dolores diam sed magna. Ea consequat diam dolor duo et tempor et et. Nulla amet sit stet ipsum no diam vero takimata no consetetur nostrud et sit ea esse te ex. Vel dolores ipsum dignissim.\nAd aliquyam velit feugiat consetetur eos adipiscing doming sit elitr elitr odio illum gubergren te. Ea est eos vel et sed lorem dolore erat ut consequat sadipscing vel lobortis praesent facilisis clita takimata. Aliquyam accumsan sit stet ea illum dolores et hendrerit eos duo ipsum sed ipsum sea ea. Sed ipsum ut tempor gubergren eirmod autem esse eirmod diam voluptua minim consetetur elit. Vero gubergren elit labore duo sed esse et ipsum nulla dolor takimata kasd elitr. Erat amet est et dolor et voluptua aliquyam dolor. Dolores at dolore consetetur et nulla eos clita praesent eos magna. Vero amet ut no invidunt ex. Aliquyam erat dolor ea facilisis no lorem tation et eu.\n","publishDate":"2021-10-28T20:45:29.9482577+00:00"} 
 </msg>
<msg timestamp="20211112 17:44:40.911" level="INFO">D:\Arquivos de Programas\Python3\lib\site-packages\urllib3\connectionpool.py:1013: InsecureRequestWarning: Unverified HTTPS request is being made to host 'fakerestapi.azurewebsites.net'. Adding certificate verification is strongly advised. See: https://urllib3.readthedocs.io/en/1.26.x/advanced-usage.html#ssl-warnings
  warnings.warn(</msg>
<msg timestamp="20211112 17:44:40.912" level="INFO">${RESPOSTA} = &lt;Response [200]&gt;</msg>
<status status="PASS" starttime="20211112 17:44:40.669" endtime="20211112 17:44:40.912"/>
</kw>
<kw name="Log" library="BuiltIn">
<arg>${RESPOSTA.text}</arg>
<doc>Logs the given message with the given level.</doc>
<msg timestamp="20211112 17:44:40.913" level="INFO">{"id":15,"title":"Book 15","description":"Sed mazim ea vel luptatum sea sadipscing elitr ea. Iusto et rebum dolores justo sed duis clita lorem duo stet gubergren duo lorem gubergren erat elit gubergren. Takimata hendrerit eirmod ut dignissim at in id consetetur voluptua lorem diam. Dolores accusam eos et no no nonummy tempor voluptua accusam rebum et dolores magna magna. Eros molestie suscipit et lorem sea est ut et te diam erat et dolor dolore labore diam. Tation ipsum eu voluptua et no sit duo magna diam diam et accusam no dolor ut enim erat enim. Sit sed molestie esse sit amet eirmod lorem facer accumsan nonummy vel nulla dolor dignissim eros clita. Ea duo et invidunt. Ea rebum stet.\n","pageCount":1500,"excerpt":"Sed magna ipsum sanctus et nostrud rebum ut feugiat sed sadipscing et voluptua sit sed sed feugait te. Et nonumy eum et. Et aliquyam dolor ea eirmod aliquam gubergren. Voluptua dolore eirmod. Accusam euismod in ea est ipsum amet duo euismod diam ut. No tempor sed amet erat diam sed ea no volutpat justo dolore luptatum eirmod ipsum stet sit. Consetetur consetetur delenit tempor dolor justo et aliquyam ea justo commodo nisl. Et sanctus dolore sanctus at rebum suscipit in tation diam cum sit ex invidunt lorem et. Sit et consectetuer et lorem. Molestie ipsum nisl eirmod duo eirmod et no est et feugiat et. Adipiscing nibh no et sed et aliquip. Amet invidunt et et facilisis dolor gubergren molestie delenit vero et. Quis dolores dolor sadipscing sed est sit ut et. Aliquyam voluptua et lorem ut dolor elitr amet est lorem et nonumy aliquyam.\nEt diam dolor clita nonumy feugait dolor sanctus vulputate elitr dolor at et vero sanctus et qui erat feugiat. Diam labore consetetur lorem diam dolore wisi sit duo dolore odio sed et et et consequat vero in diam. Ea lorem quis clita lorem. Voluptua dolor lorem labore eos. Nulla augue magna stet nulla sadipscing feugiat euismod. Dolor tempor dignissim ut diam gubergren consetetur exerci lorem vero sed aliquyam sed et invidunt sanctus eos amet. Labore vero esse minim et elitr.\nVero dolore ut dolor at aliquyam iriure sea esse. At at clita dolore. Diam ea ipsum. Ad no stet dolore dolores elitr sanctus no accusam sanctus iusto ea at. At assum laoreet et iusto lorem gubergren dolor rebum. Magna sanctus at stet. Diam amet commodo dolores lorem accusam sed kasd adipiscing vulputate hendrerit justo et accumsan dolor at suscipit augue ut. Clita et nam et amet magna magna consetetur veniam ut te dolores sadipscing takimata. Iriure sanctus duo. Delenit ipsum vero sed sit rebum ut lobortis sanctus clita vero nam sadipscing magna laoreet ullamcorper.\nNo sit vero et eirmod duo ea diam. Voluptua quis in sed lobortis dolor ut. At vel dolores diam sed magna. Ea consequat diam dolor duo et tempor et et. Nulla amet sit stet ipsum no diam vero takimata no consetetur nostrud et sit ea esse te ex. Vel dolores ipsum dignissim.\nAd aliquyam velit feugiat consetetur eos adipiscing doming sit elitr elitr odio illum gubergren te. Ea est eos vel et sed lorem dolore erat ut consequat sadipscing vel lobortis praesent facilisis clita takimata. Aliquyam accumsan sit stet ea illum dolores et hendrerit eos duo ipsum sed ipsum sea ea. Sed ipsum ut tempor gubergren eirmod autem esse eirmod diam voluptua minim consetetur elit. Vero gubergren elit labore duo sed esse et ipsum nulla dolor takimata kasd elitr. Erat amet est et dolor et voluptua aliquyam dolor. Dolores at dolore consetetur et nulla eos clita praesent eos magna. Vero amet ut no invidunt ex. Aliquyam erat dolor ea facilisis no lorem tation et eu.\n","publishDate":"2021-10-28T20:45:29.9482577+00:00"}</msg>
<status status="PASS" starttime="20211112 17:44:40.912" endtime="20211112 17:44:40.913"/>
</kw>
<kw name="Set Test Variable" library="BuiltIn">
<arg>${RESPOSTA}</arg>
<doc>Makes a variable available everywhere within the scope of the current test.</doc>
<msg timestamp="20211112 17:44:40.913" level="INFO">${RESPOSTA} = &lt;Response [200]&gt;</msg>
<status status="PASS" starttime="20211112 17:44:40.913" endtime="20211112 17:44:40.913"/>
</kw>
<status status="PASS" starttime="20211112 17:44:40.669" endtime="20211112 17:44:40.913"/>
</kw>
<kw name="Conferir o status code" library="ResourceAPI">
<arg>200</arg>
<kw name="Should Be Equal As Strings" library="BuiltIn">
<arg>${RESPOSTA.status_code}</arg>
<arg>${STATUSCODE_DESEJADO}</arg>
<doc>Fails if objects are unequal after converting them to strings.</doc>
<msg timestamp="20211112 17:44:40.914" level="INFO">Argument types are:
&lt;class 'int'&gt;
&lt;type 'unicode'&gt;</msg>
<status status="PASS" starttime="20211112 17:44:40.914" endtime="20211112 17:44:40.914"/>
</kw>
<status status="PASS" starttime="20211112 17:44:40.913" endtime="20211112 17:44:40.914"/>
</kw>
<kw name="Conferir o reason" library="ResourceAPI">
<arg>OK</arg>
<kw name="Should Be Equal As Strings" library="BuiltIn">
<arg>${RESPOSTA.reason}</arg>
<arg>${REASON_DESEJADO}</arg>
<doc>Fails if objects are unequal after converting them to strings.</doc>
<status status="PASS" starttime="20211112 17:44:40.915" endtime="20211112 17:44:40.915"/>
</kw>
<status status="PASS" starttime="20211112 17:44:40.915" endtime="20211112 17:44:40.916"/>
</kw>
<kw name="Conferir se retorna todos os dados corretos do livro 15" library="ResourceAPI">
<kw name="Dictionary Should Contain Item" library="Collections">
<arg>${RESPOSTA.json()}</arg>
<arg>id</arg>
<arg>${BOOK_15.id}</arg>
<doc>An item of ``key`` / ``value`` must be found in a ``dictionary``.</doc>
<status status="PASS" starttime="20211112 17:44:40.916" endtime="20211112 17:44:40.917"/>
</kw>
<kw name="Dictionary Should Contain Item" library="Collections">
<arg>${RESPOSTA.json()}</arg>
<arg>title</arg>
<arg>${BOOK_15.title}</arg>
<doc>An item of ``key`` / ``value`` must be found in a ``dictionary``.</doc>
<status status="PASS" starttime="20211112 17:44:40.917" endtime="20211112 17:44:40.918"/>
</kw>
<kw name="Dictionary Should Contain Item" library="Collections">
<arg>${RESPOSTA.json()}</arg>
<arg>pageCount</arg>
<arg>${BOOK_15.pageCount}</arg>
<doc>An item of ``key`` / ``value`` must be found in a ``dictionary``.</doc>
<status status="PASS" starttime="20211112 17:44:40.918" endtime="20211112 17:44:40.918"/>
</kw>
<kw name="Should Not Be Empty" library="BuiltIn">
<arg>${RESPOSTA.json()["description"]}</arg>
<doc>Verifies that the given item is not empty.</doc>
<msg timestamp="20211112 17:44:40.919" level="INFO">Length is 654</msg>
<status status="PASS" starttime="20211112 17:44:40.918" endtime="20211112 17:44:40.919"/>
</kw>
<kw name="Should Not Be Empty" library="BuiltIn">
<arg>${RESPOSTA.json()["excerpt"]}</arg>
<doc>Verifies that the given item is not empty.</doc>
<msg timestamp="20211112 17:44:40.919" level="INFO">Length is 2850</msg>
<status status="PASS" starttime="20211112 17:44:40.919" endtime="20211112 17:44:40.919"/>
</kw>
<kw name="Should Not Be Empty" library="BuiltIn">
<arg>${RESPOSTA.json()["publishDate"]}</arg>
<doc>Verifies that the given item is not empty.</doc>
<msg timestamp="20211112 17:44:40.920" level="INFO">Length is 33</msg>
<status status="PASS" starttime="20211112 17:44:40.919" endtime="20211112 17:44:40.920"/>
</kw>
<status status="PASS" starttime="20211112 17:44:40.916" endtime="20211112 17:44:40.920"/>
</kw>
<tag>CT-002</tag>
<status status="PASS" starttime="20211112 17:44:40.669" endtime="20211112 17:44:40.920"/>
</test>
<test id="s1-s1-t3" name="Cadastrar um novo livro (POST)">
<kw name="Cadastrar um novo livro" library="ResourceAPI">
<kw name="POST On Session" library="RequestsLibrary">
<var>${RESPOSTA}</var>
<arg>fakeAPI</arg>
<arg>/Books</arg>
<arg>data={"id": ${BOOK_201.id},"title": "${BOOK_201.title}","description": "${BOOK_201.description}", "pageCount": ${BOOK_201.pageCount},"excerpt": "${BOOK_201.excerpt}","publishDate": "${BOOK_201.publishDate}"}</arg>
<arg>headers=${HEADERS}</arg>
<doc>Sends a POST request on a previously created HTTP Session.</doc>
<msg timestamp="20211112 17:44:41.129" level="INFO">POST Request : url=https://fakerestapi.azurewebsites.net/api/v1/Books 
 path_url=/api/v1/Books 
 headers={'User-Agent': 'python-requests/2.26.0', 'Accept-Encoding': 'gzip, deflate', 'Accept': '*/*', 'Connection': 'keep-alive', 'content-type': 'application/json', 'Content-Length': '1000'} 
 body={"id": 201,"title": "Teste","description": "Lorem ipsum dolor sit amet, consectetur adipiscing elit. Nulla ultrices odio tortor, id dapibus neque interdum tempus. Phasellus ultrices sapien risus, eu interdum enim lacinia sed. Morbi quis interdum velit. Aliquam ut dictum tellus, et vehicula arcu. Cras condimentum ipsum vel tempus venenatis. Curabitur eu diam eget ex scelerisque euismod. Donec quam est, mollis sit amet ipsum sed, condimentum porta tellus. Praesent tempus porta nulla, eu aliquam justo fermentum sit amet. Fusce scelerisque suscipit sem cursus varius. Curabitur venenatis sed nibh nec ullamcorper. Aliquam nec dapibus augue. Sed quis turpis leo. Mauris leo arcu, congue vitae ultrices quis, malesuada non metus. Etiam eu tortor in est aliquet vehicula. Fusce hendrerit eget leo pellentesque sagittis. Donec egestas nisi dapibus purus faucibus pharetra.", "pageCount": 10,"excerpt": "Lorem ipsum dolor sit amet, consectetur adipiscing elit","publishDate": "2021-11-12T06:31:08.070Z"} 
 </msg>
<msg timestamp="20211112 17:44:41.129" level="INFO">POST Response : url=https://fakerestapi.azurewebsites.net/api/v1/Books 
 status=200, reason=OK 
 headers={'Transfer-Encoding': 'chunked', 'Content-Type': 'application/json; charset=utf-8; v=1.0', 'Server': 'Kestrel', 'api-supported-versions': '1.0', 'Date': 'Fri, 12 Nov 2021 20:45:29 GMT'} 
 body={"id":201,"title":"Teste","description":"Lorem ipsum dolor sit amet, consectetur adipiscing elit. Nulla ultrices odio tortor, id dapibus neque interdum tempus. Phasellus ultrices sapien risus, eu interdum enim lacinia sed. Morbi quis interdum velit. Aliquam ut dictum tellus, et vehicula arcu. Cras condimentum ipsum vel tempus venenatis. Curabitur eu diam eget ex scelerisque euismod. Donec quam est, mollis sit amet ipsum sed, condimentum porta tellus. Praesent tempus porta nulla, eu aliquam justo fermentum sit amet. Fusce scelerisque suscipit sem cursus varius. Curabitur venenatis sed nibh nec ullamcorper. Aliquam nec dapibus augue. Sed quis turpis leo. Mauris leo arcu, congue vitae ultrices quis, malesuada non metus. Etiam eu tortor in est aliquet vehicula. Fusce hendrerit eget leo pellentesque sagittis. Donec egestas nisi dapibus purus faucibus pharetra.","pageCount":10,"excerpt":"Lorem ipsum dolor sit amet, consectetur adipiscing elit","publishDate":"2021-11-12T06:31:08.07Z"} 
 </msg>
<msg timestamp="20211112 17:44:41.129" level="INFO">D:\Arquivos de Programas\Python3\lib\site-packages\urllib3\connectionpool.py:1013: InsecureRequestWarning: Unverified HTTPS request is being made to host 'fakerestapi.azurewebsites.net'. Adding certificate verification is strongly advised. See: https://urllib3.readthedocs.io/en/1.26.x/advanced-usage.html#ssl-warnings
  warnings.warn(</msg>
<msg timestamp="20211112 17:44:41.130" level="INFO">${RESPOSTA} = &lt;Response [200]&gt;</msg>
<status status="PASS" starttime="20211112 17:44:40.922" endtime="20211112 17:44:41.130"/>
</kw>
<kw name="Log" library="BuiltIn">
<arg>${RESPOSTA.text}</arg>
<doc>Logs the given message with the given level.</doc>
<msg timestamp="20211112 17:44:41.130" level="INFO">{"id":201,"title":"Teste","description":"Lorem ipsum dolor sit amet, consectetur adipiscing elit. Nulla ultrices odio tortor, id dapibus neque interdum tempus. Phasellus ultrices sapien risus, eu interdum enim lacinia sed. Morbi quis interdum velit. Aliquam ut dictum tellus, et vehicula arcu. Cras condimentum ipsum vel tempus venenatis. Curabitur eu diam eget ex scelerisque euismod. Donec quam est, mollis sit amet ipsum sed, condimentum porta tellus. Praesent tempus porta nulla, eu aliquam justo fermentum sit amet. Fusce scelerisque suscipit sem cursus varius. Curabitur venenatis sed nibh nec ullamcorper. Aliquam nec dapibus augue. Sed quis turpis leo. Mauris leo arcu, congue vitae ultrices quis, malesuada non metus. Etiam eu tortor in est aliquet vehicula. Fusce hendrerit eget leo pellentesque sagittis. Donec egestas nisi dapibus purus faucibus pharetra.","pageCount":10,"excerpt":"Lorem ipsum dolor sit amet, consectetur adipiscing elit","publishDate":"2021-11-12T06:31:08.07Z"}</msg>
<status status="PASS" starttime="20211112 17:44:41.130" endtime="20211112 17:44:41.130"/>
</kw>
<kw name="Set Test Variable" library="BuiltIn">
<arg>${RESPOSTA}</arg>
<doc>Makes a variable available everywhere within the scope of the current test.</doc>
<msg timestamp="20211112 17:44:41.131" level="INFO">${RESPOSTA} = &lt;Response [200]&gt;</msg>
<status status="PASS" starttime="20211112 17:44:41.130" endtime="20211112 17:44:41.131"/>
</kw>
<status status="PASS" starttime="20211112 17:44:40.922" endtime="20211112 17:44:41.131"/>
</kw>
<kw name="Conferir se retorna todos os dados cadastrados para o novo livro" library="ResourceAPI">
<kw name="Dictionary Should Contain Item" library="Collections">
<arg>${RESPOSTA.json()}</arg>
<arg>id</arg>
<arg>${BOOK_201.id}</arg>
<doc>An item of ``key`` / ``value`` must be found in a ``dictionary``.</doc>
<status status="PASS" starttime="20211112 17:44:41.131" endtime="20211112 17:44:41.132"/>
</kw>
<kw name="Dictionary Should Contain Item" library="Collections">
<arg>${RESPOSTA.json()}</arg>
<arg>title</arg>
<arg>${BOOK_201.title}</arg>
<doc>An item of ``key`` / ``value`` must be found in a ``dictionary``.</doc>
<status status="PASS" starttime="20211112 17:44:41.132" endtime="20211112 17:44:41.133"/>
</kw>
<kw name="Dictionary Should Contain Item" library="Collections">
<arg>${RESPOSTA.json()}</arg>
<arg>pageCount</arg>
<arg>${BOOK_201.pageCount}</arg>
<doc>An item of ``key`` / ``value`` must be found in a ``dictionary``.</doc>
<status status="PASS" starttime="20211112 17:44:41.133" endtime="20211112 17:44:41.134"/>
</kw>
<kw name="Should Not Be Empty" library="BuiltIn">
<arg>${RESPOSTA.json()["description"]}</arg>
<doc>Verifies that the given item is not empty.</doc>
<msg timestamp="20211112 17:44:41.134" level="INFO">Length is 826</msg>
<status status="PASS" starttime="20211112 17:44:41.134" endtime="20211112 17:44:41.134"/>
</kw>
<kw name="Should Not Be Empty" library="BuiltIn">
<arg>${RESPOSTA.json()["excerpt"]}</arg>
<doc>Verifies that the given item is not empty.</doc>
<msg timestamp="20211112 17:44:41.135" level="INFO">Length is 55</msg>
<status status="PASS" starttime="20211112 17:44:41.134" endtime="20211112 17:44:41.135"/>
</kw>
<kw name="Should Not Be Empty" library="BuiltIn">
<arg>${RESPOSTA.json()["publishDate"]}</arg>
<doc>Verifies that the given item is not empty.</doc>
<msg timestamp="20211112 17:44:41.135" level="INFO">Length is 23</msg>
<status status="PASS" starttime="20211112 17:44:41.135" endtime="20211112 17:44:41.135"/>
</kw>
<status status="PASS" starttime="20211112 17:44:41.131" endtime="20211112 17:44:41.135"/>
</kw>
<tag>CT-003</tag>
<status status="PASS" starttime="20211112 17:44:40.921" endtime="20211112 17:44:41.136"/>
</test>
<doc>Documentação da API: https://fakerestapi.azurewebsites.net/index.html</doc>
<status status="PASS" starttime="20211112 17:44:36.362" endtime="20211112 17:44:41.137"/>
</suite>
<status status="PASS" starttime="20211112 17:44:36.343" endtime="20211112 17:44:41.139"/>
</suite>
<statistics>
<total>
<stat pass="3" fail="0" skip="0">All Tests</stat>
</total>
<tag>
<stat pass="1" fail="0" skip="0">CT-001</stat>
<stat pass="1" fail="0" skip="0">CT-002</stat>
<stat pass="1" fail="0" skip="0">CT-003</stat>
</tag>
<suite>
<stat pass="3" fail="0" skip="0" id="s1" name="Tests">Tests</stat>
<stat pass="3" fail="0" skip="0" id="s1-s1" name="TestCasesAPIBooks">Tests.TestCasesAPIBooks</stat>
</suite>
</statistics>
<errors>
</errors>
</robot>
