<?xml version="1.0" encoding="UTF-8"?>
<robot generator="Robot 4.1.2 (Python 3.10.0 on win32)" generated="20211105 10:49:48.207" rpa="false" schemaversion="2">
<suite id="s1" name="Teste" source="D:\PROJETOS_GITHUB\python\QArentenaRobot\Teste.robot">
<test id="s1-t1" name="Caso de Teste 01 - Pesquisar um post">
<kw name="Acessar a página do blog" library="ResourceTeste" type="SETUP">
<kw name="Open Browser" library="SeleniumLibrary">
<arg>url=${URL}</arg>
<arg>browser=${BROWSER}</arg>
<doc>Opens a new browser instance to the optional ``url``.</doc>
<msg timestamp="20211105 10:49:48.388" level="INFO">Opening browser 'chrome' to base url 'https://robotizandotestes.blogspot.com/'.</msg>
<status status="PASS" starttime="20211105 10:49:48.387" endtime="20211105 10:49:53.090"/>
</kw>
<kw name="Title Should Be" library="SeleniumLibrary">
<arg>Robotizando Testes</arg>
<doc>Verifies that the current page title equals ``title``.</doc>
<msg timestamp="20211105 10:49:53.093" level="INFO">Page title is 'Robotizando Testes'.</msg>
<status status="PASS" starttime="20211105 10:49:53.090" endtime="20211105 10:49:53.093"/>
</kw>
<status status="PASS" starttime="20211105 10:49:48.387" endtime="20211105 10:49:53.094"/>
</kw>
<kw name="Pesquisar por um post com &quot;Season Premiere: Introdução ao Robot Framework&quot;" library="ResourceTeste" sourcename="Pesquisar por um post com &quot;${TEXTO_PESQUISA}&quot;">
<kw name="Wait Until Element Is Visible" library="SeleniumLibrary">
<arg>locator=${BTN_PESQUISAR}</arg>
<doc>Waits until the element ``locator`` is visible.</doc>
<status status="PASS" starttime="20211105 10:49:53.094" endtime="20211105 10:49:53.110"/>
</kw>
<kw name="Click Button" library="SeleniumLibrary">
<arg>${BTN_PESQUISAR}</arg>
<doc>Clicks the button identified by ``locator``.</doc>
<msg timestamp="20211105 10:49:53.111" level="INFO">Clicking button 'css=button.search-expand.touch-icon-button'.</msg>
<status status="PASS" starttime="20211105 10:49:53.110" endtime="20211105 10:49:53.150"/>
</kw>
<kw name="Input Text" library="SeleniumLibrary">
<arg>${INPUT_PESQUISAR}</arg>
<arg>${TEXTO_PESQUISA}</arg>
<doc>Types the given ``text`` into the text field identified by ``locator``.</doc>
<msg timestamp="20211105 10:49:53.150" level="INFO">Typing text 'Season Premiere: Introdução ao Robot Framework' into text field 'name=q'.</msg>
<status status="PASS" starttime="20211105 10:49:53.150" endtime="20211105 10:49:53.213"/>
</kw>
<kw name="Click Element" library="SeleniumLibrary">
<arg>${SUBMIT_PESQUISAR}</arg>
<doc>Click the element identified by ``locator``.</doc>
<msg timestamp="20211105 10:49:53.214" level="INFO">Clicking element 'css=input.search-action.flat-button'.</msg>
<status status="PASS" starttime="20211105 10:49:53.214" endtime="20211105 10:49:55.376"/>
</kw>
<status status="PASS" starttime="20211105 10:49:53.094" endtime="20211105 10:49:55.376"/>
</kw>
<kw name="Conferir mensagem de pesquisa por &quot;Mostrando postagens que correspondem à pesquisa por Season Premiere: Introdução ao Robot Framework&quot;" library="ResourceTeste" sourcename="Conferir mensagem de pesquisa por &quot;${RESULT_PESQUISA}&quot;">
<kw name="Page Should Contain" library="SeleniumLibrary">
<arg>${RESULT_PESQUISA}</arg>
<doc>Verifies that current page contains ``text``.</doc>
<msg timestamp="20211105 10:49:55.388" level="INFO">Current page contains text 'Mostrando postagens que correspondem à pesquisa por Season Premiere: Introdução ao Robot Framework'.</msg>
<status status="PASS" starttime="20211105 10:49:55.377" endtime="20211105 10:49:55.388"/>
</kw>
<status status="PASS" starttime="20211105 10:49:55.376" endtime="20211105 10:49:55.388"/>
</kw>
<kw name="Fechar o browser" library="ResourceTeste" type="TEARDOWN">
<kw name="Close Browser" library="SeleniumLibrary">
<doc>Closes the current browser.</doc>
<status status="PASS" starttime="20211105 10:49:55.389" endtime="20211105 10:49:57.456"/>
</kw>
<status status="PASS" starttime="20211105 10:49:55.389" endtime="20211105 10:49:57.456"/>
</kw>
<status status="PASS" starttime="20211105 10:49:48.386" endtime="20211105 10:49:57.457"/>
</test>
<test id="s1-t2" name="Caso de Teste 02 - Ler um post">
<kw name="Acessar a página do blog" library="ResourceTeste" type="SETUP">
<kw name="Open Browser" library="SeleniumLibrary">
<arg>url=${URL}</arg>
<arg>browser=${BROWSER}</arg>
<doc>Opens a new browser instance to the optional ``url``.</doc>
<msg timestamp="20211105 10:49:57.459" level="INFO">Opening browser 'chrome' to base url 'https://robotizandotestes.blogspot.com/'.</msg>
<status status="PASS" starttime="20211105 10:49:57.458" endtime="20211105 10:50:02.021"/>
</kw>
<kw name="Title Should Be" library="SeleniumLibrary">
<arg>Robotizando Testes</arg>
<doc>Verifies that the current page title equals ``title``.</doc>
<msg timestamp="20211105 10:50:02.025" level="INFO">Page title is 'Robotizando Testes'.</msg>
<status status="PASS" starttime="20211105 10:50:02.021" endtime="20211105 10:50:02.025"/>
</kw>
<status status="PASS" starttime="20211105 10:49:57.458" endtime="20211105 10:50:02.025"/>
</kw>
<kw name="Acessar o post &quot;Season Premiere: Introdução ao Robot Framework&quot;" library="ResourceTeste" sourcename="Acessar o post &quot;${TEXTO_PESQUISA}&quot;">
<kw name="Pesquisar por um post com &quot;${TEXTO_PESQUISA}&quot;" library="ResourceTeste" sourcename="Pesquisar por um post com &quot;${TEXTO_PESQUISA}&quot;">
<kw name="Wait Until Element Is Visible" library="SeleniumLibrary">
<arg>locator=${BTN_PESQUISAR}</arg>
<doc>Waits until the element ``locator`` is visible.</doc>
<status status="PASS" starttime="20211105 10:50:02.026" endtime="20211105 10:50:02.041"/>
</kw>
<kw name="Click Button" library="SeleniumLibrary">
<arg>${BTN_PESQUISAR}</arg>
<doc>Clicks the button identified by ``locator``.</doc>
<msg timestamp="20211105 10:50:02.041" level="INFO">Clicking button 'css=button.search-expand.touch-icon-button'.</msg>
<status status="PASS" starttime="20211105 10:50:02.041" endtime="20211105 10:50:02.077"/>
</kw>
<kw name="Input Text" library="SeleniumLibrary">
<arg>${INPUT_PESQUISAR}</arg>
<arg>${TEXTO_PESQUISA}</arg>
<doc>Types the given ``text`` into the text field identified by ``locator``.</doc>
<msg timestamp="20211105 10:50:02.078" level="INFO">Typing text 'Season Premiere: Introdução ao Robot Framework' into text field 'name=q'.</msg>
<status status="PASS" starttime="20211105 10:50:02.077" endtime="20211105 10:50:02.139"/>
</kw>
<kw name="Click Element" library="SeleniumLibrary">
<arg>${SUBMIT_PESQUISAR}</arg>
<doc>Click the element identified by ``locator``.</doc>
<msg timestamp="20211105 10:50:02.140" level="INFO">Clicking element 'css=input.search-action.flat-button'.</msg>
<status status="PASS" starttime="20211105 10:50:02.139" endtime="20211105 10:50:04.214"/>
</kw>
<status status="PASS" starttime="20211105 10:50:02.026" endtime="20211105 10:50:04.215"/>
</kw>
<kw name="Click Element" library="SeleniumLibrary">
<arg>${LINK_POST}</arg>
<doc>Click the element identified by ``locator``.</doc>
<msg timestamp="20211105 10:50:04.215" level="INFO">Clicking element 'xpath=//a[contains(text(), 'Season Premiere: Introdução ao Robot Framework')]'.</msg>
<status status="PASS" starttime="20211105 10:50:04.215" endtime="20211105 10:50:05.833"/>
</kw>
<kw name="Wait Until Page Contains" library="SeleniumLibrary">
<arg>O que é Robot Framework?</arg>
<doc>Waits until ``text`` appears on the current page.</doc>
<status status="PASS" starttime="20211105 10:50:05.833" endtime="20211105 10:50:05.843"/>
</kw>
<status status="PASS" starttime="20211105 10:50:02.026" endtime="20211105 10:50:05.843"/>
</kw>
<kw name="Conferir se a imagem do robô aparece" library="ResourceTeste">
<kw name="Page Should Contain Image" library="SeleniumLibrary">
<arg>${IMG_ROBO}</arg>
<doc>Verifies image identified by ``locator`` is found from current page.</doc>
<msg timestamp="20211105 10:50:05.854" level="INFO">Current page contains image 'xpath=//img[contains(@src, 'if_Robot_18_385830_grande')]'.</msg>
<status status="PASS" starttime="20211105 10:50:05.844" endtime="20211105 10:50:05.854"/>
</kw>
<status status="PASS" starttime="20211105 10:50:05.843" endtime="20211105 10:50:05.855"/>
</kw>
<kw name="Conferir se o texto &quot;nesse post vou apresentar-lhes o astro deste blog&quot; aparece" library="ResourceTeste" sourcename="Conferir se o texto &quot;${TEXTO_LEITURA}&quot; aparece">
<kw name="Page Should Contain" library="SeleniumLibrary">
<arg>${TEXTO_LEITURA}</arg>
<doc>Verifies that current page contains ``text``.</doc>
<msg timestamp="20211105 10:50:05.864" level="INFO">Current page contains text 'nesse post vou apresentar-lhes o astro deste blog'.</msg>
<status status="PASS" starttime="20211105 10:50:05.855" endtime="20211105 10:50:05.864"/>
</kw>
<status status="PASS" starttime="20211105 10:50:05.855" endtime="20211105 10:50:05.864"/>
</kw>
<kw name="Fechar o browser" library="ResourceTeste" type="TEARDOWN">
<kw name="Close Browser" library="SeleniumLibrary">
<doc>Closes the current browser.</doc>
<status status="PASS" starttime="20211105 10:50:05.865" endtime="20211105 10:50:07.929"/>
</kw>
<status status="PASS" starttime="20211105 10:50:05.865" endtime="20211105 10:50:07.930"/>
</kw>
<status status="PASS" starttime="20211105 10:49:57.458" endtime="20211105 10:50:07.931"/>
</test>
<status status="PASS" starttime="20211105 10:49:48.208" endtime="20211105 10:50:07.932"/>
</suite>
<statistics>
<total>
<stat pass="2" fail="0" skip="0">All Tests</stat>
</total>
<tag>
</tag>
<suite>
<stat pass="2" fail="0" skip="0" id="s1" name="Teste">Teste</stat>
</suite>
</statistics>
<errors>
</errors>
</robot>
