<?xml version="1.0" encoding="UTF-8"?>
<robot generator="Robot 4.1.2 (Python 3.10.0 on win32)" generated="20211111 00:45:34.358" rpa="false" schemaversion="2">
<suite id="s1" name="Tests" source="D:\PROJETOS_GITHUB\python\CursoRobotWeb\tests">
<suite id="s1-s1" name="TestCurso" source="D:\PROJETOS_GITHUB\python\CursoRobotWeb\tests\TestCurso.robot">
<test id="s1-s1-t1" name="Caso de Teste 01 - Pesquisar produto existente">
<kw name="Abrir o Navegador" library="Resource" type="SETUP">
<kw name="Open Browser" library="SeleniumLibrary">
<arg>${URL}</arg>
<arg>${BROWSER}</arg>
<doc>Opens a new browser instance to the optional ``url``.</doc>
<msg timestamp="20211111 00:45:34.541" level="INFO">Opening browser 'Chrome' to base url 'http://automationpractice.com'.</msg>
<status status="PASS" starttime="20211111 00:45:34.541" endtime="20211111 00:45:39.688"/>
</kw>
<status status="PASS" starttime="20211111 00:45:34.541" endtime="20211111 00:45:39.688"/>
</kw>
<kw name="Dado que estou na home do site">
<kw name="Acessar a Home" library="Resource">
<kw name="Go To" library="SeleniumLibrary">
<arg>${URL}</arg>
<doc>Navigates the current browser window to the provided ``url``.</doc>
<msg timestamp="20211111 00:45:39.690" level="INFO">Opening url 'http://automationpractice.com'</msg>
<status status="PASS" starttime="20211111 00:45:39.690" endtime="20211111 00:45:41.436"/>
</kw>
<kw name="Wait Until Element Is Visible" library="SeleniumLibrary">
<arg>xpath=//*[@id="block_top_menu"]/ul</arg>
<doc>Waits until the element ``locator`` is visible.</doc>
<status status="PASS" starttime="20211111 00:45:41.436" endtime="20211111 00:45:41.460"/>
</kw>
<kw name="Title Should Be" library="SeleniumLibrary">
<arg>My Store</arg>
<doc>Verifies that the current page title equals ``title``.</doc>
<msg timestamp="20211111 00:45:41.463" level="INFO">Page title is 'My Store'.</msg>
<status status="PASS" starttime="20211111 00:45:41.460" endtime="20211111 00:45:41.463"/>
</kw>
<status status="PASS" starttime="20211111 00:45:39.689" endtime="20211111 00:45:41.464"/>
</kw>
<status status="PASS" starttime="20211111 00:45:39.689" endtime="20211111 00:45:41.464"/>
</kw>
<kw name="Quando pesquiso por &quot;Blouse&quot;" sourcename="Quando pesquiso por &quot;${PRODUTO}&quot;">
<kw name="Pesquisar &quot;${PRODUTO}&quot; no campo de busca" library="Resource" sourcename="Pesquisar &quot;${PRODUTO}&quot; no campo de busca">
<kw name="Input Text" library="SeleniumLibrary">
<arg>name=search_query</arg>
<arg>${PRODUTO}</arg>
<doc>Types the given ``text`` into the text field identified by ``locator``.</doc>
<msg timestamp="20211111 00:45:41.465" level="INFO">Typing text 'Blouse' into text field 'name=search_query'.</msg>
<status status="PASS" starttime="20211111 00:45:41.465" endtime="20211111 00:45:41.518"/>
</kw>
<kw name="Click Element" library="SeleniumLibrary">
<arg>name=submit_search</arg>
<doc>Click the element identified by ``locator``.</doc>
<msg timestamp="20211111 00:45:41.519" level="INFO">Clicking element 'name=submit_search'.</msg>
<status status="PASS" starttime="20211111 00:45:41.518" endtime="20211111 00:45:42.667"/>
</kw>
<status status="PASS" starttime="20211111 00:45:41.464" endtime="20211111 00:45:42.668"/>
</kw>
<status status="PASS" starttime="20211111 00:45:41.464" endtime="20211111 00:45:42.668"/>
</kw>
<kw name="Então o produto &quot;Blouse&quot; deve ser listado nos resultados da busca" sourcename="Então o produto &quot;${PRODUTO}&quot; deve ser listado nos resultados da busca">
<kw name="Conferir se o &quot;${PRODUTO}&quot; foi listado" library="Resource" sourcename="Conferir se o &quot;${PRODUTO}&quot; foi listado">
<kw name="Wait Until Element Is Visible" library="SeleniumLibrary">
<arg>css=#center_column &gt; h1</arg>
<doc>Waits until the element ``locator`` is visible.</doc>
<status status="PASS" starttime="20211111 00:45:42.669" endtime="20211111 00:45:42.684"/>
</kw>
<kw name="Title Should Be" library="SeleniumLibrary">
<arg>Search - My Store</arg>
<doc>Verifies that the current page title equals ``title``.</doc>
<msg timestamp="20211111 00:45:42.687" level="INFO">Page title is 'Search - My Store'.</msg>
<status status="PASS" starttime="20211111 00:45:42.684" endtime="20211111 00:45:42.687"/>
</kw>
<kw name="Page Should Contain Image" library="SeleniumLibrary">
<arg>xpath=//*[@id="center_column"]//*[@src='${URL}/img/p/7/7-home_default.jpg']</arg>
<doc>Verifies image identified by ``locator`` is found from current page.</doc>
<msg timestamp="20211111 00:45:42.697" level="INFO">Current page contains image 'xpath=//*[@id="center_column"]//*[@src='http://automationpractice.com/img/p/7/7-home_default.jpg']'.</msg>
<status status="PASS" starttime="20211111 00:45:42.687" endtime="20211111 00:45:42.697"/>
</kw>
<kw name="Page Should Contain Link" library="SeleniumLibrary">
<arg>xpath=//*[@id='center_column']//a[@class='product-name'][contains(text(), "Blouse")]</arg>
<doc>Verifies link identified by ``locator`` is found from current page.</doc>
<msg timestamp="20211111 00:45:42.707" level="INFO">Current page contains link 'xpath=//*[@id='center_column']//a[@class='product-name'][contains(text(), "Blouse")]'.</msg>
<status status="PASS" starttime="20211111 00:45:42.697" endtime="20211111 00:45:42.707"/>
</kw>
<status status="PASS" starttime="20211111 00:45:42.668" endtime="20211111 00:45:42.707"/>
</kw>
<status status="PASS" starttime="20211111 00:45:42.668" endtime="20211111 00:45:42.707"/>
</kw>
<kw name="Fechar o Navegador" library="Resource" type="TEARDOWN">
<kw name="Close Browser" library="SeleniumLibrary">
<doc>Closes the current browser.</doc>
<status status="PASS" starttime="20211111 00:45:42.708" endtime="20211111 00:45:44.789"/>
</kw>
<status status="PASS" starttime="20211111 00:45:42.708" endtime="20211111 00:45:44.789"/>
</kw>
<tag>CT-001</tag>
<status status="PASS" starttime="20211111 00:45:34.540" endtime="20211111 00:45:44.789"/>
</test>
<test id="s1-s1-t2" name="Caso de Teste 02 - Pesquisar produto não existente">
<kw name="Abrir o Navegador" library="Resource" type="SETUP">
<kw name="Open Browser" library="SeleniumLibrary">
<arg>${URL}</arg>
<arg>${BROWSER}</arg>
<doc>Opens a new browser instance to the optional ``url``.</doc>
<msg timestamp="20211111 00:45:44.791" level="INFO">Opening browser 'Chrome' to base url 'http://automationpractice.com'.</msg>
<status status="PASS" starttime="20211111 00:45:44.790" endtime="20211111 00:45:49.848"/>
</kw>
<status status="PASS" starttime="20211111 00:45:44.790" endtime="20211111 00:45:49.848"/>
</kw>
<kw name="Dado que estou na home do site">
<kw name="Acessar a Home" library="Resource">
<kw name="Go To" library="SeleniumLibrary">
<arg>${URL}</arg>
<doc>Navigates the current browser window to the provided ``url``.</doc>
<msg timestamp="20211111 00:45:49.850" level="INFO">Opening url 'http://automationpractice.com'</msg>
<status status="PASS" starttime="20211111 00:45:49.849" endtime="20211111 00:45:51.541"/>
</kw>
<kw name="Wait Until Element Is Visible" library="SeleniumLibrary">
<arg>xpath=//*[@id="block_top_menu"]/ul</arg>
<doc>Waits until the element ``locator`` is visible.</doc>
<status status="PASS" starttime="20211111 00:45:51.541" endtime="20211111 00:45:51.562"/>
</kw>
<kw name="Title Should Be" library="SeleniumLibrary">
<arg>My Store</arg>
<doc>Verifies that the current page title equals ``title``.</doc>
<msg timestamp="20211111 00:45:51.565" level="INFO">Page title is 'My Store'.</msg>
<status status="PASS" starttime="20211111 00:45:51.563" endtime="20211111 00:45:51.565"/>
</kw>
<status status="PASS" starttime="20211111 00:45:49.849" endtime="20211111 00:45:51.565"/>
</kw>
<status status="PASS" starttime="20211111 00:45:49.849" endtime="20211111 00:45:51.565"/>
</kw>
<kw name="Quando pesquiso por &quot;itemNãoExistente&quot;" sourcename="Quando pesquiso por &quot;${PRODUTO}&quot;">
<kw name="Pesquisar &quot;${PRODUTO}&quot; no campo de busca" library="Resource" sourcename="Pesquisar &quot;${PRODUTO}&quot; no campo de busca">
<kw name="Input Text" library="SeleniumLibrary">
<arg>name=search_query</arg>
<arg>${PRODUTO}</arg>
<doc>Types the given ``text`` into the text field identified by ``locator``.</doc>
<msg timestamp="20211111 00:45:51.566" level="INFO">Typing text 'itemNãoExistente' into text field 'name=search_query'.</msg>
<status status="PASS" starttime="20211111 00:45:51.566" endtime="20211111 00:45:51.622"/>
</kw>
<kw name="Click Element" library="SeleniumLibrary">
<arg>name=submit_search</arg>
<doc>Click the element identified by ``locator``.</doc>
<msg timestamp="20211111 00:45:51.622" level="INFO">Clicking element 'name=submit_search'.</msg>
<status status="PASS" starttime="20211111 00:45:51.622" endtime="20211111 00:45:53.301"/>
</kw>
<status status="PASS" starttime="20211111 00:45:51.565" endtime="20211111 00:45:53.302"/>
</kw>
<status status="PASS" starttime="20211111 00:45:51.565" endtime="20211111 00:45:53.302"/>
</kw>
<kw name="Então devo ver a mensagem de erro &quot;No results were found for your search &quot;itemNãoExistente&quot;&quot;" sourcename="Então devo ver a mensagem de erro &quot;${MENSAGEM_ERRO}&quot;">
<kw name="Conferir mensagem de erro &quot;${MENSAGEM_ERRO}&quot;" library="Resource" sourcename="Conferir mensagem de erro &quot;${MENSAGEM_ERRO}&quot;">
<kw name="Wait Until Element Is Visible" library="SeleniumLibrary">
<arg>xpath=//*[@id="center_column"]//p[@class="alert alert-warning"]</arg>
<doc>Waits until the element ``locator`` is visible.</doc>
<status status="PASS" starttime="20211111 00:45:53.303" endtime="20211111 00:45:53.319"/>
</kw>
<kw name="Element Text Should Be" library="SeleniumLibrary">
<arg>xpath=//*[@id="center_column"]//p[@class="alert alert-warning"]</arg>
<arg>${MENSAGEM_ERRO}</arg>
<doc>Verifies that element ``locator`` contains exact the text ``expected``.</doc>
<msg timestamp="20211111 00:45:53.319" level="INFO">Verifying element 'xpath=//*[@id="center_column"]//p[@class="alert alert-warning"]' contains exact text 'No results were found for your search "itemNãoExistente"'.</msg>
<status status="PASS" starttime="20211111 00:45:53.319" endtime="20211111 00:45:53.331"/>
</kw>
<status status="PASS" starttime="20211111 00:45:53.302" endtime="20211111 00:45:53.331"/>
</kw>
<status status="PASS" starttime="20211111 00:45:53.302" endtime="20211111 00:45:53.332"/>
</kw>
<kw name="Fechar o Navegador" library="Resource" type="TEARDOWN">
<kw name="Close Browser" library="SeleniumLibrary">
<doc>Closes the current browser.</doc>
<status status="PASS" starttime="20211111 00:45:53.333" endtime="20211111 00:45:55.411"/>
</kw>
<status status="PASS" starttime="20211111 00:45:53.333" endtime="20211111 00:45:55.412"/>
</kw>
<tag>CT-002</tag>
<status status="PASS" starttime="20211111 00:45:44.790" endtime="20211111 00:45:55.413"/>
</test>
<test id="s1-s1-t3" name="Caso de Teste 03 - Listar Produtos">
<kw name="Abrir o Navegador" library="Resource" type="SETUP">
<kw name="Open Browser" library="SeleniumLibrary">
<arg>${URL}</arg>
<arg>${BROWSER}</arg>
<doc>Opens a new browser instance to the optional ``url``.</doc>
<msg timestamp="20211111 00:45:55.415" level="INFO">Opening browser 'Chrome' to base url 'http://automationpractice.com'.</msg>
<status status="PASS" starttime="20211111 00:45:55.415" endtime="20211111 00:46:01.467"/>
</kw>
<status status="PASS" starttime="20211111 00:45:55.414" endtime="20211111 00:46:01.467"/>
</kw>
<kw name="Dado que estou na home do site">
<kw name="Acessar a Home" library="Resource">
<kw name="Go To" library="SeleniumLibrary">
<arg>${URL}</arg>
<doc>Navigates the current browser window to the provided ``url``.</doc>
<msg timestamp="20211111 00:46:01.468" level="INFO">Opening url 'http://automationpractice.com'</msg>
<status status="PASS" starttime="20211111 00:46:01.468" endtime="20211111 00:46:04.330"/>
</kw>
<kw name="Wait Until Element Is Visible" library="SeleniumLibrary">
<arg>xpath=//*[@id="block_top_menu"]/ul</arg>
<doc>Waits until the element ``locator`` is visible.</doc>
<status status="PASS" starttime="20211111 00:46:04.330" endtime="20211111 00:46:04.353"/>
</kw>
<kw name="Title Should Be" library="SeleniumLibrary">
<arg>My Store</arg>
<doc>Verifies that the current page title equals ``title``.</doc>
<msg timestamp="20211111 00:46:04.356" level="INFO">Page title is 'My Store'.</msg>
<status status="PASS" starttime="20211111 00:46:04.353" endtime="20211111 00:46:04.356"/>
</kw>
<status status="PASS" starttime="20211111 00:46:01.468" endtime="20211111 00:46:04.356"/>
</kw>
<status status="PASS" starttime="20211111 00:46:01.467" endtime="20211111 00:46:04.357"/>
</kw>
<kw name="Quando passo o mouse na categoria &quot;Women&quot;" sourcename="Quando passo o mouse na categoria &quot;${CATEGORIA}&quot;">
<kw name="Selecionar Item Menu &quot;${CATEGORIA}&quot;" library="Resource" sourcename="Selecionar Item Menu &quot;${CATEGORIA}&quot;">
<kw name="Wait Until Element Is Visible" library="SeleniumLibrary">
<arg>xpath=//*[@id="block_top_menu"]//a[@title="${CATEGORIA}"]</arg>
<doc>Waits until the element ``locator`` is visible.</doc>
<status status="PASS" starttime="20211111 00:46:04.358" endtime="20211111 00:46:04.375"/>
</kw>
<kw name="Mouse Over" library="SeleniumLibrary">
<arg>xpath=//*[@id="block_top_menu"]//a[@title="${CATEGORIA}"]</arg>
<doc>Simulates hovering the mouse over the element ``locator``.</doc>
<msg timestamp="20211111 00:46:04.376" level="INFO">Simulating Mouse Over on element 'xpath=//*[@id="block_top_menu"]//a[@title="Women"]'.</msg>
<status status="PASS" starttime="20211111 00:46:04.375" endtime="20211111 00:46:04.659"/>
</kw>
<status status="PASS" starttime="20211111 00:46:04.358" endtime="20211111 00:46:04.659"/>
</kw>
<status status="PASS" starttime="20211111 00:46:04.357" endtime="20211111 00:46:04.659"/>
</kw>
<kw name="E seleciono a sub-categoria &quot;Summer Dresses&quot;" sourcename="E seleciono a sub-categoria &quot;${SUBCATEGORIA}&quot;">
<kw name="Selecionar Submenu &quot;${SUBCATEGORIA}&quot;" library="Resource" sourcename="Selecionar Submenu &quot;${SUBCATEGORIA}&quot;">
<kw name="Wait Until Element Is Visible" library="SeleniumLibrary">
<arg>xpath=//*[@id="block_top_menu"]//a[@title="${SUBCATEGORIA}"]</arg>
<doc>Waits until the element ``locator`` is visible.</doc>
<status status="PASS" starttime="20211111 00:46:04.659" endtime="20211111 00:46:04.674"/>
</kw>
<kw name="Click Element" library="SeleniumLibrary">
<arg>xpath=//*[@id="block_top_menu"]//a[@title="${SUBCATEGORIA}"]</arg>
<doc>Click the element identified by ``locator``.</doc>
<msg timestamp="20211111 00:46:04.674" level="INFO">Clicking element 'xpath=//*[@id="block_top_menu"]//a[@title="Summer Dresses"]'.</msg>
<status status="PASS" starttime="20211111 00:46:04.674" endtime="20211111 00:46:08.750"/>
</kw>
<status status="PASS" starttime="20211111 00:46:04.659" endtime="20211111 00:46:08.750"/>
</kw>
<status status="PASS" starttime="20211111 00:46:04.659" endtime="20211111 00:46:08.750"/>
</kw>
<kw name="Então sou redirecionado para a página com os produtos">
<kw name="Exibir página de produtos" library="Resource">
<kw name="Wait Until Element Is Visible" library="SeleniumLibrary">
<arg>css=#center_column</arg>
<doc>Waits until the element ``locator`` is visible.</doc>
<status status="PASS" starttime="20211111 00:46:08.752" endtime="20211111 00:46:08.767"/>
</kw>
<kw name="Title Should Be" library="SeleniumLibrary">
<arg>Summer Dresses - My Store</arg>
<doc>Verifies that the current page title equals ``title``.</doc>
<msg timestamp="20211111 00:46:08.770" level="INFO">Page title is 'Summer Dresses - My Store'.</msg>
<status status="PASS" starttime="20211111 00:46:08.767" endtime="20211111 00:46:08.770"/>
</kw>
<status status="PASS" starttime="20211111 00:46:08.751" endtime="20211111 00:46:08.770"/>
</kw>
<status status="PASS" starttime="20211111 00:46:08.751" endtime="20211111 00:46:08.770"/>
</kw>
<kw name="Fechar o Navegador" library="Resource" type="TEARDOWN">
<kw name="Close Browser" library="SeleniumLibrary">
<doc>Closes the current browser.</doc>
<status status="PASS" starttime="20211111 00:46:08.770" endtime="20211111 00:46:10.853"/>
</kw>
<status status="PASS" starttime="20211111 00:46:08.770" endtime="20211111 00:46:10.853"/>
</kw>
<tag>CT-003</tag>
<status status="PASS" starttime="20211111 00:45:55.414" endtime="20211111 00:46:10.854"/>
</test>
<test id="s1-s1-t4" name="Caso de Teste 04 - Adicionar Produtos ao carrinho">
<kw name="Abrir o Navegador" library="Resource" type="SETUP">
<kw name="Open Browser" library="SeleniumLibrary">
<arg>${URL}</arg>
<arg>${BROWSER}</arg>
<doc>Opens a new browser instance to the optional ``url``.</doc>
<msg timestamp="20211111 00:46:10.856" level="INFO">Opening browser 'Chrome' to base url 'http://automationpractice.com'.</msg>
<status status="PASS" starttime="20211111 00:46:10.856" endtime="20211111 00:46:16.651"/>
</kw>
<status status="PASS" starttime="20211111 00:46:10.856" endtime="20211111 00:46:16.652"/>
</kw>
<kw name="Dado que estou na home do site">
<kw name="Acessar a Home" library="Resource">
<kw name="Go To" library="SeleniumLibrary">
<arg>${URL}</arg>
<doc>Navigates the current browser window to the provided ``url``.</doc>
<msg timestamp="20211111 00:46:16.653" level="INFO">Opening url 'http://automationpractice.com'</msg>
<status status="PASS" starttime="20211111 00:46:16.653" endtime="20211111 00:46:18.113"/>
</kw>
<kw name="Wait Until Element Is Visible" library="SeleniumLibrary">
<arg>xpath=//*[@id="block_top_menu"]/ul</arg>
<doc>Waits until the element ``locator`` is visible.</doc>
<status status="PASS" starttime="20211111 00:46:18.113" endtime="20211111 00:46:18.135"/>
</kw>
<kw name="Title Should Be" library="SeleniumLibrary">
<arg>My Store</arg>
<doc>Verifies that the current page title equals ``title``.</doc>
<msg timestamp="20211111 00:46:18.138" level="INFO">Page title is 'My Store'.</msg>
<status status="PASS" starttime="20211111 00:46:18.136" endtime="20211111 00:46:18.138"/>
</kw>
<status status="PASS" starttime="20211111 00:46:16.652" endtime="20211111 00:46:18.139"/>
</kw>
<status status="PASS" starttime="20211111 00:46:16.652" endtime="20211111 00:46:18.139"/>
</kw>
<kw name="Quando pesquiso por &quot;t-shirt&quot;" sourcename="Quando pesquiso por &quot;${PRODUTO}&quot;">
<kw name="Pesquisar &quot;${PRODUTO}&quot; no campo de busca" library="Resource" sourcename="Pesquisar &quot;${PRODUTO}&quot; no campo de busca">
<kw name="Input Text" library="SeleniumLibrary">
<arg>name=search_query</arg>
<arg>${PRODUTO}</arg>
<doc>Types the given ``text`` into the text field identified by ``locator``.</doc>
<msg timestamp="20211111 00:46:18.140" level="INFO">Typing text 't-shirt' into text field 'name=search_query'.</msg>
<status status="PASS" starttime="20211111 00:46:18.140" endtime="20211111 00:46:18.193"/>
</kw>
<kw name="Click Element" library="SeleniumLibrary">
<arg>name=submit_search</arg>
<doc>Click the element identified by ``locator``.</doc>
<msg timestamp="20211111 00:46:18.193" level="INFO">Clicking element 'name=submit_search'.</msg>
<status status="PASS" starttime="20211111 00:46:18.193" endtime="20211111 00:46:19.367"/>
</kw>
<status status="PASS" starttime="20211111 00:46:18.140" endtime="20211111 00:46:19.367"/>
</kw>
<status status="PASS" starttime="20211111 00:46:18.139" endtime="20211111 00:46:19.367"/>
</kw>
<kw name="E vejo a tela do resultado da pesquisa">
<kw name="Exibir página de pesquisa" library="Resource">
<kw name="Wait Until Element Is Visible" library="SeleniumLibrary">
<arg>css=#center_column &gt; h1</arg>
<doc>Waits until the element ``locator`` is visible.</doc>
<status status="PASS" starttime="20211111 00:46:19.368" endtime="20211111 00:46:19.384"/>
</kw>
<kw name="Title Should Be" library="SeleniumLibrary">
<arg>Search - My Store</arg>
<doc>Verifies that the current page title equals ``title``.</doc>
<msg timestamp="20211111 00:46:19.386" level="INFO">Page title is 'Search - My Store'.</msg>
<status status="PASS" starttime="20211111 00:46:19.384" endtime="20211111 00:46:19.387"/>
</kw>
<status status="PASS" starttime="20211111 00:46:19.368" endtime="20211111 00:46:19.387"/>
</kw>
<status status="PASS" starttime="20211111 00:46:19.368" endtime="20211111 00:46:19.387"/>
</kw>
<kw name="Então adiciono o produto &quot;t-shirt&quot; ao carrinho de compras">
<kw name="Adicionar ao carrinho" library="Resource">
<kw name="Wait Until Element Is Visible" library="SeleniumLibrary">
<arg>xpath=//*[@id="center_column"]//img[@alt="Faded Short Sleeve T-shirts"]</arg>
<doc>Waits until the element ``locator`` is visible.</doc>
<status status="PASS" starttime="20211111 00:46:19.387" endtime="20211111 00:46:19.401"/>
</kw>
<kw name="Click Element" library="SeleniumLibrary">
<arg>xpath=//*[@id="center_column"]//img[@alt="Faded Short Sleeve T-shirts"]</arg>
<doc>Click the element identified by ``locator``.</doc>
<msg timestamp="20211111 00:46:19.401" level="INFO">Clicking element 'xpath=//*[@id="center_column"]//img[@alt="Faded Short Sleeve T-shirts"]'.</msg>
<status status="PASS" starttime="20211111 00:46:19.401" endtime="20211111 00:46:21.100"/>
</kw>
<kw name="Wait Until Element Is Visible" library="SeleniumLibrary">
<arg>xpath=//*[@id="add_to_cart"]/button</arg>
<doc>Waits until the element ``locator`` is visible.</doc>
<status status="PASS" starttime="20211111 00:46:21.100" endtime="20211111 00:46:21.115"/>
</kw>
<kw name="Click Button" library="SeleniumLibrary">
<arg>xpath=//*[@id="add_to_cart"]/button</arg>
<doc>Clicks the button identified by ``locator``.</doc>
<msg timestamp="20211111 00:46:21.115" level="INFO">Clicking button 'xpath=//*[@id="add_to_cart"]/button'.</msg>
<status status="PASS" starttime="20211111 00:46:21.115" endtime="20211111 00:46:21.153"/>
</kw>
<status status="PASS" starttime="20211111 00:46:19.387" endtime="20211111 00:46:21.153"/>
</kw>
<status status="PASS" starttime="20211111 00:46:19.387" endtime="20211111 00:46:21.154"/>
</kw>
<kw name="E devo ser redirecionado para a tela de checkout">
<kw name="Exibir tela checkout" library="Resource">
<kw name="Wait Until Element Is Visible" library="SeleniumLibrary">
<arg>xpath=//*[@id="layer_cart"]//a[@title="Proceed to checkout"]</arg>
<doc>Waits until the element ``locator`` is visible.</doc>
<status status="PASS" starttime="20211111 00:46:21.155" endtime="20211111 00:46:22.061"/>
</kw>
<kw name="Click Element" library="SeleniumLibrary">
<arg>xpath=//*[@id="layer_cart"]//a[@title="Proceed to checkout"]</arg>
<doc>Click the element identified by ``locator``.</doc>
<msg timestamp="20211111 00:46:22.063" level="INFO">Clicking element 'xpath=//*[@id="layer_cart"]//a[@title="Proceed to checkout"]'.</msg>
<status status="PASS" starttime="20211111 00:46:22.061" endtime="20211111 00:46:23.049"/>
</kw>
<status status="PASS" starttime="20211111 00:46:21.154" endtime="20211111 00:46:23.049"/>
</kw>
<status status="PASS" starttime="20211111 00:46:21.154" endtime="20211111 00:46:23.049"/>
</kw>
<kw name="Fechar o Navegador" library="Resource" type="TEARDOWN">
<kw name="Close Browser" library="SeleniumLibrary">
<doc>Closes the current browser.</doc>
<status status="PASS" starttime="20211111 00:46:23.050" endtime="20211111 00:46:25.122"/>
</kw>
<status status="PASS" starttime="20211111 00:46:23.050" endtime="20211111 00:46:25.123"/>
</kw>
<tag>CT-004</tag>
<status status="PASS" starttime="20211111 00:46:10.855" endtime="20211111 00:46:25.124"/>
</test>
<test id="s1-s1-t5" name="Caso de Teste 05 - Remover produtos do carrinho">
<kw name="Abrir o Navegador" library="Resource" type="SETUP">
<kw name="Open Browser" library="SeleniumLibrary">
<arg>${URL}</arg>
<arg>${BROWSER}</arg>
<doc>Opens a new browser instance to the optional ``url``.</doc>
<msg timestamp="20211111 00:46:25.127" level="INFO">Opening browser 'Chrome' to base url 'http://automationpractice.com'.</msg>
<status status="PASS" starttime="20211111 00:46:25.127" endtime="20211111 00:46:30.200"/>
</kw>
<status status="PASS" starttime="20211111 00:46:25.126" endtime="20211111 00:46:30.200"/>
</kw>
<kw name="Dado que estou na home do site">
<kw name="Acessar a Home" library="Resource">
<kw name="Go To" library="SeleniumLibrary">
<arg>${URL}</arg>
<doc>Navigates the current browser window to the provided ``url``.</doc>
<msg timestamp="20211111 00:46:30.201" level="INFO">Opening url 'http://automationpractice.com'</msg>
<status status="PASS" starttime="20211111 00:46:30.201" endtime="20211111 00:46:31.639"/>
</kw>
<kw name="Wait Until Element Is Visible" library="SeleniumLibrary">
<arg>xpath=//*[@id="block_top_menu"]/ul</arg>
<doc>Waits until the element ``locator`` is visible.</doc>
<status status="PASS" starttime="20211111 00:46:31.639" endtime="20211111 00:46:31.661"/>
</kw>
<kw name="Title Should Be" library="SeleniumLibrary">
<arg>My Store</arg>
<doc>Verifies that the current page title equals ``title``.</doc>
<msg timestamp="20211111 00:46:31.664" level="INFO">Page title is 'My Store'.</msg>
<status status="PASS" starttime="20211111 00:46:31.661" endtime="20211111 00:46:31.664"/>
</kw>
<status status="PASS" starttime="20211111 00:46:30.201" endtime="20211111 00:46:31.665"/>
</kw>
<status status="PASS" starttime="20211111 00:46:30.200" endtime="20211111 00:46:31.665"/>
</kw>
<kw name="Quando clico no ícone carrinho de compras">
<kw name="Clicar no carrinho de compras" library="Resource">
<kw name="Adicionar ao carrinho" library="Resource">
<kw name="Wait Until Element Is Visible" library="SeleniumLibrary">
<arg>xpath=//*[@id="center_column"]//img[@alt="Faded Short Sleeve T-shirts"]</arg>
<doc>Waits until the element ``locator`` is visible.</doc>
<status status="PASS" starttime="20211111 00:46:31.666" endtime="20211111 00:46:31.684"/>
</kw>
<kw name="Click Element" library="SeleniumLibrary">
<arg>xpath=//*[@id="center_column"]//img[@alt="Faded Short Sleeve T-shirts"]</arg>
<doc>Click the element identified by ``locator``.</doc>
<msg timestamp="20211111 00:46:31.684" level="INFO">Clicking element 'xpath=//*[@id="center_column"]//img[@alt="Faded Short Sleeve T-shirts"]'.</msg>
<status status="PASS" starttime="20211111 00:46:31.684" endtime="20211111 00:46:33.181"/>
</kw>
<kw name="Wait Until Element Is Visible" library="SeleniumLibrary">
<arg>xpath=//*[@id="add_to_cart"]/button</arg>
<doc>Waits until the element ``locator`` is visible.</doc>
<status status="PASS" starttime="20211111 00:46:33.181" endtime="20211111 00:46:33.206"/>
</kw>
<kw name="Click Button" library="SeleniumLibrary">
<arg>xpath=//*[@id="add_to_cart"]/button</arg>
<doc>Clicks the button identified by ``locator``.</doc>
<msg timestamp="20211111 00:46:33.207" level="INFO">Clicking button 'xpath=//*[@id="add_to_cart"]/button'.</msg>
<status status="PASS" starttime="20211111 00:46:33.206" endtime="20211111 00:46:33.245"/>
</kw>
<status status="PASS" starttime="20211111 00:46:31.666" endtime="20211111 00:46:33.245"/>
</kw>
<kw name="Exibir tela checkout" library="Resource">
<kw name="Wait Until Element Is Visible" library="SeleniumLibrary">
<arg>xpath=//*[@id="layer_cart"]//a[@title="Proceed to checkout"]</arg>
<doc>Waits until the element ``locator`` is visible.</doc>
<status status="PASS" starttime="20211111 00:46:33.245" endtime="20211111 00:46:34.143"/>
</kw>
<kw name="Click Element" library="SeleniumLibrary">
<arg>xpath=//*[@id="layer_cart"]//a[@title="Proceed to checkout"]</arg>
<doc>Click the element identified by ``locator``.</doc>
<msg timestamp="20211111 00:46:34.143" level="INFO">Clicking element 'xpath=//*[@id="layer_cart"]//a[@title="Proceed to checkout"]'.</msg>
<status status="PASS" starttime="20211111 00:46:34.143" endtime="20211111 00:46:35.414"/>
</kw>
<status status="PASS" starttime="20211111 00:46:33.245" endtime="20211111 00:46:35.415"/>
</kw>
<kw name="Click Element" library="SeleniumLibrary">
<arg>xpath=//*[@title="View my shopping cart"]</arg>
<doc>Click the element identified by ``locator``.</doc>
<msg timestamp="20211111 00:46:35.415" level="INFO">Clicking element 'xpath=//*[@title="View my shopping cart"]'.</msg>
<status status="PASS" starttime="20211111 00:46:35.415" endtime="20211111 00:46:36.808"/>
</kw>
<status status="PASS" starttime="20211111 00:46:31.666" endtime="20211111 00:46:36.809"/>
</kw>
<status status="PASS" starttime="20211111 00:46:31.665" endtime="20211111 00:46:36.809"/>
</kw>
<kw name="E excluo um produto único">
<kw name="Excluir produto do carrinho" library="Resource">
<kw name="Click Element" library="SeleniumLibrary">
<arg>xpath=//*[@class="cart_quantity_delete"]</arg>
<doc>Click the element identified by ``locator``.</doc>
<msg timestamp="20211111 00:46:36.810" level="INFO">Clicking element 'xpath=//*[@class="cart_quantity_delete"]'.</msg>
<status status="PASS" starttime="20211111 00:46:36.810" endtime="20211111 00:46:36.840"/>
</kw>
<status status="PASS" starttime="20211111 00:46:36.809" endtime="20211111 00:46:36.840"/>
</kw>
<status status="PASS" starttime="20211111 00:46:36.809" endtime="20211111 00:46:36.840"/>
</kw>
<kw name="Então devo ver a mensagem de carrinho vazio &quot;Your shopping cart is empty.&quot;" sourcename="Então devo ver a mensagem de carrinho vazio &quot;${MENSAGEM_PRODUTO}&quot;">
<kw name="Exibir mensagem &quot;${MENSAGEM_PRODUTO}&quot;" library="Resource" sourcename="Exibir mensagem &quot;${MENSAGEM_PRODUTO}&quot;">
<kw name="Wait Until Element Is Visible" library="SeleniumLibrary">
<arg>xpath=//*[@id="center_column"]//p[@class="alert alert-warning"]</arg>
<doc>Waits until the element ``locator`` is visible.</doc>
<status status="PASS" starttime="20211111 00:46:36.841" endtime="20211111 00:46:38.094"/>
</kw>
<kw name="Element Text Should Be" library="SeleniumLibrary">
<arg>xpath=//*[@id="center_column"]//p[@class="alert alert-warning"]</arg>
<arg>${MENSAGEM_PRODUTO}</arg>
<doc>Verifies that element ``locator`` contains exact the text ``expected``.</doc>
<msg timestamp="20211111 00:46:38.095" level="INFO">Verifying element 'xpath=//*[@id="center_column"]//p[@class="alert alert-warning"]' contains exact text 'Your shopping cart is empty.'.</msg>
<status status="PASS" starttime="20211111 00:46:38.094" endtime="20211111 00:46:38.107"/>
</kw>
<status status="PASS" starttime="20211111 00:46:36.841" endtime="20211111 00:46:38.107"/>
</kw>
<status status="PASS" starttime="20211111 00:46:36.840" endtime="20211111 00:46:38.107"/>
</kw>
<kw name="Fechar o Navegador" library="Resource" type="TEARDOWN">
<kw name="Close Browser" library="SeleniumLibrary">
<doc>Closes the current browser.</doc>
<status status="PASS" starttime="20211111 00:46:38.108" endtime="20211111 00:46:40.184"/>
</kw>
<status status="PASS" starttime="20211111 00:46:38.108" endtime="20211111 00:46:40.185"/>
</kw>
<tag>CT-005</tag>
<status status="PASS" starttime="20211111 00:46:25.126" endtime="20211111 00:46:40.186"/>
</test>
<test id="s1-s1-t6" name="Caso de Teste 06 - Adicionar Cliente">
<kw name="Abrir o Navegador" library="Resource" type="SETUP">
<kw name="Open Browser" library="SeleniumLibrary">
<arg>${URL}</arg>
<arg>${BROWSER}</arg>
<doc>Opens a new browser instance to the optional ``url``.</doc>
<msg timestamp="20211111 00:46:40.188" level="INFO">Opening browser 'Chrome' to base url 'http://automationpractice.com'.</msg>
<status status="PASS" starttime="20211111 00:46:40.188" endtime="20211111 00:46:45.118"/>
</kw>
<status status="PASS" starttime="20211111 00:46:40.187" endtime="20211111 00:46:45.119"/>
</kw>
<kw name="Dado que estou na home do site">
<kw name="Acessar a Home" library="Resource">
<kw name="Go To" library="SeleniumLibrary">
<arg>${URL}</arg>
<doc>Navigates the current browser window to the provided ``url``.</doc>
<msg timestamp="20211111 00:46:45.120" level="INFO">Opening url 'http://automationpractice.com'</msg>
<status status="PASS" starttime="20211111 00:46:45.120" endtime="20211111 00:46:46.794"/>
</kw>
<kw name="Wait Until Element Is Visible" library="SeleniumLibrary">
<arg>xpath=//*[@id="block_top_menu"]/ul</arg>
<doc>Waits until the element ``locator`` is visible.</doc>
<status status="PASS" starttime="20211111 00:46:46.794" endtime="20211111 00:46:46.815"/>
</kw>
<kw name="Title Should Be" library="SeleniumLibrary">
<arg>My Store</arg>
<doc>Verifies that the current page title equals ``title``.</doc>
<msg timestamp="20211111 00:46:46.818" level="INFO">Page title is 'My Store'.</msg>
<status status="PASS" starttime="20211111 00:46:46.815" endtime="20211111 00:46:46.818"/>
</kw>
<status status="PASS" starttime="20211111 00:46:45.120" endtime="20211111 00:46:46.818"/>
</kw>
<status status="PASS" starttime="20211111 00:46:45.119" endtime="20211111 00:46:46.818"/>
</kw>
<kw name="Quando realizo login com um email válido">
<kw name="Fazer Login" library="Resource">
<kw name="Wait Until Element Is Visible" library="SeleniumLibrary">
<arg>xpath=//*[@id="header"]//a[contains(text(), "Sign in")]</arg>
<doc>Waits until the element ``locator`` is visible.</doc>
<status status="PASS" starttime="20211111 00:46:46.819" endtime="20211111 00:46:46.836"/>
</kw>
<kw name="Click Element" library="SeleniumLibrary">
<arg>xpath=//*[@id="header"]//*[@class="login"][contains(text(),"Sign in")]</arg>
<doc>Click the element identified by ``locator``.</doc>
<msg timestamp="20211111 00:46:46.837" level="INFO">Clicking element 'xpath=//*[@id="header"]//*[@class="login"][contains(text(),"Sign in")]'.</msg>
<status status="PASS" starttime="20211111 00:46:46.836" endtime="20211111 00:46:48.736"/>
</kw>
<kw name="Wait Until Element Is Visible" library="SeleniumLibrary">
<arg>id=email_create</arg>
<doc>Waits until the element ``locator`` is visible.</doc>
<status status="PASS" starttime="20211111 00:46:48.736" endtime="20211111 00:46:48.753"/>
</kw>
<kw name="Generate Random String" library="String">
<var>${EMAIL}</var>
<doc>Generates a string with a desired ``length`` from the given ``chars``.</doc>
<msg timestamp="20211111 00:46:48.754" level="INFO">${EMAIL} = HFibbpxv</msg>
<status status="PASS" starttime="20211111 00:46:48.753" endtime="20211111 00:46:48.754"/>
</kw>
<kw name="Input Text" library="SeleniumLibrary">
<arg>id=email_create</arg>
<arg>${EMAIL}@robot.com.br</arg>
<doc>Types the given ``text`` into the text field identified by ``locator``.</doc>
<msg timestamp="20211111 00:46:48.754" level="INFO">Typing text 'HFibbpxv@robot.com.br' into text field 'id=email_create'.</msg>
<status status="PASS" starttime="20211111 00:46:48.754" endtime="20211111 00:46:48.813"/>
</kw>
<kw name="Click Button" library="SeleniumLibrary">
<arg>id=SubmitCreate</arg>
<doc>Clicks the button identified by ``locator``.</doc>
<msg timestamp="20211111 00:46:48.813" level="INFO">Clicking button 'id=SubmitCreate'.</msg>
<status status="PASS" starttime="20211111 00:46:48.813" endtime="20211111 00:46:48.857"/>
</kw>
<status status="PASS" starttime="20211111 00:46:46.819" endtime="20211111 00:46:48.857"/>
</kw>
<status status="PASS" starttime="20211111 00:46:46.819" endtime="20211111 00:46:48.857"/>
</kw>
<kw name="E preencho os campos obrigatórios">
<kw name="Preencher formulário" library="Resource">
<kw name="Wait Until Element Is Visible" library="SeleniumLibrary">
<arg>css=#center_column &gt; h1</arg>
<doc>Waits until the element ``locator`` is visible.</doc>
<status status="PASS" starttime="20211111 00:46:48.858" endtime="20211111 00:46:48.872"/>
</kw>
<kw name="Title Should Be" library="SeleniumLibrary">
<arg>Login - My Store</arg>
<doc>Verifies that the current page title equals ``title``.</doc>
<msg timestamp="20211111 00:46:48.874" level="INFO">Page title is 'Login - My Store'.</msg>
<status status="PASS" starttime="20211111 00:46:48.872" endtime="20211111 00:46:48.874"/>
</kw>
<kw name="Wait Until Element Is Visible" library="SeleniumLibrary">
<arg>xpath=//*[@id="account-creation_form"]//h3[contains(text(),"Your personal information")]</arg>
<doc>Waits until the element ``locator`` is visible.</doc>
<status status="PASS" starttime="20211111 00:46:48.874" endtime="20211111 00:46:50.200"/>
</kw>
<kw name="Click Element" library="SeleniumLibrary">
<arg>id=id_gender1</arg>
<doc>Click the element identified by ``locator``.</doc>
<msg timestamp="20211111 00:46:50.200" level="INFO">Clicking element 'id=id_gender1'.</msg>
<status status="PASS" starttime="20211111 00:46:50.200" endtime="20211111 00:46:50.231"/>
</kw>
<kw name="Input Text" library="SeleniumLibrary">
<arg>id=customer_firstname</arg>
<arg>ANDERSON</arg>
<doc>Types the given ``text`` into the text field identified by ``locator``.</doc>
<msg timestamp="20211111 00:46:50.231" level="INFO">Typing text 'ANDERSON' into text field 'id=customer_firstname'.</msg>
<status status="PASS" starttime="20211111 00:46:50.231" endtime="20211111 00:46:50.291"/>
</kw>
<kw name="Input Text" library="SeleniumLibrary">
<arg>id=customer_lastname</arg>
<arg>NUNES</arg>
<doc>Types the given ``text`` into the text field identified by ``locator``.</doc>
<msg timestamp="20211111 00:46:50.291" level="INFO">Typing text 'NUNES' into text field 'id=customer_lastname'.</msg>
<status status="PASS" starttime="20211111 00:46:50.291" endtime="20211111 00:46:50.349"/>
</kw>
<kw name="Input Text" library="SeleniumLibrary">
<arg>id=passwd</arg>
<arg>robot</arg>
<doc>Types the given ``text`` into the text field identified by ``locator``.</doc>
<msg timestamp="20211111 00:46:50.350" level="INFO">Typing text 'robot' into text field 'id=passwd'.</msg>
<status status="PASS" starttime="20211111 00:46:50.349" endtime="20211111 00:46:50.405"/>
</kw>
<kw name="Select From List By Value" library="SeleniumLibrary">
<arg>id=days</arg>
<arg>28</arg>
<doc>Selects options from selection list ``locator`` by ``values``.</doc>
<msg timestamp="20211111 00:46:50.405" level="INFO">Selecting options from selection list 'id=days' by value 28.</msg>
<status status="PASS" starttime="20211111 00:46:50.405" endtime="20211111 00:46:50.455"/>
</kw>
<kw name="Select From List By Value" library="SeleniumLibrary">
<arg>id=months</arg>
<arg>8</arg>
<doc>Selects options from selection list ``locator`` by ``values``.</doc>
<msg timestamp="20211111 00:46:50.455" level="INFO">Selecting options from selection list 'id=months' by value 8.</msg>
<status status="PASS" starttime="20211111 00:46:50.455" endtime="20211111 00:46:50.503"/>
</kw>
<kw name="Select From List By Value" library="SeleniumLibrary">
<arg>id=years</arg>
<arg>1972</arg>
<doc>Selects options from selection list ``locator`` by ``values``.</doc>
<msg timestamp="20211111 00:46:50.504" level="INFO">Selecting options from selection list 'id=years' by value 1972.</msg>
<status status="PASS" starttime="20211111 00:46:50.503" endtime="20211111 00:46:50.540"/>
</kw>
<kw name="Click Element" library="SeleniumLibrary">
<arg>id=newsletter</arg>
<doc>Click the element identified by ``locator``.</doc>
<msg timestamp="20211111 00:46:50.541" level="INFO">Clicking element 'id=newsletter'.</msg>
<status status="PASS" starttime="20211111 00:46:50.541" endtime="20211111 00:46:50.573"/>
</kw>
<kw name="Input Text" library="SeleniumLibrary">
<arg>id=firstname</arg>
<arg>${CADASTRO.firstname}</arg>
<doc>Types the given ``text`` into the text field identified by ``locator``.</doc>
<msg timestamp="20211111 00:46:50.573" level="INFO">Typing text 'ANDERSON' into text field 'id=firstname'.</msg>
<status status="PASS" starttime="20211111 00:46:50.573" endtime="20211111 00:46:50.630"/>
</kw>
<kw name="Input Text" library="SeleniumLibrary">
<arg>id=lastname</arg>
<arg>${CADASTRO.lastname}</arg>
<doc>Types the given ``text`` into the text field identified by ``locator``.</doc>
<msg timestamp="20211111 00:46:50.631" level="INFO">Typing text 'NUNES' into text field 'id=lastname'.</msg>
<status status="PASS" starttime="20211111 00:46:50.631" endtime="20211111 00:46:50.685"/>
</kw>
<kw name="Input Text" library="SeleniumLibrary">
<arg>id=company</arg>
<arg>${CADASTRO.company}</arg>
<doc>Types the given ``text`` into the text field identified by ``locator``.</doc>
<msg timestamp="20211111 00:46:50.686" level="INFO">Typing text 'WHO DESIGNERS' into text field 'id=company'.</msg>
<status status="PASS" starttime="20211111 00:46:50.685" endtime="20211111 00:46:50.769"/>
</kw>
<kw name="Input Text" library="SeleniumLibrary">
<arg>id=address1</arg>
<arg>${CADASTRO.address1}</arg>
<doc>Types the given ``text`` into the text field identified by ``locator``.</doc>
<msg timestamp="20211111 00:46:50.769" level="INFO">Typing text 'AV. TESTE 1234' into text field 'id=address1'.</msg>
<status status="PASS" starttime="20211111 00:46:50.769" endtime="20211111 00:46:50.832"/>
</kw>
<kw name="Input Text" library="SeleniumLibrary">
<arg>id=address2</arg>
<arg>${CADASTRO.address2}</arg>
<doc>Types the given ``text`` into the text field identified by ``locator``.</doc>
<msg timestamp="20211111 00:46:50.833" level="INFO">Typing text 'BL. 4 ED. JABORANDI SL. 142' into text field 'id=address2'.</msg>
<status status="PASS" starttime="20211111 00:46:50.832" endtime="20211111 00:46:50.902"/>
</kw>
<kw name="Input Text" library="SeleniumLibrary">
<arg>id=city</arg>
<arg>${CADASTRO.city}</arg>
<doc>Types the given ``text`` into the text field identified by ``locator``.</doc>
<msg timestamp="20211111 00:46:50.903" level="INFO">Typing text 'Carapicuiba' into text field 'id=city'.</msg>
<status status="PASS" starttime="20211111 00:46:50.902" endtime="20211111 00:46:50.960"/>
</kw>
<kw name="Select From List By Value" library="SeleniumLibrary">
<arg>id=id_state</arg>
<arg>11</arg>
<doc>Selects options from selection list ``locator`` by ``values``.</doc>
<msg timestamp="20211111 00:46:50.960" level="INFO">Selecting options from selection list 'id=id_state' by value 11.</msg>
<status status="PASS" starttime="20211111 00:46:50.960" endtime="20211111 00:46:51.006"/>
</kw>
<kw name="Input Text" library="SeleniumLibrary">
<arg>id=postcode</arg>
<arg>05500</arg>
<doc>Types the given ``text`` into the text field identified by ``locator``.</doc>
<msg timestamp="20211111 00:46:51.006" level="INFO">Typing text '05500' into text field 'id=postcode'.</msg>
<status status="PASS" starttime="20211111 00:46:51.006" endtime="20211111 00:46:51.063"/>
</kw>
<kw name="Input Text" library="SeleniumLibrary">
<arg>id=other</arg>
<arg>LOREN IPSUN DOLOR SIT AMET</arg>
<doc>Types the given ``text`` into the text field identified by ``locator``.</doc>
<msg timestamp="20211111 00:46:51.063" level="INFO">Typing text 'LOREN IPSUN DOLOR SIT AMET' into text field 'id=other'.</msg>
<status status="PASS" starttime="20211111 00:46:51.063" endtime="20211111 00:46:51.133"/>
</kw>
<kw name="Input Text" library="SeleniumLibrary">
<arg>id=phone</arg>
<arg>5511999998888</arg>
<doc>Types the given ``text`` into the text field identified by ``locator``.</doc>
<msg timestamp="20211111 00:46:51.133" level="INFO">Typing text '5511999998888' into text field 'id=phone'.</msg>
<status status="PASS" starttime="20211111 00:46:51.133" endtime="20211111 00:46:51.194"/>
</kw>
<kw name="Input Text" library="SeleniumLibrary">
<arg>id=phone_mobile</arg>
<arg>55119999988888</arg>
<doc>Types the given ``text`` into the text field identified by ``locator``.</doc>
<msg timestamp="20211111 00:46:51.194" level="INFO">Typing text '55119999988888' into text field 'id=phone_mobile'.</msg>
<status status="PASS" starttime="20211111 00:46:51.194" endtime="20211111 00:46:51.256"/>
</kw>
<kw name="Input Text" library="SeleniumLibrary">
<arg>id=alias</arg>
<arg>TESTE</arg>
<doc>Types the given ``text`` into the text field identified by ``locator``.</doc>
<msg timestamp="20211111 00:46:51.256" level="INFO">Typing text 'TESTE' into text field 'id=alias'.</msg>
<status status="PASS" starttime="20211111 00:46:51.256" endtime="20211111 00:46:51.312"/>
</kw>
<status status="PASS" starttime="20211111 00:46:48.858" endtime="20211111 00:46:51.312"/>
</kw>
<status status="PASS" starttime="20211111 00:46:48.857" endtime="20211111 00:46:51.312"/>
</kw>
<kw name="Então sou redirecionado para a página de gerenciamento">
<kw name="Exibir página de gerenciamento" library="Resource">
<kw name="Click Button" library="SeleniumLibrary">
<arg>id=submitAccount</arg>
<doc>Clicks the button identified by ``locator``.</doc>
<msg timestamp="20211111 00:46:51.313" level="INFO">Clicking button 'id=submitAccount'.</msg>
<status status="PASS" starttime="20211111 00:46:51.313" endtime="20211111 00:46:52.945"/>
</kw>
<kw name="Wait Until Element Is Visible" library="SeleniumLibrary">
<arg>xpath=//*[@id="center_column"]/p</arg>
<doc>Waits until the element ``locator`` is visible.</doc>
<status status="PASS" starttime="20211111 00:46:52.946" endtime="20211111 00:46:52.962"/>
</kw>
<kw name="Element Text Should Be" library="SeleniumLibrary">
<arg>xpath=//*[@id="center_column"]/p</arg>
<arg>Welcome to your account. Here you can manage all of your personal information and orders.</arg>
<doc>Verifies that element ``locator`` contains exact the text ``expected``.</doc>
<msg timestamp="20211111 00:46:52.963" level="INFO">Verifying element 'xpath=//*[@id="center_column"]/p' contains exact text 'Welcome to your account. Here you can manage all of your personal information and orders.'.</msg>
<status status="PASS" starttime="20211111 00:46:52.962" endtime="20211111 00:46:52.976"/>
</kw>
<kw name="Element Text Should Be" library="SeleniumLibrary">
<arg>xpath=//*[@id="header"]/div[2]//div[1]/a/span</arg>
<arg>ANDERSON NUNES</arg>
<doc>Verifies that element ``locator`` contains exact the text ``expected``.</doc>
<msg timestamp="20211111 00:46:52.976" level="INFO">Verifying element 'xpath=//*[@id="header"]/div[2]//div[1]/a/span' contains exact text 'ANDERSON NUNES'.</msg>
<status status="PASS" starttime="20211111 00:46:52.976" endtime="20211111 00:46:52.991"/>
</kw>
<status status="PASS" starttime="20211111 00:46:51.312" endtime="20211111 00:46:52.991"/>
</kw>
<status status="PASS" starttime="20211111 00:46:51.312" endtime="20211111 00:46:52.991"/>
</kw>
<kw name="Fechar o Navegador" library="Resource" type="TEARDOWN">
<kw name="Close Browser" library="SeleniumLibrary">
<doc>Closes the current browser.</doc>
<status status="PASS" starttime="20211111 00:46:52.992" endtime="20211111 00:46:55.065"/>
</kw>
<status status="PASS" starttime="20211111 00:46:52.992" endtime="20211111 00:46:55.065"/>
</kw>
<tag>CT-006</tag>
<status status="PASS" starttime="20211111 00:46:40.187" endtime="20211111 00:46:55.066"/>
</test>
<doc>Tags in Robot Framework</doc>
<status status="PASS" starttime="20211111 00:45:34.381" endtime="20211111 00:46:55.067"/>
</suite>
<status status="PASS" starttime="20211111 00:45:34.360" endtime="20211111 00:46:55.070"/>
</suite>
<statistics>
<total>
<stat pass="6" fail="0" skip="0">All Tests</stat>
</total>
<tag>
<stat pass="1" fail="0" skip="0">CT-001</stat>
<stat pass="1" fail="0" skip="0">CT-002</stat>
<stat pass="1" fail="0" skip="0">CT-003</stat>
<stat pass="1" fail="0" skip="0">CT-004</stat>
<stat pass="1" fail="0" skip="0">CT-005</stat>
<stat pass="1" fail="0" skip="0">CT-006</stat>
</tag>
<suite>
<stat pass="6" fail="0" skip="0" id="s1" name="Tests">Tests</stat>
<stat pass="6" fail="0" skip="0" id="s1-s1" name="TestCurso">Tests.TestCurso</stat>
</suite>
</statistics>
<errors>
</errors>
</robot>
