<?xml version="1.0" encoding="UTF-8"?>
<robot generator="Robot 4.1.2 (Python 3.10.0 on win32)" generated="20211111 19:44:14.597" rpa="false" schemaversion="2">
<suite id="s1" name="Argumentos" source="D:\PROJETOS_GITHUB\python\Variaveis\Argumentos.robot">
<test id="s1-t1" name="Caso de Teste 01">
<kw name="Uma keyword qualquer">
<kw name="Uma subkeyword com argumentos">
<arg>${PESSOA.nome}</arg>
<arg>${PESSOA.email}</arg>
<kw name="Log" library="BuiltIn">
<arg>Username: ${NOME_USUARIO}</arg>
<doc>Logs the given message with the given level.</doc>
<msg timestamp="20211111 19:44:14.624" level="INFO">Username: Anderson</msg>
<status status="PASS" starttime="20211111 19:44:14.623" endtime="20211111 19:44:14.624"/>
</kw>
<kw name="Log" library="BuiltIn">
<arg>Email: ${EMAIL_USUARIO}</arg>
<doc>Logs the given message with the given level.</doc>
<msg timestamp="20211111 19:44:14.624" level="INFO">Email: annunes@gmail.com</msg>
<status status="PASS" starttime="20211111 19:44:14.624" endtime="20211111 19:44:14.624"/>
</kw>
<status status="PASS" starttime="20211111 19:44:14.623" endtime="20211111 19:44:14.624"/>
</kw>
<kw name="Uma subkeyword com retorno">
<var>${MENSAGEM_ALERTA}</var>
<arg>${PESSOA.nome}</arg>
<arg>${PESSOA.idade}</arg>
<kw name="Set Variable If" library="BuiltIn">
<var>${MENSAGEM}</var>
<arg>${IDADE_USUARIO} &lt; 18</arg>
<arg>Não Autorizado! O usuário ${NOME_USUARIO} é menor!</arg>
<doc>Sets variable based on the given condition.</doc>
<msg timestamp="20211111 19:44:14.625" level="INFO">${MENSAGEM} = None</msg>
<status status="PASS" starttime="20211111 19:44:14.625" endtime="20211111 19:44:14.625"/>
</kw>
<msg timestamp="20211111 19:44:14.625" level="INFO">${MENSAGEM_ALERTA} = None</msg>
<status status="PASS" starttime="20211111 19:44:14.624" endtime="20211111 19:44:14.625"/>
</kw>
<kw name="Log" library="BuiltIn">
<arg>${MENSAGEM_ALERTA}</arg>
<doc>Logs the given message with the given level.</doc>
<msg timestamp="20211111 19:44:14.625" level="INFO">None</msg>
<status status="PASS" starttime="20211111 19:44:14.625" endtime="20211111 19:44:14.625"/>
</kw>
<status status="PASS" starttime="20211111 19:44:14.622" endtime="20211111 19:44:14.626"/>
</kw>
<status status="PASS" starttime="20211111 19:44:14.622" endtime="20211111 19:44:14.626"/>
</test>
<test id="s1-t2" name="Caso de Teste 02">
<kw name="Exibe email válido">
<kw name="Criar email randomico">
<var>${EMAIL}</var>
<arg>${PESSOA.nome}</arg>
<arg>${PESSOA.sobrenome}</arg>
<kw name="Generate Random String" library="String">
<var>${STRING_EMAIL}</var>
<doc>Generates a string with a desired ``length`` from the given ``chars``.</doc>
<msg timestamp="20211111 19:44:14.628" level="INFO">${STRING_EMAIL} = loBPPJJK</msg>
<status status="PASS" starttime="20211111 19:44:14.627" endtime="20211111 19:44:14.628"/>
</kw>
<kw name="Set Variable" library="BuiltIn">
<var>${RANDOM_EMAIL}</var>
<arg>${NOME}${SOBRENOME}${STRING_EMAIL}@gmail.com</arg>
<doc>Returns the given values which can then be assigned to a variables.</doc>
<msg timestamp="20211111 19:44:14.628" level="INFO">${RANDOM_EMAIL} = AndersonNunesloBPPJJK@gmail.com</msg>
<status status="PASS" starttime="20211111 19:44:14.628" endtime="20211111 19:44:14.628"/>
</kw>
<kw name="Log" library="BuiltIn">
<arg>${RANDOM_EMAIL}</arg>
<doc>Logs the given message with the given level.</doc>
<msg timestamp="20211111 19:44:14.628" level="INFO">AndersonNunesloBPPJJK@gmail.com</msg>
<status status="PASS" starttime="20211111 19:44:14.628" endtime="20211111 19:44:14.628"/>
</kw>
<msg timestamp="20211111 19:44:14.628" level="INFO">${EMAIL} = AndersonNunesloBPPJJK@gmail.com</msg>
<status status="PASS" starttime="20211111 19:44:14.627" endtime="20211111 19:44:14.628"/>
</kw>
<kw name="Log" library="BuiltIn">
<arg>${EMAIL}</arg>
<doc>Logs the given message with the given level.</doc>
<msg timestamp="20211111 19:44:14.628" level="INFO">AndersonNunesloBPPJJK@gmail.com</msg>
<status status="PASS" starttime="20211111 19:44:14.628" endtime="20211111 19:44:14.629"/>
</kw>
<status status="PASS" starttime="20211111 19:44:14.627" endtime="20211111 19:44:14.629"/>
</kw>
<status status="PASS" starttime="20211111 19:44:14.626" endtime="20211111 19:44:14.629"/>
</test>
<doc>Exemplo de uso de variáveis passadas como argumentos para keywords</doc>
<status status="PASS" starttime="20211111 19:44:14.598" endtime="20211111 19:44:14.629"/>
</suite>
<statistics>
<total>
<stat pass="2" fail="0" skip="0">All Tests</stat>
</total>
<tag>
</tag>
<suite>
<stat pass="2" fail="0" skip="0" id="s1" name="Argumentos">Argumentos</stat>
</suite>
</statistics>
<errors>
</errors>
</robot>
